[4.612s] Invoking command in '/home/dora/dora_ros2_ws/robot_ws/src/wheel_controller': PYTHONPATH=/home/dora/dora_ros2_ws/robot_ws/build/wheel_controller/prefix_override:/usr/lib/python3/dist-packages/colcon_core/task/python/colcon_distutils_commands:/home/dora/dora_ros2_ws/robot_ws/install/wheel_controller/lib/python3.10/site-packages:${PYTHONPATH} /usr/bin/python3 -W ignore:setup.py install is deprecated setup.py egg_info --egg-base ../../build/wheel_controller build --build-base /home/dora/dora_ros2_ws/robot_ws/build/wheel_controller/build install --record /home/dora/dora_ros2_ws/robot_ws/build/wheel_controller/install.log --single-version-externally-managed install_data
[5.869s] running egg_info
[5.871s] writing ../../build/wheel_controller/wheel_controller.egg-info/PKG-INFO
[5.873s] writing dependency_links to ../../build/wheel_controller/wheel_controller.egg-info/dependency_links.txt
[5.874s] writing entry points to ../../build/wheel_controller/wheel_controller.egg-info/entry_points.txt
[5.875s] writing requirements to ../../build/wheel_controller/wheel_controller.egg-info/requires.txt
[5.875s] writing top-level names to ../../build/wheel_controller/wheel_controller.egg-info/top_level.txt
[5.884s] reading manifest file '../../build/wheel_controller/wheel_controller.egg-info/SOURCES.txt'
[5.888s] writing manifest file '../../build/wheel_controller/wheel_controller.egg-info/SOURCES.txt'
[5.889s] running build
[5.890s] running build_py
[5.891s] running install
[5.892s] running install_lib
[5.897s] running install_data
[5.898s] running install_egg_info
[5.905s] removing '/home/dora/dora_ros2_ws/robot_ws/install/wheel_controller/lib/python3.10/site-packages/wheel_controller-0.0.0-py3.10.egg-info' (and everything under it)
[5.909s] Copying ../../build/wheel_controller/wheel_controller.egg-info to /home/dora/dora_ros2_ws/robot_ws/install/wheel_controller/lib/python3.10/site-packages/wheel_controller-0.0.0-py3.10.egg-info
[5.915s] running install_scripts
[5.991s] Installing wheel_controller script to /home/dora/dora_ros2_ws/robot_ws/install/wheel_controller/lib/wheel_controller
[5.993s] writing list of installed files to '/home/dora/dora_ros2_ws/robot_ws/build/wheel_controller/install.log'
[6.121s] Invoked command in '/home/dora/dora_ros2_ws/robot_ws/src/wheel_controller' returned '0': PYTHONPATH=/home/dora/dora_ros2_ws/robot_ws/build/wheel_controller/prefix_override:/usr/lib/python3/dist-packages/colcon_core/task/python/colcon_distutils_commands:/home/dora/dora_ros2_ws/robot_ws/install/wheel_controller/lib/python3.10/site-packages:${PYTHONPATH} /usr/bin/python3 -W ignore:setup.py install is deprecated setup.py egg_info --egg-base ../../build/wheel_controller build --build-base /home/dora/dora_ros2_ws/robot_ws/build/wheel_controller/build install --record /home/dora/dora_ros2_ws/robot_ws/build/wheel_controller/install.log --single-version-externally-managed install_data
