[2.933s] Invoking command in '/home/dora/dora_ros2_ws/robot_ws/src/wheel_controller': PYTHONPATH=/home/dora/dora_ros2_ws/robot_ws/build/wheel_controller/prefix_override:/usr/lib/python3/dist-packages/colcon_core/task/python/colcon_distutils_commands:/home/dora/dora_ros2_ws/robot_ws/install/wheel_controller/lib/python3.10/site-packages:${PYTHONPATH} /usr/bin/python3 -W ignore:setup.py install is deprecated setup.py egg_info --egg-base ../../build/wheel_controller build --build-base /home/dora/dora_ros2_ws/robot_ws/build/wheel_controller/build install --record /home/dora/dora_ros2_ws/robot_ws/build/wheel_controller/install.log --single-version-externally-managed install_data
[4.038s] running egg_info
[4.040s] writing ../../build/wheel_controller/wheel_controller.egg-info/PKG-INFO
[4.041s] writing dependency_links to ../../build/wheel_controller/wheel_controller.egg-info/dependency_links.txt
[4.042s] writing entry points to ../../build/wheel_controller/wheel_controller.egg-info/entry_points.txt
[4.043s] writing requirements to ../../build/wheel_controller/wheel_controller.egg-info/requires.txt
[4.044s] writing top-level names to ../../build/wheel_controller/wheel_controller.egg-info/top_level.txt
[4.052s] reading manifest file '../../build/wheel_controller/wheel_controller.egg-info/SOURCES.txt'
[4.056s] writing manifest file '../../build/wheel_controller/wheel_controller.egg-info/SOURCES.txt'
[4.057s] running build
[4.057s] running build_py
[4.058s] copying wheel_controller/wheel_controller.py -> /home/dora/dora_ros2_ws/robot_ws/build/wheel_controller/build/lib/wheel_controller
[4.059s] running install
[4.060s] running install_lib
[4.064s] copying /home/dora/dora_ros2_ws/robot_ws/build/wheel_controller/build/lib/wheel_controller/wheel_controller.py -> /home/dora/dora_ros2_ws/robot_ws/install/wheel_controller/lib/python3.10/site-packages/wheel_controller
[4.067s] byte-compiling /home/dora/dora_ros2_ws/robot_ws/install/wheel_controller/lib/python3.10/site-packages/wheel_controller/wheel_controller.py to wheel_controller.cpython-310.pyc
[4.074s] running install_data
[4.075s] running install_egg_info
[4.082s] removing '/home/dora/dora_ros2_ws/robot_ws/install/wheel_controller/lib/python3.10/site-packages/wheel_controller-0.0.0-py3.10.egg-info' (and everything under it)
[4.084s] Copying ../../build/wheel_controller/wheel_controller.egg-info to /home/dora/dora_ros2_ws/robot_ws/install/wheel_controller/lib/python3.10/site-packages/wheel_controller-0.0.0-py3.10.egg-info
[4.090s] running install_scripts
[4.166s] Installing wheel_controller script to /home/dora/dora_ros2_ws/robot_ws/install/wheel_controller/lib/wheel_controller
[4.168s] writing list of installed files to '/home/dora/dora_ros2_ws/robot_ws/build/wheel_controller/install.log'
[4.293s] Invoked command in '/home/dora/dora_ros2_ws/robot_ws/src/wheel_controller' returned '0': PYTHONPATH=/home/dora/dora_ros2_ws/robot_ws/build/wheel_controller/prefix_override:/usr/lib/python3/dist-packages/colcon_core/task/python/colcon_distutils_commands:/home/dora/dora_ros2_ws/robot_ws/install/wheel_controller/lib/python3.10/site-packages:${PYTHONPATH} /usr/bin/python3 -W ignore:setup.py install is deprecated setup.py egg_info --egg-base ../../build/wheel_controller build --build-base /home/dora/dora_ros2_ws/robot_ws/build/wheel_controller/build install --record /home/dora/dora_ros2_ws/robot_ws/build/wheel_controller/install.log --single-version-externally-managed install_data
