[0.490s] DEBUG:colcon:Command line arguments: ['/usr/bin/colcon', 'build', '--packages-select', 'wheel_controller']
[0.490s] DEBUG:colcon:Parsed command line arguments: Namespace(log_base=None, log_level=None, verb_name='build', build_base='build', install_base='install', merge_install=False, symlink_install=False, test_result_base=None, continue_on_error=False, executor='parallel', parallel_workers=4, event_handlers=None, ignore_user_meta=False, metas=['./colcon.meta'], base_paths=['.'], packages_ignore=None, packages_ignore_regex=None, paths=None, packages_up_to=None, packages_up_to_regex=None, packages_above=None, packages_above_and_dependencies=None, packages_above_depth=None, packages_select_by_dep=None, packages_skip_by_dep=None, packages_skip_up_to=None, packages_select_build_failed=False, packages_skip_build_finished=False, packages_select_test_failures=False, packages_skip_test_passed=False, packages_select=['wheel_controller'], packages_skip=None, packages_select_regex=None, packages_skip_regex=None, packages_start=None, packages_end=None, allow_overriding=[], cmake_args=None, cmake_target=None, cmake_target_skip_unavailable=False, cmake_clean_cache=False, cmake_clean_first=False, cmake_force_configure=False, ament_cmake_args=None, catkin_cmake_args=None, catkin_skip_building_tests=False, verb_parser=<colcon_defaults.argument_parser.defaults.DefaultArgumentsDecorator object at 0xffffb698f400>, verb_extension=<colcon_core.verb.build.BuildVerb object at 0xffffb6b20550>, main=<bound method BuildVerb.main of <colcon_core.verb.build.BuildVerb object at 0xffffb6b20550>>)
[1.255s] Level 1:colcon.colcon_core.package_discovery:discover_packages(colcon_meta) check parameters
[1.255s] Level 1:colcon.colcon_core.package_discovery:discover_packages(recursive) check parameters
[1.256s] Level 1:colcon.colcon_core.package_discovery:discover_packages(ignore) check parameters
[1.256s] Level 1:colcon.colcon_core.package_discovery:discover_packages(path) check parameters
[1.256s] Level 1:colcon.colcon_core.package_discovery:discover_packages(colcon_meta) discover
[1.256s] Level 1:colcon.colcon_core.package_discovery:discover_packages(recursive) discover
[1.256s] INFO:colcon.colcon_core.package_discovery:Crawling recursively for packages in '/home/dora/dora_ros2_ws/robot_ws'
[1.257s] Level 1:colcon.colcon_core.package_identification:_identify(.) by extensions ['ignore', 'ignore_ament_install']
[1.257s] Level 1:colcon.colcon_core.package_identification:_identify(.) by extension 'ignore'
[1.257s] Level 1:colcon.colcon_core.package_identification:_identify(.) by extension 'ignore_ament_install'
[1.258s] Level 1:colcon.colcon_core.package_identification:_identify(.) by extensions ['colcon_pkg']
[1.258s] Level 1:colcon.colcon_core.package_identification:_identify(.) by extension 'colcon_pkg'
[1.258s] Level 1:colcon.colcon_core.package_identification:_identify(.) by extensions ['colcon_meta']
[1.258s] Level 1:colcon.colcon_core.package_identification:_identify(.) by extension 'colcon_meta'
[1.258s] Level 1:colcon.colcon_core.package_identification:_identify(.) by extensions ['ros']
[1.259s] Level 1:colcon.colcon_core.package_identification:_identify(.) by extension 'ros'
[1.306s] Level 1:colcon.colcon_core.package_identification:_identify(.) by extensions ['cmake', 'python']
[1.307s] Level 1:colcon.colcon_core.package_identification:_identify(.) by extension 'cmake'
[1.307s] Level 1:colcon.colcon_core.package_identification:_identify(.) by extension 'python'
[1.307s] Level 1:colcon.colcon_core.package_identification:_identify(.) by extensions ['python_setup_py']
[1.307s] Level 1:colcon.colcon_core.package_identification:_identify(.) by extension 'python_setup_py'
[1.308s] Level 1:colcon.colcon_core.package_identification:_identify(build) by extensions ['ignore', 'ignore_ament_install']
[1.308s] Level 1:colcon.colcon_core.package_identification:_identify(build) by extension 'ignore'
[1.308s] Level 1:colcon.colcon_core.package_identification:_identify(build) ignored
[1.309s] Level 1:colcon.colcon_core.package_identification:_identify(install) by extensions ['ignore', 'ignore_ament_install']
[1.309s] Level 1:colcon.colcon_core.package_identification:_identify(install) by extension 'ignore'
[1.310s] Level 1:colcon.colcon_core.package_identification:_identify(install) ignored
[1.311s] Level 1:colcon.colcon_core.package_identification:_identify(log) by extensions ['ignore', 'ignore_ament_install']
[1.311s] Level 1:colcon.colcon_core.package_identification:_identify(log) by extension 'ignore'
[1.311s] Level 1:colcon.colcon_core.package_identification:_identify(log) ignored
[1.312s] Level 1:colcon.colcon_core.package_identification:_identify(src) by extensions ['ignore', 'ignore_ament_install']
[1.312s] Level 1:colcon.colcon_core.package_identification:_identify(src) by extension 'ignore'
[1.312s] Level 1:colcon.colcon_core.package_identification:_identify(src) by extension 'ignore_ament_install'
[1.313s] Level 1:colcon.colcon_core.package_identification:_identify(src) by extensions ['colcon_pkg']
[1.313s] Level 1:colcon.colcon_core.package_identification:_identify(src) by extension 'colcon_pkg'
[1.313s] Level 1:colcon.colcon_core.package_identification:_identify(src) by extensions ['colcon_meta']
[1.313s] Level 1:colcon.colcon_core.package_identification:_identify(src) by extension 'colcon_meta'
[1.313s] Level 1:colcon.colcon_core.package_identification:_identify(src) by extensions ['ros']
[1.313s] Level 1:colcon.colcon_core.package_identification:_identify(src) by extension 'ros'
[1.314s] Level 1:colcon.colcon_core.package_identification:_identify(src) by extensions ['cmake', 'python']
[1.314s] Level 1:colcon.colcon_core.package_identification:_identify(src) by extension 'cmake'
[1.314s] Level 1:colcon.colcon_core.package_identification:_identify(src) by extension 'python'
[1.314s] Level 1:colcon.colcon_core.package_identification:_identify(src) by extensions ['python_setup_py']
[1.314s] Level 1:colcon.colcon_core.package_identification:_identify(src) by extension 'python_setup_py'
[1.315s] Level 1:colcon.colcon_core.package_identification:_identify(src/encoder_odometry) by extensions ['ignore', 'ignore_ament_install']
[1.315s] Level 1:colcon.colcon_core.package_identification:_identify(src/encoder_odometry) by extension 'ignore'
[1.316s] Level 1:colcon.colcon_core.package_identification:_identify(src/encoder_odometry) by extension 'ignore_ament_install'
[1.316s] Level 1:colcon.colcon_core.package_identification:_identify(src/encoder_odometry) by extensions ['colcon_pkg']
[1.316s] Level 1:colcon.colcon_core.package_identification:_identify(src/encoder_odometry) by extension 'colcon_pkg'
[1.316s] Level 1:colcon.colcon_core.package_identification:_identify(src/encoder_odometry) by extensions ['colcon_meta']
[1.316s] Level 1:colcon.colcon_core.package_identification:_identify(src/encoder_odometry) by extension 'colcon_meta'
[1.316s] Level 1:colcon.colcon_core.package_identification:_identify(src/encoder_odometry) by extensions ['ros']
[1.317s] Level 1:colcon.colcon_core.package_identification:_identify(src/encoder_odometry) by extension 'ros'
[1.326s] DEBUG:colcon.colcon_core.package_identification:Package 'src/encoder_odometry' with type 'ros.ament_python' and name 'encoder_odometry'
[1.327s] Level 1:colcon.colcon_core.package_identification:_identify(src/encoder_odometrytest) by extensions ['ignore', 'ignore_ament_install']
[1.328s] Level 1:colcon.colcon_core.package_identification:_identify(src/encoder_odometrytest) by extension 'ignore'
[1.328s] Level 1:colcon.colcon_core.package_identification:_identify(src/encoder_odometrytest) by extension 'ignore_ament_install'
[1.328s] Level 1:colcon.colcon_core.package_identification:_identify(src/encoder_odometrytest) by extensions ['colcon_pkg']
[1.328s] Level 1:colcon.colcon_core.package_identification:_identify(src/encoder_odometrytest) by extension 'colcon_pkg'
[1.328s] Level 1:colcon.colcon_core.package_identification:_identify(src/encoder_odometrytest) by extensions ['colcon_meta']
[1.329s] Level 1:colcon.colcon_core.package_identification:_identify(src/encoder_odometrytest) by extension 'colcon_meta'
[1.329s] Level 1:colcon.colcon_core.package_identification:_identify(src/encoder_odometrytest) by extensions ['ros']
[1.329s] Level 1:colcon.colcon_core.package_identification:_identify(src/encoder_odometrytest) by extension 'ros'
[1.333s] DEBUG:colcon.colcon_core.package_identification:Package 'src/encoder_odometrytest' with type 'ros.ament_python' and name 'encoder_odometrytest'
[1.334s] Level 1:colcon.colcon_core.package_identification:_identify(src/rplidar_ros) by extensions ['ignore', 'ignore_ament_install']
[1.335s] Level 1:colcon.colcon_core.package_identification:_identify(src/rplidar_ros) by extension 'ignore'
[1.335s] Level 1:colcon.colcon_core.package_identification:_identify(src/rplidar_ros) by extension 'ignore_ament_install'
[1.336s] Level 1:colcon.colcon_core.package_identification:_identify(src/rplidar_ros) by extensions ['colcon_pkg']
[1.336s] Level 1:colcon.colcon_core.package_identification:_identify(src/rplidar_ros) by extension 'colcon_pkg'
[1.336s] Level 1:colcon.colcon_core.package_identification:_identify(src/rplidar_ros) by extensions ['colcon_meta']
[1.336s] Level 1:colcon.colcon_core.package_identification:_identify(src/rplidar_ros) by extension 'colcon_meta'
[1.337s] Level 1:colcon.colcon_core.package_identification:_identify(src/rplidar_ros) by extensions ['ros']
[1.337s] Level 1:colcon.colcon_core.package_identification:_identify(src/rplidar_ros) by extension 'ros'
[1.339s] DEBUG:colcon.colcon_core.package_identification:Package 'src/rplidar_ros' with type 'ros.ament_cmake' and name 'rplidar_ros'
[1.340s] Level 1:colcon.colcon_core.package_identification:_identify(src/serial_coms) by extensions ['ignore', 'ignore_ament_install']
[1.341s] Level 1:colcon.colcon_core.package_identification:_identify(src/serial_coms) by extension 'ignore'
[1.341s] Level 1:colcon.colcon_core.package_identification:_identify(src/serial_coms) by extension 'ignore_ament_install'
[1.342s] Level 1:colcon.colcon_core.package_identification:_identify(src/serial_coms) by extensions ['colcon_pkg']
[1.342s] Level 1:colcon.colcon_core.package_identification:_identify(src/serial_coms) by extension 'colcon_pkg'
[1.342s] Level 1:colcon.colcon_core.package_identification:_identify(src/serial_coms) by extensions ['colcon_meta']
[1.342s] Level 1:colcon.colcon_core.package_identification:_identify(src/serial_coms) by extension 'colcon_meta'
[1.343s] Level 1:colcon.colcon_core.package_identification:_identify(src/serial_coms) by extensions ['ros']
[1.343s] Level 1:colcon.colcon_core.package_identification:_identify(src/serial_coms) by extension 'ros'
[1.345s] DEBUG:colcon.colcon_core.package_identification:Package 'src/serial_coms' with type 'ros.ament_python' and name 'serial_coms'
[1.346s] Level 1:colcon.colcon_core.package_identification:_identify(src/velocity_controller) by extensions ['ignore', 'ignore_ament_install']
[1.346s] Level 1:colcon.colcon_core.package_identification:_identify(src/velocity_controller) by extension 'ignore'
[1.346s] Level 1:colcon.colcon_core.package_identification:_identify(src/velocity_controller) by extension 'ignore_ament_install'
[1.347s] Level 1:colcon.colcon_core.package_identification:_identify(src/velocity_controller) by extensions ['colcon_pkg']
[1.347s] Level 1:colcon.colcon_core.package_identification:_identify(src/velocity_controller) by extension 'colcon_pkg'
[1.347s] Level 1:colcon.colcon_core.package_identification:_identify(src/velocity_controller) by extensions ['colcon_meta']
[1.347s] Level 1:colcon.colcon_core.package_identification:_identify(src/velocity_controller) by extension 'colcon_meta'
[1.347s] Level 1:colcon.colcon_core.package_identification:_identify(src/velocity_controller) by extensions ['ros']
[1.347s] Level 1:colcon.colcon_core.package_identification:_identify(src/velocity_controller) by extension 'ros'
[1.350s] DEBUG:colcon.colcon_core.package_identification:Package 'src/velocity_controller' with type 'ros.ament_python' and name 'velocity_controller'
[1.350s] Level 1:colcon.colcon_core.package_identification:_identify(src/wheel_controller) by extensions ['ignore', 'ignore_ament_install']
[1.351s] Level 1:colcon.colcon_core.package_identification:_identify(src/wheel_controller) by extension 'ignore'
[1.351s] Level 1:colcon.colcon_core.package_identification:_identify(src/wheel_controller) by extension 'ignore_ament_install'
[1.351s] Level 1:colcon.colcon_core.package_identification:_identify(src/wheel_controller) by extensions ['colcon_pkg']
[1.351s] Level 1:colcon.colcon_core.package_identification:_identify(src/wheel_controller) by extension 'colcon_pkg'
[1.351s] Level 1:colcon.colcon_core.package_identification:_identify(src/wheel_controller) by extensions ['colcon_meta']
[1.352s] Level 1:colcon.colcon_core.package_identification:_identify(src/wheel_controller) by extension 'colcon_meta'
[1.352s] Level 1:colcon.colcon_core.package_identification:_identify(src/wheel_controller) by extensions ['ros']
[1.352s] Level 1:colcon.colcon_core.package_identification:_identify(src/wheel_controller) by extension 'ros'
[1.354s] DEBUG:colcon.colcon_core.package_identification:Package 'src/wheel_controller' with type 'ros.ament_python' and name 'wheel_controller'
[1.354s] Level 1:colcon.colcon_core.package_discovery:discover_packages(recursive) using defaults
[1.355s] Level 1:colcon.colcon_core.package_discovery:discover_packages(ignore) discover
[1.355s] Level 1:colcon.colcon_core.package_discovery:discover_packages(ignore) using defaults
[1.355s] Level 1:colcon.colcon_core.package_discovery:discover_packages(path) discover
[1.355s] Level 1:colcon.colcon_core.package_discovery:discover_packages(path) using defaults
[1.443s] INFO:colcon.colcon_core.package_selection:Skipping not selected package 'encoder_odometry' in 'src/encoder_odometry'
[1.443s] INFO:colcon.colcon_core.package_selection:Skipping not selected package 'encoder_odometrytest' in 'src/encoder_odometrytest'
[1.443s] INFO:colcon.colcon_core.package_selection:Skipping not selected package 'rplidar_ros' in 'src/rplidar_ros'
[1.443s] INFO:colcon.colcon_core.package_selection:Skipping not selected package 'serial_coms' in 'src/serial_coms'
[1.443s] INFO:colcon.colcon_core.package_selection:Skipping not selected package 'velocity_controller' in 'src/velocity_controller'
[1.445s] Level 1:colcon.colcon_core.package_discovery:discover_packages(prefix_path) check parameters
[1.445s] Level 1:colcon.colcon_core.package_discovery:discover_packages(prefix_path) discover
[1.457s] DEBUG:colcon.colcon_installed_package_information.package_discovery:Found 6 installed packages in /home/dora/dora_ros2_ws/robot_ws/install
[1.464s] DEBUG:colcon.colcon_installed_package_information.package_discovery:Found 204 installed packages in /opt/ros/humble
[1.469s] Level 1:colcon.colcon_core.package_discovery:discover_packages(prefix_path) using defaults
[1.596s] Level 5:colcon.colcon_core.verb:set package 'wheel_controller' build argument 'cmake_args' from command line to 'None'
[1.596s] Level 5:colcon.colcon_core.verb:set package 'wheel_controller' build argument 'cmake_target' from command line to 'None'
[1.596s] Level 5:colcon.colcon_core.verb:set package 'wheel_controller' build argument 'cmake_target_skip_unavailable' from command line to 'False'
[1.596s] Level 5:colcon.colcon_core.verb:set package 'wheel_controller' build argument 'cmake_clean_cache' from command line to 'False'
[1.596s] Level 5:colcon.colcon_core.verb:set package 'wheel_controller' build argument 'cmake_clean_first' from command line to 'False'
[1.597s] Level 5:colcon.colcon_core.verb:set package 'wheel_controller' build argument 'cmake_force_configure' from command line to 'False'
[1.597s] Level 5:colcon.colcon_core.verb:set package 'wheel_controller' build argument 'ament_cmake_args' from command line to 'None'
[1.597s] Level 5:colcon.colcon_core.verb:set package 'wheel_controller' build argument 'catkin_cmake_args' from command line to 'None'
[1.597s] Level 5:colcon.colcon_core.verb:set package 'wheel_controller' build argument 'catkin_skip_building_tests' from command line to 'False'
[1.597s] DEBUG:colcon.colcon_core.verb:Building package 'wheel_controller' with the following arguments: {'ament_cmake_args': None, 'build_base': '/home/dora/dora_ros2_ws/robot_ws/build/wheel_controller', 'catkin_cmake_args': None, 'catkin_skip_building_tests': False, 'cmake_args': None, 'cmake_clean_cache': False, 'cmake_clean_first': False, 'cmake_force_configure': False, 'cmake_target': None, 'cmake_target_skip_unavailable': False, 'install_base': '/home/dora/dora_ros2_ws/robot_ws/install/wheel_controller', 'merge_install': False, 'path': '/home/dora/dora_ros2_ws/robot_ws/src/wheel_controller', 'symlink_install': False, 'test_result_base': None}
[1.598s] INFO:colcon.colcon_core.executor:Executing jobs using 'parallel' executor
[1.602s] DEBUG:colcon.colcon_parallel_executor.executor.parallel:run_until_complete
[1.603s] INFO:colcon.colcon_ros.task.ament_python.build:Building ROS package in '/home/dora/dora_ros2_ws/robot_ws/src/wheel_controller' with build type 'ament_python'
[1.603s] Level 1:colcon.colcon_core.shell:create_environment_hook('wheel_controller', 'ament_prefix_path')
[1.613s] INFO:colcon.colcon_core.plugin_system:Skipping extension 'colcon_core.shell.bat': Not used on non-Windows systems
[1.615s] INFO:colcon.colcon_core.shell:Creating environment hook '/home/dora/dora_ros2_ws/robot_ws/install/wheel_controller/share/wheel_controller/hook/ament_prefix_path.ps1'
[1.617s] INFO:colcon.colcon_core.shell:Creating environment descriptor '/home/dora/dora_ros2_ws/robot_ws/install/wheel_controller/share/wheel_controller/hook/ament_prefix_path.dsv'
[1.619s] INFO:colcon.colcon_core.shell:Creating environment hook '/home/dora/dora_ros2_ws/robot_ws/install/wheel_controller/share/wheel_controller/hook/ament_prefix_path.sh'
[1.623s] INFO:colcon.colcon_core.shell:Skip shell extension 'powershell' for command environment: Not usable outside of PowerShell
[1.623s] DEBUG:colcon.colcon_core.shell:Skip shell extension 'dsv' for command environment
[2.887s] INFO:colcon.colcon_core.task.python.build:Building Python package in '/home/dora/dora_ros2_ws/robot_ws/src/wheel_controller'
[2.888s] INFO:colcon.colcon_core.shell:Skip shell extension 'powershell' for command environment: Not usable outside of PowerShell
[2.888s] DEBUG:colcon.colcon_core.shell:Skip shell extension 'dsv' for command environment
[4.589s] DEBUG:colcon.colcon_core.event_handler.log_command:Invoking command in '/home/dora/dora_ros2_ws/robot_ws/src/wheel_controller': PYTHONPATH=/home/dora/dora_ros2_ws/robot_ws/build/wheel_controller/prefix_override:/usr/lib/python3/dist-packages/colcon_core/task/python/colcon_distutils_commands:/home/dora/dora_ros2_ws/robot_ws/install/wheel_controller/lib/python3.10/site-packages:${PYTHONPATH} /usr/bin/python3 -W ignore:setup.py install is deprecated setup.py egg_info --egg-base ../../build/wheel_controller build --build-base /home/dora/dora_ros2_ws/robot_ws/build/wheel_controller/build install --record /home/dora/dora_ros2_ws/robot_ws/build/wheel_controller/install.log --single-version-externally-managed install_data
[5.959s] DEBUG:colcon.colcon_core.event_handler.log_command:Invoked command in '/home/dora/dora_ros2_ws/robot_ws/src/wheel_controller' returned '0': PYTHONPATH=/home/dora/dora_ros2_ws/robot_ws/build/wheel_controller/prefix_override:/usr/lib/python3/dist-packages/colcon_core/task/python/colcon_distutils_commands:/home/dora/dora_ros2_ws/robot_ws/install/wheel_controller/lib/python3.10/site-packages:${PYTHONPATH} /usr/bin/python3 -W ignore:setup.py install is deprecated setup.py egg_info --egg-base ../../build/wheel_controller build --build-base /home/dora/dora_ros2_ws/robot_ws/build/wheel_controller/build install --record /home/dora/dora_ros2_ws/robot_ws/build/wheel_controller/install.log --single-version-externally-managed install_data
[5.971s] Level 1:colcon.colcon_core.environment:checking '/home/dora/dora_ros2_ws/robot_ws/install/wheel_controller' for CMake module files
[5.974s] Level 1:colcon.colcon_core.environment:checking '/home/dora/dora_ros2_ws/robot_ws/install/wheel_controller' for CMake config files
[5.978s] Level 1:colcon.colcon_core.environment:checking '/home/dora/dora_ros2_ws/robot_ws/install/wheel_controller/lib'
[5.978s] Level 1:colcon.colcon_core.environment:checking '/home/dora/dora_ros2_ws/robot_ws/install/wheel_controller/bin'
[5.979s] Level 1:colcon.colcon_core.environment:checking '/home/dora/dora_ros2_ws/robot_ws/install/wheel_controller/lib/pkgconfig/wheel_controller.pc'
[5.980s] Level 1:colcon.colcon_core.environment:checking '/home/dora/dora_ros2_ws/robot_ws/install/wheel_controller/lib/python3.10/site-packages'
[5.980s] Level 1:colcon.colcon_core.shell:create_environment_hook('wheel_controller', 'pythonpath')
[5.981s] INFO:colcon.colcon_core.shell:Creating environment hook '/home/dora/dora_ros2_ws/robot_ws/install/wheel_controller/share/wheel_controller/hook/pythonpath.ps1'
[5.983s] INFO:colcon.colcon_core.shell:Creating environment descriptor '/home/dora/dora_ros2_ws/robot_ws/install/wheel_controller/share/wheel_controller/hook/pythonpath.dsv'
[5.984s] INFO:colcon.colcon_core.shell:Creating environment hook '/home/dora/dora_ros2_ws/robot_ws/install/wheel_controller/share/wheel_controller/hook/pythonpath.sh'
[5.987s] Level 1:colcon.colcon_core.environment:checking '/home/dora/dora_ros2_ws/robot_ws/install/wheel_controller/bin'
[5.988s] Level 1:colcon.colcon_core.environment:create_environment_scripts_only(wheel_controller)
[5.989s] INFO:colcon.colcon_core.shell:Creating package script '/home/dora/dora_ros2_ws/robot_ws/install/wheel_controller/share/wheel_controller/package.ps1'
[5.992s] INFO:colcon.colcon_core.shell:Creating package descriptor '/home/dora/dora_ros2_ws/robot_ws/install/wheel_controller/share/wheel_controller/package.dsv'
[5.995s] INFO:colcon.colcon_core.shell:Creating package script '/home/dora/dora_ros2_ws/robot_ws/install/wheel_controller/share/wheel_controller/package.sh'
[5.998s] INFO:colcon.colcon_core.shell:Creating package script '/home/dora/dora_ros2_ws/robot_ws/install/wheel_controller/share/wheel_controller/package.bash'
[6.001s] INFO:colcon.colcon_core.shell:Creating package script '/home/dora/dora_ros2_ws/robot_ws/install/wheel_controller/share/wheel_controller/package.zsh'
[6.004s] Level 1:colcon.colcon_core.environment:create_file_with_runtime_dependencies(/home/dora/dora_ros2_ws/robot_ws/install/wheel_controller/share/colcon-core/packages/wheel_controller)
[6.006s] DEBUG:colcon.colcon_parallel_executor.executor.parallel:closing loop
[6.007s] DEBUG:colcon.colcon_parallel_executor.executor.parallel:loop closed
[6.008s] DEBUG:colcon.colcon_parallel_executor.executor.parallel:run_until_complete finished with '0'
[6.008s] DEBUG:colcon.colcon_core.event_reactor:joining thread
[6.033s] INFO:colcon.colcon_core.plugin_system:Skipping extension 'colcon_notification.desktop_notification.terminal_notifier': Not used on non-Darwin systems
[6.033s] INFO:colcon.colcon_core.plugin_system:Skipping extension 'colcon_notification.desktop_notification.win32': Not used on non-Windows systems
[6.033s] INFO:colcon.colcon_notification.desktop_notification:Sending desktop notification using 'notify2'
