[1.631s] DEBUG:colcon:Command line arguments: ['/usr/bin/colcon', 'build']
[1.632s] DEBUG:colcon:Parsed command line arguments: Namespace(log_base=None, log_level=None, verb_name='build', build_base='build', install_base='install', merge_install=False, symlink_install=False, test_result_base=None, continue_on_error=False, executor='parallel', parallel_workers=4, event_handlers=None, ignore_user_meta=False, metas=['./colcon.meta'], base_paths=['.'], packages_ignore=None, packages_ignore_regex=None, paths=None, packages_up_to=None, packages_up_to_regex=None, packages_above=None, packages_above_and_dependencies=None, packages_above_depth=None, packages_select_by_dep=None, packages_skip_by_dep=None, packages_skip_up_to=None, packages_select_build_failed=False, packages_skip_build_finished=False, packages_select_test_failures=False, packages_skip_test_passed=False, packages_select=None, packages_skip=None, packages_select_regex=None, packages_skip_regex=None, packages_start=None, packages_end=None, allow_overriding=[], cmake_args=None, cmake_target=None, cmake_target_skip_unavailable=False, cmake_clean_cache=False, cmake_clean_first=False, cmake_force_configure=False, ament_cmake_args=None, catkin_cmake_args=None, catkin_skip_building_tests=False, verb_parser=<colcon_defaults.argument_parser.defaults.DefaultArgumentsDecorator object at 0xffffb631b940>, verb_extension=<colcon_core.verb.build.BuildVerb object at 0xffffb62685b0>, main=<bound method BuildVerb.main of <colcon_core.verb.build.BuildVerb object at 0xffffb62685b0>>)
[4.315s] Level 1:colcon.colcon_core.package_discovery:discover_packages(colcon_meta) check parameters
[4.315s] Level 1:colcon.colcon_core.package_discovery:discover_packages(recursive) check parameters
[4.316s] Level 1:colcon.colcon_core.package_discovery:discover_packages(ignore) check parameters
[4.316s] Level 1:colcon.colcon_core.package_discovery:discover_packages(path) check parameters
[4.316s] Level 1:colcon.colcon_core.package_discovery:discover_packages(colcon_meta) discover
[4.317s] Level 1:colcon.colcon_core.package_discovery:discover_packages(recursive) discover
[4.317s] INFO:colcon.colcon_core.package_discovery:Crawling recursively for packages in '/home/dora/dora_ros2_ws/robot_ws'
[4.318s] Level 1:colcon.colcon_core.package_identification:_identify(.) by extensions ['ignore', 'ignore_ament_install']
[4.319s] Level 1:colcon.colcon_core.package_identification:_identify(.) by extension 'ignore'
[4.319s] Level 1:colcon.colcon_core.package_identification:_identify(.) by extension 'ignore_ament_install'
[4.320s] Level 1:colcon.colcon_core.package_identification:_identify(.) by extensions ['colcon_pkg']
[4.320s] Level 1:colcon.colcon_core.package_identification:_identify(.) by extension 'colcon_pkg'
[4.321s] Level 1:colcon.colcon_core.package_identification:_identify(.) by extensions ['colcon_meta']
[4.321s] Level 1:colcon.colcon_core.package_identification:_identify(.) by extension 'colcon_meta'
[4.322s] Level 1:colcon.colcon_core.package_identification:_identify(.) by extensions ['ros']
[4.322s] Level 1:colcon.colcon_core.package_identification:_identify(.) by extension 'ros'
[4.429s] Level 1:colcon.colcon_core.package_identification:_identify(.) by extensions ['cmake', 'python']
[4.432s] Level 1:colcon.colcon_core.package_identification:_identify(.) by extension 'cmake'
[4.433s] Level 1:colcon.colcon_core.package_identification:_identify(.) by extension 'python'
[4.434s] Level 1:colcon.colcon_core.package_identification:_identify(.) by extensions ['python_setup_py']
[4.434s] Level 1:colcon.colcon_core.package_identification:_identify(.) by extension 'python_setup_py'
[4.436s] Level 1:colcon.colcon_core.package_identification:_identify(build) by extensions ['ignore', 'ignore_ament_install']
[4.437s] Level 1:colcon.colcon_core.package_identification:_identify(build) by extension 'ignore'
[4.437s] Level 1:colcon.colcon_core.package_identification:_identify(build) ignored
[4.439s] Level 1:colcon.colcon_core.package_identification:_identify(install) by extensions ['ignore', 'ignore_ament_install']
[4.439s] Level 1:colcon.colcon_core.package_identification:_identify(install) by extension 'ignore'
[4.440s] Level 1:colcon.colcon_core.package_identification:_identify(install) ignored
[4.443s] Level 1:colcon.colcon_core.package_identification:_identify(log) by extensions ['ignore', 'ignore_ament_install']
[4.443s] Level 1:colcon.colcon_core.package_identification:_identify(log) by extension 'ignore'
[4.444s] Level 1:colcon.colcon_core.package_identification:_identify(log) ignored
[4.445s] Level 1:colcon.colcon_core.package_identification:_identify(src) by extensions ['ignore', 'ignore_ament_install']
[4.446s] Level 1:colcon.colcon_core.package_identification:_identify(src) by extension 'ignore'
[4.447s] Level 1:colcon.colcon_core.package_identification:_identify(src) by extension 'ignore_ament_install'
[4.448s] Level 1:colcon.colcon_core.package_identification:_identify(src) by extensions ['colcon_pkg']
[4.448s] Level 1:colcon.colcon_core.package_identification:_identify(src) by extension 'colcon_pkg'
[4.449s] Level 1:colcon.colcon_core.package_identification:_identify(src) by extensions ['colcon_meta']
[4.450s] Level 1:colcon.colcon_core.package_identification:_identify(src) by extension 'colcon_meta'
[4.451s] Level 1:colcon.colcon_core.package_identification:_identify(src) by extensions ['ros']
[4.451s] Level 1:colcon.colcon_core.package_identification:_identify(src) by extension 'ros'
[4.453s] Level 1:colcon.colcon_core.package_identification:_identify(src) by extensions ['cmake', 'python']
[4.454s] Level 1:colcon.colcon_core.package_identification:_identify(src) by extension 'cmake'
[4.454s] Level 1:colcon.colcon_core.package_identification:_identify(src) by extension 'python'
[4.455s] Level 1:colcon.colcon_core.package_identification:_identify(src) by extensions ['python_setup_py']
[4.455s] Level 1:colcon.colcon_core.package_identification:_identify(src) by extension 'python_setup_py'
[4.456s] Level 1:colcon.colcon_core.package_identification:_identify(src/encoder_odometry) by extensions ['ignore', 'ignore_ament_install']
[4.457s] Level 1:colcon.colcon_core.package_identification:_identify(src/encoder_odometry) by extension 'ignore'
[4.458s] Level 1:colcon.colcon_core.package_identification:_identify(src/encoder_odometry) by extension 'ignore_ament_install'
[4.458s] Level 1:colcon.colcon_core.package_identification:_identify(src/encoder_odometry) by extensions ['colcon_pkg']
[4.459s] Level 1:colcon.colcon_core.package_identification:_identify(src/encoder_odometry) by extension 'colcon_pkg'
[4.460s] Level 1:colcon.colcon_core.package_identification:_identify(src/encoder_odometry) by extensions ['colcon_meta']
[4.460s] Level 1:colcon.colcon_core.package_identification:_identify(src/encoder_odometry) by extension 'colcon_meta'
[4.461s] Level 1:colcon.colcon_core.package_identification:_identify(src/encoder_odometry) by extensions ['ros']
[4.461s] Level 1:colcon.colcon_core.package_identification:_identify(src/encoder_odometry) by extension 'ros'
[4.503s] DEBUG:colcon.colcon_core.package_identification:Package 'src/encoder_odometry' with type 'ros.ament_python' and name 'encoder_odometry'
[4.505s] Level 1:colcon.colcon_core.package_identification:_identify(src/encoder_odometrytest) by extensions ['ignore', 'ignore_ament_install']
[4.514s] Level 1:colcon.colcon_core.package_identification:_identify(src/encoder_odometrytest) by extension 'ignore'
[4.514s] Level 1:colcon.colcon_core.package_identification:_identify(src/encoder_odometrytest) by extension 'ignore_ament_install'
[4.515s] Level 1:colcon.colcon_core.package_identification:_identify(src/encoder_odometrytest) by extensions ['colcon_pkg']
[4.515s] Level 1:colcon.colcon_core.package_identification:_identify(src/encoder_odometrytest) by extension 'colcon_pkg'
[4.516s] Level 1:colcon.colcon_core.package_identification:_identify(src/encoder_odometrytest) by extensions ['colcon_meta']
[4.516s] Level 1:colcon.colcon_core.package_identification:_identify(src/encoder_odometrytest) by extension 'colcon_meta'
[4.517s] Level 1:colcon.colcon_core.package_identification:_identify(src/encoder_odometrytest) by extensions ['ros']
[4.517s] Level 1:colcon.colcon_core.package_identification:_identify(src/encoder_odometrytest) by extension 'ros'
[4.535s] DEBUG:colcon.colcon_core.package_identification:Package 'src/encoder_odometrytest' with type 'ros.ament_python' and name 'encoder_odometrytest'
[4.536s] Level 1:colcon.colcon_core.package_identification:_identify(src/rplidar_ros) by extensions ['ignore', 'ignore_ament_install']
[4.538s] Level 1:colcon.colcon_core.package_identification:_identify(src/rplidar_ros) by extension 'ignore'
[4.538s] Level 1:colcon.colcon_core.package_identification:_identify(src/rplidar_ros) by extension 'ignore_ament_install'
[4.540s] Level 1:colcon.colcon_core.package_identification:_identify(src/rplidar_ros) by extensions ['colcon_pkg']
[4.540s] Level 1:colcon.colcon_core.package_identification:_identify(src/rplidar_ros) by extension 'colcon_pkg'
[4.545s] Level 1:colcon.colcon_core.package_identification:_identify(src/rplidar_ros) by extensions ['colcon_meta']
[4.545s] Level 1:colcon.colcon_core.package_identification:_identify(src/rplidar_ros) by extension 'colcon_meta'
[4.546s] Level 1:colcon.colcon_core.package_identification:_identify(src/rplidar_ros) by extensions ['ros']
[4.546s] Level 1:colcon.colcon_core.package_identification:_identify(src/rplidar_ros) by extension 'ros'
[4.560s] DEBUG:colcon.colcon_core.package_identification:Package 'src/rplidar_ros' with type 'ros.ament_cmake' and name 'rplidar_ros'
[4.562s] Level 1:colcon.colcon_core.package_identification:_identify(src/serial_coms) by extensions ['ignore', 'ignore_ament_install']
[4.563s] Level 1:colcon.colcon_core.package_identification:_identify(src/serial_coms) by extension 'ignore'
[4.564s] Level 1:colcon.colcon_core.package_identification:_identify(src/serial_coms) by extension 'ignore_ament_install'
[4.565s] Level 1:colcon.colcon_core.package_identification:_identify(src/serial_coms) by extensions ['colcon_pkg']
[4.566s] Level 1:colcon.colcon_core.package_identification:_identify(src/serial_coms) by extension 'colcon_pkg'
[4.566s] Level 1:colcon.colcon_core.package_identification:_identify(src/serial_coms) by extensions ['colcon_meta']
[4.567s] Level 1:colcon.colcon_core.package_identification:_identify(src/serial_coms) by extension 'colcon_meta'
[4.567s] Level 1:colcon.colcon_core.package_identification:_identify(src/serial_coms) by extensions ['ros']
[4.568s] Level 1:colcon.colcon_core.package_identification:_identify(src/serial_coms) by extension 'ros'
[4.583s] DEBUG:colcon.colcon_core.package_identification:Package 'src/serial_coms' with type 'ros.ament_python' and name 'serial_coms'
[4.585s] Level 1:colcon.colcon_core.package_identification:_identify(src/velocity_controller) by extensions ['ignore', 'ignore_ament_install']
[4.585s] Level 1:colcon.colcon_core.package_identification:_identify(src/velocity_controller) by extension 'ignore'
[4.586s] Level 1:colcon.colcon_core.package_identification:_identify(src/velocity_controller) by extension 'ignore_ament_install'
[4.587s] Level 1:colcon.colcon_core.package_identification:_identify(src/velocity_controller) by extensions ['colcon_pkg']
[4.587s] Level 1:colcon.colcon_core.package_identification:_identify(src/velocity_controller) by extension 'colcon_pkg'
[4.588s] Level 1:colcon.colcon_core.package_identification:_identify(src/velocity_controller) by extensions ['colcon_meta']
[4.588s] Level 1:colcon.colcon_core.package_identification:_identify(src/velocity_controller) by extension 'colcon_meta'
[4.588s] Level 1:colcon.colcon_core.package_identification:_identify(src/velocity_controller) by extensions ['ros']
[4.589s] Level 1:colcon.colcon_core.package_identification:_identify(src/velocity_controller) by extension 'ros'
[4.602s] DEBUG:colcon.colcon_core.package_identification:Package 'src/velocity_controller' with type 'ros.ament_python' and name 'velocity_controller'
[4.603s] Level 1:colcon.colcon_core.package_identification:_identify(src/wheel_controller) by extensions ['ignore', 'ignore_ament_install']
[4.604s] Level 1:colcon.colcon_core.package_identification:_identify(src/wheel_controller) by extension 'ignore'
[4.604s] Level 1:colcon.colcon_core.package_identification:_identify(src/wheel_controller) by extension 'ignore_ament_install'
[4.606s] Level 1:colcon.colcon_core.package_identification:_identify(src/wheel_controller) by extensions ['colcon_pkg']
[4.606s] Level 1:colcon.colcon_core.package_identification:_identify(src/wheel_controller) by extension 'colcon_pkg'
[4.607s] Level 1:colcon.colcon_core.package_identification:_identify(src/wheel_controller) by extensions ['colcon_meta']
[4.608s] Level 1:colcon.colcon_core.package_identification:_identify(src/wheel_controller) by extension 'colcon_meta'
[4.609s] Level 1:colcon.colcon_core.package_identification:_identify(src/wheel_controller) by extensions ['ros']
[4.621s] Level 1:colcon.colcon_core.package_identification:_identify(src/wheel_controller) by extension 'ros'
[4.626s] DEBUG:colcon.colcon_core.package_identification:Package 'src/wheel_controller' with type 'ros.ament_python' and name 'wheel_controller'
[4.626s] Level 1:colcon.colcon_core.package_discovery:discover_packages(recursive) using defaults
[4.627s] Level 1:colcon.colcon_core.package_discovery:discover_packages(ignore) discover
[4.627s] Level 1:colcon.colcon_core.package_discovery:discover_packages(ignore) using defaults
[4.628s] Level 1:colcon.colcon_core.package_discovery:discover_packages(path) discover
[4.628s] Level 1:colcon.colcon_core.package_discovery:discover_packages(path) using defaults
[4.907s] Level 1:colcon.colcon_core.package_discovery:discover_packages(prefix_path) check parameters
[4.907s] Level 1:colcon.colcon_core.package_discovery:discover_packages(prefix_path) discover
[4.953s] DEBUG:colcon.colcon_installed_package_information.package_discovery:Found 8 installed packages in /home/dora/dora_ros2_ws/robot_ws/install
[4.962s] DEBUG:colcon.colcon_installed_package_information.package_discovery:Found 204 installed packages in /opt/ros/humble
[4.968s] Level 1:colcon.colcon_core.package_discovery:discover_packages(prefix_path) using defaults
[5.279s] Level 5:colcon.colcon_core.verb:set package 'encoder_odometry' build argument 'cmake_args' from command line to 'None'
[5.280s] Level 5:colcon.colcon_core.verb:set package 'encoder_odometry' build argument 'cmake_target' from command line to 'None'
[5.281s] Level 5:colcon.colcon_core.verb:set package 'encoder_odometry' build argument 'cmake_target_skip_unavailable' from command line to 'False'
[5.281s] Level 5:colcon.colcon_core.verb:set package 'encoder_odometry' build argument 'cmake_clean_cache' from command line to 'False'
[5.282s] Level 5:colcon.colcon_core.verb:set package 'encoder_odometry' build argument 'cmake_clean_first' from command line to 'False'
[5.282s] Level 5:colcon.colcon_core.verb:set package 'encoder_odometry' build argument 'cmake_force_configure' from command line to 'False'
[5.283s] Level 5:colcon.colcon_core.verb:set package 'encoder_odometry' build argument 'ament_cmake_args' from command line to 'None'
[5.284s] Level 5:colcon.colcon_core.verb:set package 'encoder_odometry' build argument 'catkin_cmake_args' from command line to 'None'
[5.284s] Level 5:colcon.colcon_core.verb:set package 'encoder_odometry' build argument 'catkin_skip_building_tests' from command line to 'False'
[5.285s] DEBUG:colcon.colcon_core.verb:Building package 'encoder_odometry' with the following arguments: {'ament_cmake_args': None, 'build_base': '/home/dora/dora_ros2_ws/robot_ws/build/encoder_odometry', 'catkin_cmake_args': None, 'catkin_skip_building_tests': False, 'cmake_args': None, 'cmake_clean_cache': False, 'cmake_clean_first': False, 'cmake_force_configure': False, 'cmake_target': None, 'cmake_target_skip_unavailable': False, 'install_base': '/home/dora/dora_ros2_ws/robot_ws/install/encoder_odometry', 'merge_install': False, 'path': '/home/dora/dora_ros2_ws/robot_ws/src/encoder_odometry', 'symlink_install': False, 'test_result_base': None}
[5.287s] Level 5:colcon.colcon_core.verb:set package 'encoder_odometrytest' build argument 'cmake_args' from command line to 'None'
[5.288s] Level 5:colcon.colcon_core.verb:set package 'encoder_odometrytest' build argument 'cmake_target' from command line to 'None'
[5.288s] Level 5:colcon.colcon_core.verb:set package 'encoder_odometrytest' build argument 'cmake_target_skip_unavailable' from command line to 'False'
[5.289s] Level 5:colcon.colcon_core.verb:set package 'encoder_odometrytest' build argument 'cmake_clean_cache' from command line to 'False'
[5.289s] Level 5:colcon.colcon_core.verb:set package 'encoder_odometrytest' build argument 'cmake_clean_first' from command line to 'False'
[5.290s] Level 5:colcon.colcon_core.verb:set package 'encoder_odometrytest' build argument 'cmake_force_configure' from command line to 'False'
[5.290s] Level 5:colcon.colcon_core.verb:set package 'encoder_odometrytest' build argument 'ament_cmake_args' from command line to 'None'
[5.291s] Level 5:colcon.colcon_core.verb:set package 'encoder_odometrytest' build argument 'catkin_cmake_args' from command line to 'None'
[5.291s] Level 5:colcon.colcon_core.verb:set package 'encoder_odometrytest' build argument 'catkin_skip_building_tests' from command line to 'False'
[5.291s] DEBUG:colcon.colcon_core.verb:Building package 'encoder_odometrytest' with the following arguments: {'ament_cmake_args': None, 'build_base': '/home/dora/dora_ros2_ws/robot_ws/build/encoder_odometrytest', 'catkin_cmake_args': None, 'catkin_skip_building_tests': False, 'cmake_args': None, 'cmake_clean_cache': False, 'cmake_clean_first': False, 'cmake_force_configure': False, 'cmake_target': None, 'cmake_target_skip_unavailable': False, 'install_base': '/home/dora/dora_ros2_ws/robot_ws/install/encoder_odometrytest', 'merge_install': False, 'path': '/home/dora/dora_ros2_ws/robot_ws/src/encoder_odometrytest', 'symlink_install': False, 'test_result_base': None}
[5.294s] Level 5:colcon.colcon_core.verb:set package 'rplidar_ros' build argument 'cmake_args' from command line to 'None'
[5.294s] Level 5:colcon.colcon_core.verb:set package 'rplidar_ros' build argument 'cmake_target' from command line to 'None'
[5.294s] Level 5:colcon.colcon_core.verb:set package 'rplidar_ros' build argument 'cmake_target_skip_unavailable' from command line to 'False'
[5.294s] Level 5:colcon.colcon_core.verb:set package 'rplidar_ros' build argument 'cmake_clean_cache' from command line to 'False'
[5.294s] Level 5:colcon.colcon_core.verb:set package 'rplidar_ros' build argument 'cmake_clean_first' from command line to 'False'
[5.295s] Level 5:colcon.colcon_core.verb:set package 'rplidar_ros' build argument 'cmake_force_configure' from command line to 'False'
[5.295s] Level 5:colcon.colcon_core.verb:set package 'rplidar_ros' build argument 'ament_cmake_args' from command line to 'None'
[5.295s] Level 5:colcon.colcon_core.verb:set package 'rplidar_ros' build argument 'catkin_cmake_args' from command line to 'None'
[5.295s] Level 5:colcon.colcon_core.verb:set package 'rplidar_ros' build argument 'catkin_skip_building_tests' from command line to 'False'
[5.295s] DEBUG:colcon.colcon_core.verb:Building package 'rplidar_ros' with the following arguments: {'ament_cmake_args': None, 'build_base': '/home/dora/dora_ros2_ws/robot_ws/build/rplidar_ros', 'catkin_cmake_args': None, 'catkin_skip_building_tests': False, 'cmake_args': None, 'cmake_clean_cache': False, 'cmake_clean_first': False, 'cmake_force_configure': False, 'cmake_target': None, 'cmake_target_skip_unavailable': False, 'install_base': '/home/dora/dora_ros2_ws/robot_ws/install/rplidar_ros', 'merge_install': False, 'path': '/home/dora/dora_ros2_ws/robot_ws/src/rplidar_ros', 'symlink_install': False, 'test_result_base': None}
[5.297s] Level 5:colcon.colcon_core.verb:set package 'serial_coms' build argument 'cmake_args' from command line to 'None'
[5.298s] Level 5:colcon.colcon_core.verb:set package 'serial_coms' build argument 'cmake_target' from command line to 'None'
[5.298s] Level 5:colcon.colcon_core.verb:set package 'serial_coms' build argument 'cmake_target_skip_unavailable' from command line to 'False'
[5.298s] Level 5:colcon.colcon_core.verb:set package 'serial_coms' build argument 'cmake_clean_cache' from command line to 'False'
[5.299s] Level 5:colcon.colcon_core.verb:set package 'serial_coms' build argument 'cmake_clean_first' from command line to 'False'
[5.299s] Level 5:colcon.colcon_core.verb:set package 'serial_coms' build argument 'cmake_force_configure' from command line to 'False'
[5.300s] Level 5:colcon.colcon_core.verb:set package 'serial_coms' build argument 'ament_cmake_args' from command line to 'None'
[5.300s] Level 5:colcon.colcon_core.verb:set package 'serial_coms' build argument 'catkin_cmake_args' from command line to 'None'
[5.301s] Level 5:colcon.colcon_core.verb:set package 'serial_coms' build argument 'catkin_skip_building_tests' from command line to 'False'
[5.301s] DEBUG:colcon.colcon_core.verb:Building package 'serial_coms' with the following arguments: {'ament_cmake_args': None, 'build_base': '/home/dora/dora_ros2_ws/robot_ws/build/serial_coms', 'catkin_cmake_args': None, 'catkin_skip_building_tests': False, 'cmake_args': None, 'cmake_clean_cache': False, 'cmake_clean_first': False, 'cmake_force_configure': False, 'cmake_target': None, 'cmake_target_skip_unavailable': False, 'install_base': '/home/dora/dora_ros2_ws/robot_ws/install/serial_coms', 'merge_install': False, 'path': '/home/dora/dora_ros2_ws/robot_ws/src/serial_coms', 'symlink_install': False, 'test_result_base': None}
[5.304s] Level 5:colcon.colcon_core.verb:set package 'velocity_controller' build argument 'cmake_args' from command line to 'None'
[5.304s] Level 5:colcon.colcon_core.verb:set package 'velocity_controller' build argument 'cmake_target' from command line to 'None'
[5.305s] Level 5:colcon.colcon_core.verb:set package 'velocity_controller' build argument 'cmake_target_skip_unavailable' from command line to 'False'
[5.305s] Level 5:colcon.colcon_core.verb:set package 'velocity_controller' build argument 'cmake_clean_cache' from command line to 'False'
[5.305s] Level 5:colcon.colcon_core.verb:set package 'velocity_controller' build argument 'cmake_clean_first' from command line to 'False'
[5.306s] Level 5:colcon.colcon_core.verb:set package 'velocity_controller' build argument 'cmake_force_configure' from command line to 'False'
[5.306s] Level 5:colcon.colcon_core.verb:set package 'velocity_controller' build argument 'ament_cmake_args' from command line to 'None'
[5.306s] Level 5:colcon.colcon_core.verb:set package 'velocity_controller' build argument 'catkin_cmake_args' from command line to 'None'
[5.307s] Level 5:colcon.colcon_core.verb:set package 'velocity_controller' build argument 'catkin_skip_building_tests' from command line to 'False'
[5.307s] DEBUG:colcon.colcon_core.verb:Building package 'velocity_controller' with the following arguments: {'ament_cmake_args': None, 'build_base': '/home/dora/dora_ros2_ws/robot_ws/build/velocity_controller', 'catkin_cmake_args': None, 'catkin_skip_building_tests': False, 'cmake_args': None, 'cmake_clean_cache': False, 'cmake_clean_first': False, 'cmake_force_configure': False, 'cmake_target': None, 'cmake_target_skip_unavailable': False, 'install_base': '/home/dora/dora_ros2_ws/robot_ws/install/velocity_controller', 'merge_install': False, 'path': '/home/dora/dora_ros2_ws/robot_ws/src/velocity_controller', 'symlink_install': False, 'test_result_base': None}
[5.310s] Level 5:colcon.colcon_core.verb:set package 'wheel_controller' build argument 'cmake_args' from command line to 'None'
[5.310s] Level 5:colcon.colcon_core.verb:set package 'wheel_controller' build argument 'cmake_target' from command line to 'None'
[5.311s] Level 5:colcon.colcon_core.verb:set package 'wheel_controller' build argument 'cmake_target_skip_unavailable' from command line to 'False'
[5.311s] Level 5:colcon.colcon_core.verb:set package 'wheel_controller' build argument 'cmake_clean_cache' from command line to 'False'
[5.312s] Level 5:colcon.colcon_core.verb:set package 'wheel_controller' build argument 'cmake_clean_first' from command line to 'False'
[5.312s] Level 5:colcon.colcon_core.verb:set package 'wheel_controller' build argument 'cmake_force_configure' from command line to 'False'
[5.312s] Level 5:colcon.colcon_core.verb:set package 'wheel_controller' build argument 'ament_cmake_args' from command line to 'None'
[5.313s] Level 5:colcon.colcon_core.verb:set package 'wheel_controller' build argument 'catkin_cmake_args' from command line to 'None'
[5.313s] Level 5:colcon.colcon_core.verb:set package 'wheel_controller' build argument 'catkin_skip_building_tests' from command line to 'False'
[5.314s] DEBUG:colcon.colcon_core.verb:Building package 'wheel_controller' with the following arguments: {'ament_cmake_args': None, 'build_base': '/home/dora/dora_ros2_ws/robot_ws/build/wheel_controller', 'catkin_cmake_args': None, 'catkin_skip_building_tests': False, 'cmake_args': None, 'cmake_clean_cache': False, 'cmake_clean_first': False, 'cmake_force_configure': False, 'cmake_target': None, 'cmake_target_skip_unavailable': False, 'install_base': '/home/dora/dora_ros2_ws/robot_ws/install/wheel_controller', 'merge_install': False, 'path': '/home/dora/dora_ros2_ws/robot_ws/src/wheel_controller', 'symlink_install': False, 'test_result_base': None}
[5.315s] INFO:colcon.colcon_core.executor:Executing jobs using 'parallel' executor
[5.320s] DEBUG:colcon.colcon_parallel_executor.executor.parallel:run_until_complete
[5.322s] INFO:colcon.colcon_ros.task.ament_python.build:Building ROS package in '/home/dora/dora_ros2_ws/robot_ws/src/encoder_odometry' with build type 'ament_python'
[5.323s] Level 1:colcon.colcon_core.shell:create_environment_hook('encoder_odometry', 'ament_prefix_path')
[5.378s] INFO:colcon.colcon_core.plugin_system:Skipping extension 'colcon_core.shell.bat': Not used on non-Windows systems
[5.380s] INFO:colcon.colcon_core.shell:Creating environment hook '/home/dora/dora_ros2_ws/robot_ws/install/encoder_odometry/share/encoder_odometry/hook/ament_prefix_path.ps1'
[5.386s] INFO:colcon.colcon_core.shell:Creating environment descriptor '/home/dora/dora_ros2_ws/robot_ws/install/encoder_odometry/share/encoder_odometry/hook/ament_prefix_path.dsv'
[5.395s] INFO:colcon.colcon_core.shell:Creating environment hook '/home/dora/dora_ros2_ws/robot_ws/install/encoder_odometry/share/encoder_odometry/hook/ament_prefix_path.sh'
[5.405s] INFO:colcon.colcon_core.shell:Skip shell extension 'powershell' for command environment: Not usable outside of PowerShell
[5.406s] DEBUG:colcon.colcon_core.shell:Skip shell extension 'dsv' for command environment
[5.482s] INFO:colcon.colcon_ros.task.ament_python.build:Building ROS package in '/home/dora/dora_ros2_ws/robot_ws/src/encoder_odometrytest' with build type 'ament_python'
[5.482s] Level 1:colcon.colcon_core.shell:create_environment_hook('encoder_odometrytest', 'ament_prefix_path')
[5.484s] INFO:colcon.colcon_core.shell:Creating environment hook '/home/dora/dora_ros2_ws/robot_ws/install/encoder_odometrytest/share/encoder_odometrytest/hook/ament_prefix_path.ps1'
[5.487s] INFO:colcon.colcon_core.shell:Creating environment descriptor '/home/dora/dora_ros2_ws/robot_ws/install/encoder_odometrytest/share/encoder_odometrytest/hook/ament_prefix_path.dsv'
[5.492s] INFO:colcon.colcon_core.shell:Creating environment hook '/home/dora/dora_ros2_ws/robot_ws/install/encoder_odometrytest/share/encoder_odometrytest/hook/ament_prefix_path.sh'
[5.499s] INFO:colcon.colcon_core.shell:Skip shell extension 'powershell' for command environment: Not usable outside of PowerShell
[5.499s] DEBUG:colcon.colcon_core.shell:Skip shell extension 'dsv' for command environment
[5.551s] INFO:colcon.colcon_ros.task.ament_cmake.build:Building ROS package in '/home/dora/dora_ros2_ws/robot_ws/src/rplidar_ros' with build type 'ament_cmake'
[5.552s] INFO:colcon.colcon_cmake.task.cmake.build:Building CMake package in '/home/dora/dora_ros2_ws/robot_ws/src/rplidar_ros'
[5.553s] INFO:colcon.colcon_core.shell:Skip shell extension 'powershell' for command environment: Not usable outside of PowerShell
[5.554s] DEBUG:colcon.colcon_core.shell:Skip shell extension 'dsv' for command environment
[5.602s] INFO:colcon.colcon_ros.task.ament_python.build:Building ROS package in '/home/dora/dora_ros2_ws/robot_ws/src/serial_coms' with build type 'ament_python'
[5.603s] Level 1:colcon.colcon_core.shell:create_environment_hook('serial_coms', 'ament_prefix_path')
[5.604s] INFO:colcon.colcon_core.shell:Creating environment hook '/home/dora/dora_ros2_ws/robot_ws/install/serial_coms/share/serial_coms/hook/ament_prefix_path.ps1'
[5.608s] INFO:colcon.colcon_core.shell:Creating environment descriptor '/home/dora/dora_ros2_ws/robot_ws/install/serial_coms/share/serial_coms/hook/ament_prefix_path.dsv'
[5.611s] INFO:colcon.colcon_core.shell:Creating environment hook '/home/dora/dora_ros2_ws/robot_ws/install/serial_coms/share/serial_coms/hook/ament_prefix_path.sh'
[5.619s] INFO:colcon.colcon_core.shell:Skip shell extension 'powershell' for command environment: Not usable outside of PowerShell
[5.620s] DEBUG:colcon.colcon_core.shell:Skip shell extension 'dsv' for command environment
[8.311s] INFO:colcon.colcon_core.task.python.build:Building Python package in '/home/dora/dora_ros2_ws/robot_ws/src/encoder_odometry'
[8.325s] INFO:colcon.colcon_core.shell:Skip shell extension 'powershell' for command environment: Not usable outside of PowerShell
[8.327s] DEBUG:colcon.colcon_core.shell:Skip shell extension 'dsv' for command environment
[10.897s] INFO:colcon.colcon_core.task.python.build:Building Python package in '/home/dora/dora_ros2_ws/robot_ws/src/encoder_odometrytest'
[10.900s] INFO:colcon.colcon_core.shell:Skip shell extension 'powershell' for command environment: Not usable outside of PowerShell
[10.903s] DEBUG:colcon.colcon_core.shell:Skip shell extension 'dsv' for command environment
[10.967s] DEBUG:colcon.colcon_core.event_handler.log_command:Invoking command in '/home/dora/dora_ros2_ws/robot_ws/build/rplidar_ros': CMAKE_PREFIX_PATH=/home/dora/dora_ros2_ws/robot_ws/install/wheel_controller:/home/dora/dora_ros2_ws/robot_ws/install/velocity_controller:/home/dora/dora_ros2_ws/robot_ws/install/serial_coms:/home/dora/dora_ros2_ws/robot_ws/install/my_package:/home/dora/dora_ros2_ws/robot_ws/install/mecanum_controller:/home/dora/dora_ros2_ws/robot_ws/install/encoder_odometrytest:/home/dora/dora_ros2_ws/robot_ws/install/encoder_odometry:/opt/ros/humble:${CMAKE_PREFIX_PATH} /usr/bin/cmake --build /home/dora/dora_ros2_ws/robot_ws/build/rplidar_ros -- -j4 -l4
[13.437s] INFO:colcon.colcon_core.task.python.build:Building Python package in '/home/dora/dora_ros2_ws/robot_ws/src/serial_coms'
[13.439s] INFO:colcon.colcon_core.shell:Skip shell extension 'powershell' for command environment: Not usable outside of PowerShell
[13.440s] DEBUG:colcon.colcon_core.shell:Skip shell extension 'dsv' for command environment
[17.300s] DEBUG:colcon.colcon_core.event_handler.log_command:Invoking command in '/home/dora/dora_ros2_ws/robot_ws/src/serial_coms': PYTHONPATH=/home/dora/dora_ros2_ws/robot_ws/build/serial_coms/prefix_override:/usr/lib/python3/dist-packages/colcon_core/task/python/colcon_distutils_commands:/home/dora/dora_ros2_ws/robot_ws/install/serial_coms/lib/python3.10/site-packages:${PYTHONPATH} /usr/bin/python3 -W ignore:setup.py install is deprecated setup.py egg_info --egg-base ../../build/serial_coms build --build-base /home/dora/dora_ros2_ws/robot_ws/build/serial_coms/build install --record /home/dora/dora_ros2_ws/robot_ws/build/serial_coms/install.log --single-version-externally-managed install_data
[17.341s] DEBUG:colcon.colcon_core.event_handler.log_command:Invoking command in '/home/dora/dora_ros2_ws/robot_ws/src/encoder_odometrytest': PYTHONPATH=/home/dora/dora_ros2_ws/robot_ws/build/encoder_odometrytest/prefix_override:/usr/lib/python3/dist-packages/colcon_core/task/python/colcon_distutils_commands:/home/dora/dora_ros2_ws/robot_ws/install/encoder_odometrytest/lib/python3.10/site-packages:${PYTHONPATH} /usr/bin/python3 -W ignore:setup.py install is deprecated setup.py egg_info --egg-base ../../build/encoder_odometrytest build --build-base /home/dora/dora_ros2_ws/robot_ws/build/encoder_odometrytest/build install --record /home/dora/dora_ros2_ws/robot_ws/build/encoder_odometrytest/install.log --single-version-externally-managed install_data
[17.369s] DEBUG:colcon.colcon_core.event_handler.log_command:Invoking command in '/home/dora/dora_ros2_ws/robot_ws/src/encoder_odometry': PYTHONPATH=/home/dora/dora_ros2_ws/robot_ws/build/encoder_odometry/prefix_override:/usr/lib/python3/dist-packages/colcon_core/task/python/colcon_distutils_commands:/home/dora/dora_ros2_ws/robot_ws/install/encoder_odometry/lib/python3.10/site-packages:${PYTHONPATH} /usr/bin/python3 -W ignore:setup.py install is deprecated setup.py egg_info --egg-base ../../build/encoder_odometry build --build-base /home/dora/dora_ros2_ws/robot_ws/build/encoder_odometry/build install --record /home/dora/dora_ros2_ws/robot_ws/build/encoder_odometry/install.log --single-version-externally-managed install_data
[18.511s] DEBUG:colcon.colcon_core.event_handler.log_command:Invoked command in '/home/dora/dora_ros2_ws/robot_ws/build/rplidar_ros' returned '0': CMAKE_PREFIX_PATH=/home/dora/dora_ros2_ws/robot_ws/install/wheel_controller:/home/dora/dora_ros2_ws/robot_ws/install/velocity_controller:/home/dora/dora_ros2_ws/robot_ws/install/serial_coms:/home/dora/dora_ros2_ws/robot_ws/install/my_package:/home/dora/dora_ros2_ws/robot_ws/install/mecanum_controller:/home/dora/dora_ros2_ws/robot_ws/install/encoder_odometrytest:/home/dora/dora_ros2_ws/robot_ws/install/encoder_odometry:/opt/ros/humble:${CMAKE_PREFIX_PATH} /usr/bin/cmake --build /home/dora/dora_ros2_ws/robot_ws/build/rplidar_ros -- -j4 -l4
[19.110s] DEBUG:colcon.colcon_core.event_handler.log_command:Invoking command in '/home/dora/dora_ros2_ws/robot_ws/build/rplidar_ros': CMAKE_PREFIX_PATH=/home/dora/dora_ros2_ws/robot_ws/install/wheel_controller:/home/dora/dora_ros2_ws/robot_ws/install/velocity_controller:/home/dora/dora_ros2_ws/robot_ws/install/serial_coms:/home/dora/dora_ros2_ws/robot_ws/install/my_package:/home/dora/dora_ros2_ws/robot_ws/install/mecanum_controller:/home/dora/dora_ros2_ws/robot_ws/install/encoder_odometrytest:/home/dora/dora_ros2_ws/robot_ws/install/encoder_odometry:/opt/ros/humble:${CMAKE_PREFIX_PATH} /usr/bin/cmake --install /home/dora/dora_ros2_ws/robot_ws/build/rplidar_ros
[19.308s] Level 1:colcon.colcon_core.environment:create_environment_scripts_only(rplidar_ros)
[19.375s] Level 1:colcon.colcon_core.environment:checking '/home/dora/dora_ros2_ws/robot_ws/install/rplidar_ros' for CMake module files
[19.380s] Level 1:colcon.colcon_core.environment:checking '/home/dora/dora_ros2_ws/robot_ws/install/rplidar_ros' for CMake config files
[19.384s] DEBUG:colcon.colcon_core.event_handler.log_command:Invoked command in '/home/dora/dora_ros2_ws/robot_ws/build/rplidar_ros' returned '0': CMAKE_PREFIX_PATH=/home/dora/dora_ros2_ws/robot_ws/install/wheel_controller:/home/dora/dora_ros2_ws/robot_ws/install/velocity_controller:/home/dora/dora_ros2_ws/robot_ws/install/serial_coms:/home/dora/dora_ros2_ws/robot_ws/install/my_package:/home/dora/dora_ros2_ws/robot_ws/install/mecanum_controller:/home/dora/dora_ros2_ws/robot_ws/install/encoder_odometrytest:/home/dora/dora_ros2_ws/robot_ws/install/encoder_odometry:/opt/ros/humble:${CMAKE_PREFIX_PATH} /usr/bin/cmake --install /home/dora/dora_ros2_ws/robot_ws/build/rplidar_ros
[19.386s] Level 1:colcon.colcon_core.shell:create_environment_hook('rplidar_ros', 'cmake_prefix_path')
[19.396s] INFO:colcon.colcon_core.shell:Creating environment hook '/home/dora/dora_ros2_ws/robot_ws/install/rplidar_ros/share/rplidar_ros/hook/cmake_prefix_path.ps1'
[19.399s] INFO:colcon.colcon_core.shell:Creating environment descriptor '/home/dora/dora_ros2_ws/robot_ws/install/rplidar_ros/share/rplidar_ros/hook/cmake_prefix_path.dsv'
[19.402s] INFO:colcon.colcon_core.shell:Creating environment hook '/home/dora/dora_ros2_ws/robot_ws/install/rplidar_ros/share/rplidar_ros/hook/cmake_prefix_path.sh'
[19.407s] Level 1:colcon.colcon_core.environment:checking '/home/dora/dora_ros2_ws/robot_ws/install/rplidar_ros/lib'
[19.408s] Level 1:colcon.colcon_core.environment:checking '/home/dora/dora_ros2_ws/robot_ws/install/rplidar_ros/bin'
[19.408s] Level 1:colcon.colcon_core.environment:checking '/home/dora/dora_ros2_ws/robot_ws/install/rplidar_ros/lib/pkgconfig/rplidar_ros.pc'
[19.410s] Level 1:colcon.colcon_core.environment:checking '/home/dora/dora_ros2_ws/robot_ws/install/rplidar_ros/lib/python3.10/site-packages'
[19.420s] Level 1:colcon.colcon_core.environment:checking '/home/dora/dora_ros2_ws/robot_ws/install/rplidar_ros/bin'
[19.423s] INFO:colcon.colcon_core.shell:Creating package script '/home/dora/dora_ros2_ws/robot_ws/install/rplidar_ros/share/rplidar_ros/package.ps1'
[19.442s] INFO:colcon.colcon_core.shell:Creating package descriptor '/home/dora/dora_ros2_ws/robot_ws/install/rplidar_ros/share/rplidar_ros/package.dsv'
[19.456s] INFO:colcon.colcon_core.shell:Creating package script '/home/dora/dora_ros2_ws/robot_ws/install/rplidar_ros/share/rplidar_ros/package.sh'
[19.465s] INFO:colcon.colcon_core.shell:Creating package script '/home/dora/dora_ros2_ws/robot_ws/install/rplidar_ros/share/rplidar_ros/package.bash'
[19.481s] INFO:colcon.colcon_core.shell:Creating package script '/home/dora/dora_ros2_ws/robot_ws/install/rplidar_ros/share/rplidar_ros/package.zsh'
[19.485s] Level 1:colcon.colcon_core.environment:create_file_with_runtime_dependencies(/home/dora/dora_ros2_ws/robot_ws/install/rplidar_ros/share/colcon-core/packages/rplidar_ros)
[19.637s] Level 1:colcon.colcon_core.environment:checking '/home/dora/dora_ros2_ws/robot_ws/install/encoder_odometrytest' for CMake module files
[19.640s] Level 1:colcon.colcon_core.environment:checking '/home/dora/dora_ros2_ws/robot_ws/install/encoder_odometrytest' for CMake config files
[19.642s] DEBUG:colcon.colcon_core.event_handler.log_command:Invoked command in '/home/dora/dora_ros2_ws/robot_ws/src/encoder_odometrytest' returned '0': PYTHONPATH=/home/dora/dora_ros2_ws/robot_ws/build/encoder_odometrytest/prefix_override:/usr/lib/python3/dist-packages/colcon_core/task/python/colcon_distutils_commands:/home/dora/dora_ros2_ws/robot_ws/install/encoder_odometrytest/lib/python3.10/site-packages:${PYTHONPATH} /usr/bin/python3 -W ignore:setup.py install is deprecated setup.py egg_info --egg-base ../../build/encoder_odometrytest build --build-base /home/dora/dora_ros2_ws/robot_ws/build/encoder_odometrytest/build install --record /home/dora/dora_ros2_ws/robot_ws/build/encoder_odometrytest/install.log --single-version-externally-managed install_data
[19.651s] Level 1:colcon.colcon_core.environment:checking '/home/dora/dora_ros2_ws/robot_ws/install/encoder_odometrytest/lib'
[19.652s] Level 1:colcon.colcon_core.environment:checking '/home/dora/dora_ros2_ws/robot_ws/install/encoder_odometrytest/bin'
[19.653s] Level 1:colcon.colcon_core.environment:checking '/home/dora/dora_ros2_ws/robot_ws/install/encoder_odometrytest/lib/pkgconfig/encoder_odometrytest.pc'
[19.655s] Level 1:colcon.colcon_core.environment:checking '/home/dora/dora_ros2_ws/robot_ws/install/encoder_odometrytest/lib/python3.10/site-packages'
[19.656s] Level 1:colcon.colcon_core.shell:create_environment_hook('encoder_odometrytest', 'pythonpath')
[19.658s] INFO:colcon.colcon_core.shell:Creating environment hook '/home/dora/dora_ros2_ws/robot_ws/install/encoder_odometrytest/share/encoder_odometrytest/hook/pythonpath.ps1'
[19.663s] INFO:colcon.colcon_core.shell:Creating environment descriptor '/home/dora/dora_ros2_ws/robot_ws/install/encoder_odometrytest/share/encoder_odometrytest/hook/pythonpath.dsv'
[19.668s] INFO:colcon.colcon_core.shell:Creating environment hook '/home/dora/dora_ros2_ws/robot_ws/install/encoder_odometrytest/share/encoder_odometrytest/hook/pythonpath.sh'
[19.673s] Level 1:colcon.colcon_core.environment:checking '/home/dora/dora_ros2_ws/robot_ws/install/encoder_odometrytest/bin'
[19.674s] Level 1:colcon.colcon_core.environment:create_environment_scripts_only(encoder_odometrytest)
[19.676s] INFO:colcon.colcon_core.shell:Creating package script '/home/dora/dora_ros2_ws/robot_ws/install/encoder_odometrytest/share/encoder_odometrytest/package.ps1'
[19.681s] INFO:colcon.colcon_core.shell:Creating package descriptor '/home/dora/dora_ros2_ws/robot_ws/install/encoder_odometrytest/share/encoder_odometrytest/package.dsv'
[19.686s] INFO:colcon.colcon_core.shell:Creating package script '/home/dora/dora_ros2_ws/robot_ws/install/encoder_odometrytest/share/encoder_odometrytest/package.sh'
[19.691s] INFO:colcon.colcon_core.shell:Creating package script '/home/dora/dora_ros2_ws/robot_ws/install/encoder_odometrytest/share/encoder_odometrytest/package.bash'
[19.695s] INFO:colcon.colcon_core.shell:Creating package script '/home/dora/dora_ros2_ws/robot_ws/install/encoder_odometrytest/share/encoder_odometrytest/package.zsh'
[19.704s] Level 1:colcon.colcon_core.environment:create_file_with_runtime_dependencies(/home/dora/dora_ros2_ws/robot_ws/install/encoder_odometrytest/share/colcon-core/packages/encoder_odometrytest)
[19.711s] INFO:colcon.colcon_ros.task.ament_python.build:Building ROS package in '/home/dora/dora_ros2_ws/robot_ws/src/velocity_controller' with build type 'ament_python'
[19.714s] Level 1:colcon.colcon_core.shell:create_environment_hook('velocity_controller', 'ament_prefix_path')
[19.716s] INFO:colcon.colcon_core.shell:Creating environment hook '/home/dora/dora_ros2_ws/robot_ws/install/velocity_controller/share/velocity_controller/hook/ament_prefix_path.ps1'
[19.728s] INFO:colcon.colcon_core.shell:Creating environment descriptor '/home/dora/dora_ros2_ws/robot_ws/install/velocity_controller/share/velocity_controller/hook/ament_prefix_path.dsv'
[19.735s] INFO:colcon.colcon_core.shell:Creating environment hook '/home/dora/dora_ros2_ws/robot_ws/install/velocity_controller/share/velocity_controller/hook/ament_prefix_path.sh'
[19.743s] INFO:colcon.colcon_core.shell:Skip shell extension 'powershell' for command environment: Not usable outside of PowerShell
[19.744s] DEBUG:colcon.colcon_core.shell:Skip shell extension 'dsv' for command environment
[21.214s] INFO:colcon.colcon_core.task.python.build:Building Python package in '/home/dora/dora_ros2_ws/robot_ws/src/velocity_controller'
[21.218s] INFO:colcon.colcon_core.shell:Skip shell extension 'powershell' for command environment: Not usable outside of PowerShell
[21.219s] DEBUG:colcon.colcon_core.shell:Skip shell extension 'dsv' for command environment
[21.244s] Level 1:colcon.colcon_core.environment:checking '/home/dora/dora_ros2_ws/robot_ws/install/encoder_odometry' for CMake module files
[21.247s] DEBUG:colcon.colcon_core.event_handler.log_command:Invoked command in '/home/dora/dora_ros2_ws/robot_ws/src/encoder_odometry' returned '0': PYTHONPATH=/home/dora/dora_ros2_ws/robot_ws/build/encoder_odometry/prefix_override:/usr/lib/python3/dist-packages/colcon_core/task/python/colcon_distutils_commands:/home/dora/dora_ros2_ws/robot_ws/install/encoder_odometry/lib/python3.10/site-packages:${PYTHONPATH} /usr/bin/python3 -W ignore:setup.py install is deprecated setup.py egg_info --egg-base ../../build/encoder_odometry build --build-base /home/dora/dora_ros2_ws/robot_ws/build/encoder_odometry/build install --record /home/dora/dora_ros2_ws/robot_ws/build/encoder_odometry/install.log --single-version-externally-managed install_data
[21.250s] Level 1:colcon.colcon_core.environment:checking '/home/dora/dora_ros2_ws/robot_ws/install/encoder_odometry' for CMake config files
[21.254s] Level 1:colcon.colcon_core.environment:checking '/home/dora/dora_ros2_ws/robot_ws/install/encoder_odometry/lib'
[21.255s] Level 1:colcon.colcon_core.environment:checking '/home/dora/dora_ros2_ws/robot_ws/install/encoder_odometry/bin'
[21.255s] Level 1:colcon.colcon_core.environment:checking '/home/dora/dora_ros2_ws/robot_ws/install/encoder_odometry/lib/pkgconfig/encoder_odometry.pc'
[21.257s] Level 1:colcon.colcon_core.environment:checking '/home/dora/dora_ros2_ws/robot_ws/install/encoder_odometry/lib/python3.10/site-packages'
[21.257s] Level 1:colcon.colcon_core.shell:create_environment_hook('encoder_odometry', 'pythonpath')
[21.258s] INFO:colcon.colcon_core.shell:Creating environment hook '/home/dora/dora_ros2_ws/robot_ws/install/encoder_odometry/share/encoder_odometry/hook/pythonpath.ps1'
[21.260s] INFO:colcon.colcon_core.shell:Creating environment descriptor '/home/dora/dora_ros2_ws/robot_ws/install/encoder_odometry/share/encoder_odometry/hook/pythonpath.dsv'
[21.262s] INFO:colcon.colcon_core.shell:Creating environment hook '/home/dora/dora_ros2_ws/robot_ws/install/encoder_odometry/share/encoder_odometry/hook/pythonpath.sh'
[21.265s] Level 1:colcon.colcon_core.environment:checking '/home/dora/dora_ros2_ws/robot_ws/install/encoder_odometry/bin'
[21.265s] Level 1:colcon.colcon_core.environment:create_environment_scripts_only(encoder_odometry)
[21.267s] INFO:colcon.colcon_core.shell:Creating package script '/home/dora/dora_ros2_ws/robot_ws/install/encoder_odometry/share/encoder_odometry/package.ps1'
[21.270s] INFO:colcon.colcon_core.shell:Creating package descriptor '/home/dora/dora_ros2_ws/robot_ws/install/encoder_odometry/share/encoder_odometry/package.dsv'
[21.272s] INFO:colcon.colcon_core.shell:Creating package script '/home/dora/dora_ros2_ws/robot_ws/install/encoder_odometry/share/encoder_odometry/package.sh'
[21.275s] INFO:colcon.colcon_core.shell:Creating package script '/home/dora/dora_ros2_ws/robot_ws/install/encoder_odometry/share/encoder_odometry/package.bash'
[21.276s] INFO:colcon.colcon_core.shell:Creating package script '/home/dora/dora_ros2_ws/robot_ws/install/encoder_odometry/share/encoder_odometry/package.zsh'
[21.278s] Level 1:colcon.colcon_core.environment:create_file_with_runtime_dependencies(/home/dora/dora_ros2_ws/robot_ws/install/encoder_odometry/share/colcon-core/packages/encoder_odometry)
[21.281s] Level 1:colcon.colcon_core.environment:create_environment_scripts_only(rplidar_ros)
[21.282s] Level 1:colcon.colcon_core.environment:checking '/home/dora/dora_ros2_ws/robot_ws/install/rplidar_ros' for CMake module files
[21.286s] Level 1:colcon.colcon_core.environment:checking '/home/dora/dora_ros2_ws/robot_ws/install/rplidar_ros' for CMake config files
[21.288s] Level 1:colcon.colcon_core.shell:create_environment_hook('rplidar_ros', 'cmake_prefix_path')
[21.289s] INFO:colcon.colcon_core.shell:Creating environment hook '/home/dora/dora_ros2_ws/robot_ws/install/rplidar_ros/share/rplidar_ros/hook/cmake_prefix_path.ps1'
[21.291s] INFO:colcon.colcon_core.shell:Creating environment descriptor '/home/dora/dora_ros2_ws/robot_ws/install/rplidar_ros/share/rplidar_ros/hook/cmake_prefix_path.dsv'
[21.293s] INFO:colcon.colcon_core.shell:Creating environment hook '/home/dora/dora_ros2_ws/robot_ws/install/rplidar_ros/share/rplidar_ros/hook/cmake_prefix_path.sh'
[21.296s] Level 1:colcon.colcon_core.environment:checking '/home/dora/dora_ros2_ws/robot_ws/install/rplidar_ros/lib'
[21.297s] Level 1:colcon.colcon_core.environment:checking '/home/dora/dora_ros2_ws/robot_ws/install/rplidar_ros/bin'
[21.297s] Level 1:colcon.colcon_core.environment:checking '/home/dora/dora_ros2_ws/robot_ws/install/rplidar_ros/lib/pkgconfig/rplidar_ros.pc'
[21.298s] Level 1:colcon.colcon_core.environment:checking '/home/dora/dora_ros2_ws/robot_ws/install/rplidar_ros/lib/python3.10/site-packages'
[21.299s] Level 1:colcon.colcon_core.environment:checking '/home/dora/dora_ros2_ws/robot_ws/install/rplidar_ros/bin'
[21.300s] INFO:colcon.colcon_core.shell:Creating package script '/home/dora/dora_ros2_ws/robot_ws/install/rplidar_ros/share/rplidar_ros/package.ps1'
[21.303s] INFO:colcon.colcon_core.shell:Creating package descriptor '/home/dora/dora_ros2_ws/robot_ws/install/rplidar_ros/share/rplidar_ros/package.dsv'
[21.305s] INFO:colcon.colcon_core.shell:Creating package script '/home/dora/dora_ros2_ws/robot_ws/install/rplidar_ros/share/rplidar_ros/package.sh'
[21.307s] INFO:colcon.colcon_core.shell:Creating package script '/home/dora/dora_ros2_ws/robot_ws/install/rplidar_ros/share/rplidar_ros/package.bash'
[21.309s] INFO:colcon.colcon_core.shell:Creating package script '/home/dora/dora_ros2_ws/robot_ws/install/rplidar_ros/share/rplidar_ros/package.zsh'
[21.311s] Level 1:colcon.colcon_core.environment:create_file_with_runtime_dependencies(/home/dora/dora_ros2_ws/robot_ws/install/rplidar_ros/share/colcon-core/packages/rplidar_ros)
[21.313s] Level 1:colcon.colcon_core.environment:checking '/home/dora/dora_ros2_ws/robot_ws/install/serial_coms' for CMake module files
[21.317s] DEBUG:colcon.colcon_core.event_handler.log_command:Invoked command in '/home/dora/dora_ros2_ws/robot_ws/src/serial_coms' returned '0': PYTHONPATH=/home/dora/dora_ros2_ws/robot_ws/build/serial_coms/prefix_override:/usr/lib/python3/dist-packages/colcon_core/task/python/colcon_distutils_commands:/home/dora/dora_ros2_ws/robot_ws/install/serial_coms/lib/python3.10/site-packages:${PYTHONPATH} /usr/bin/python3 -W ignore:setup.py install is deprecated setup.py egg_info --egg-base ../../build/serial_coms build --build-base /home/dora/dora_ros2_ws/robot_ws/build/serial_coms/build install --record /home/dora/dora_ros2_ws/robot_ws/build/serial_coms/install.log --single-version-externally-managed install_data
[21.318s] Level 1:colcon.colcon_core.environment:checking '/home/dora/dora_ros2_ws/robot_ws/install/serial_coms' for CMake config files
[21.322s] Level 1:colcon.colcon_core.environment:checking '/home/dora/dora_ros2_ws/robot_ws/install/serial_coms/lib'
[21.323s] Level 1:colcon.colcon_core.environment:checking '/home/dora/dora_ros2_ws/robot_ws/install/serial_coms/bin'
[21.324s] Level 1:colcon.colcon_core.environment:checking '/home/dora/dora_ros2_ws/robot_ws/install/serial_coms/lib/pkgconfig/serial_coms.pc'
[21.325s] Level 1:colcon.colcon_core.environment:checking '/home/dora/dora_ros2_ws/robot_ws/install/serial_coms/lib/python3.10/site-packages'
[21.325s] Level 1:colcon.colcon_core.shell:create_environment_hook('serial_coms', 'pythonpath')
[21.326s] INFO:colcon.colcon_core.shell:Creating environment hook '/home/dora/dora_ros2_ws/robot_ws/install/serial_coms/share/serial_coms/hook/pythonpath.ps1'
[21.328s] INFO:colcon.colcon_core.shell:Creating environment descriptor '/home/dora/dora_ros2_ws/robot_ws/install/serial_coms/share/serial_coms/hook/pythonpath.dsv'
[21.330s] INFO:colcon.colcon_core.shell:Creating environment hook '/home/dora/dora_ros2_ws/robot_ws/install/serial_coms/share/serial_coms/hook/pythonpath.sh'
[21.334s] Level 1:colcon.colcon_core.environment:checking '/home/dora/dora_ros2_ws/robot_ws/install/serial_coms/bin'
[21.335s] Level 1:colcon.colcon_core.environment:create_environment_scripts_only(serial_coms)
[21.336s] INFO:colcon.colcon_core.shell:Creating package script '/home/dora/dora_ros2_ws/robot_ws/install/serial_coms/share/serial_coms/package.ps1'
[21.354s] INFO:colcon.colcon_core.shell:Creating package descriptor '/home/dora/dora_ros2_ws/robot_ws/install/serial_coms/share/serial_coms/package.dsv'
[21.357s] INFO:colcon.colcon_core.shell:Creating package script '/home/dora/dora_ros2_ws/robot_ws/install/serial_coms/share/serial_coms/package.sh'
[21.361s] INFO:colcon.colcon_core.shell:Creating package script '/home/dora/dora_ros2_ws/robot_ws/install/serial_coms/share/serial_coms/package.bash'
[21.364s] INFO:colcon.colcon_core.shell:Creating package script '/home/dora/dora_ros2_ws/robot_ws/install/serial_coms/share/serial_coms/package.zsh'
[21.367s] Level 1:colcon.colcon_core.environment:create_file_with_runtime_dependencies(/home/dora/dora_ros2_ws/robot_ws/install/serial_coms/share/colcon-core/packages/serial_coms)
[21.370s] INFO:colcon.colcon_ros.task.ament_python.build:Building ROS package in '/home/dora/dora_ros2_ws/robot_ws/src/wheel_controller' with build type 'ament_python'
[21.371s] Level 1:colcon.colcon_core.shell:create_environment_hook('wheel_controller', 'ament_prefix_path')
[21.373s] INFO:colcon.colcon_core.shell:Creating environment hook '/home/dora/dora_ros2_ws/robot_ws/install/wheel_controller/share/wheel_controller/hook/ament_prefix_path.ps1'
[21.377s] INFO:colcon.colcon_core.shell:Creating environment descriptor '/home/dora/dora_ros2_ws/robot_ws/install/wheel_controller/share/wheel_controller/hook/ament_prefix_path.dsv'
[21.379s] INFO:colcon.colcon_core.shell:Creating environment hook '/home/dora/dora_ros2_ws/robot_ws/install/wheel_controller/share/wheel_controller/hook/ament_prefix_path.sh'
[21.383s] INFO:colcon.colcon_core.shell:Skip shell extension 'powershell' for command environment: Not usable outside of PowerShell
[21.384s] DEBUG:colcon.colcon_core.shell:Skip shell extension 'dsv' for command environment
[22.926s] INFO:colcon.colcon_core.task.python.build:Building Python package in '/home/dora/dora_ros2_ws/robot_ws/src/wheel_controller'
[22.928s] INFO:colcon.colcon_core.shell:Skip shell extension 'powershell' for command environment: Not usable outside of PowerShell
[22.928s] DEBUG:colcon.colcon_core.shell:Skip shell extension 'dsv' for command environment
[23.871s] DEBUG:colcon.colcon_core.event_handler.log_command:Invoking command in '/home/dora/dora_ros2_ws/robot_ws/src/velocity_controller': PYTHONPATH=/home/dora/dora_ros2_ws/robot_ws/build/velocity_controller/prefix_override:/usr/lib/python3/dist-packages/colcon_core/task/python/colcon_distutils_commands:/home/dora/dora_ros2_ws/robot_ws/install/velocity_controller/lib/python3.10/site-packages:${PYTHONPATH} /usr/bin/python3 -W ignore:setup.py install is deprecated setup.py egg_info --egg-base ../../build/velocity_controller build --build-base /home/dora/dora_ros2_ws/robot_ws/build/velocity_controller/build install --record /home/dora/dora_ros2_ws/robot_ws/build/velocity_controller/install.log --single-version-externally-managed install_data
[26.186s] DEBUG:colcon.colcon_core.event_handler.log_command:Invoking command in '/home/dora/dora_ros2_ws/robot_ws/src/wheel_controller': PYTHONPATH=/home/dora/dora_ros2_ws/robot_ws/build/wheel_controller/prefix_override:/usr/lib/python3/dist-packages/colcon_core/task/python/colcon_distutils_commands:/home/dora/dora_ros2_ws/robot_ws/install/wheel_controller/lib/python3.10/site-packages:${PYTHONPATH} /usr/bin/python3 -W ignore:setup.py install is deprecated setup.py egg_info --egg-base ../../build/wheel_controller build --build-base /home/dora/dora_ros2_ws/robot_ws/build/wheel_controller/build install --record /home/dora/dora_ros2_ws/robot_ws/build/wheel_controller/install.log --single-version-externally-managed install_data
[26.291s] Level 1:colcon.colcon_core.environment:checking '/home/dora/dora_ros2_ws/robot_ws/install/velocity_controller' for CMake module files
[26.293s] DEBUG:colcon.colcon_core.event_handler.log_command:Invoked command in '/home/dora/dora_ros2_ws/robot_ws/src/velocity_controller' returned '0': PYTHONPATH=/home/dora/dora_ros2_ws/robot_ws/build/velocity_controller/prefix_override:/usr/lib/python3/dist-packages/colcon_core/task/python/colcon_distutils_commands:/home/dora/dora_ros2_ws/robot_ws/install/velocity_controller/lib/python3.10/site-packages:${PYTHONPATH} /usr/bin/python3 -W ignore:setup.py install is deprecated setup.py egg_info --egg-base ../../build/velocity_controller build --build-base /home/dora/dora_ros2_ws/robot_ws/build/velocity_controller/build install --record /home/dora/dora_ros2_ws/robot_ws/build/velocity_controller/install.log --single-version-externally-managed install_data
[26.296s] Level 1:colcon.colcon_core.environment:checking '/home/dora/dora_ros2_ws/robot_ws/install/velocity_controller' for CMake config files
[26.303s] Level 1:colcon.colcon_core.environment:checking '/home/dora/dora_ros2_ws/robot_ws/install/velocity_controller/lib'
[26.304s] Level 1:colcon.colcon_core.environment:checking '/home/dora/dora_ros2_ws/robot_ws/install/velocity_controller/bin'
[26.305s] Level 1:colcon.colcon_core.environment:checking '/home/dora/dora_ros2_ws/robot_ws/install/velocity_controller/lib/pkgconfig/velocity_controller.pc'
[26.306s] Level 1:colcon.colcon_core.environment:checking '/home/dora/dora_ros2_ws/robot_ws/install/velocity_controller/lib/python3.10/site-packages'
[26.307s] Level 1:colcon.colcon_core.shell:create_environment_hook('velocity_controller', 'pythonpath')
[26.308s] INFO:colcon.colcon_core.shell:Creating environment hook '/home/dora/dora_ros2_ws/robot_ws/install/velocity_controller/share/velocity_controller/hook/pythonpath.ps1'
[26.311s] INFO:colcon.colcon_core.shell:Creating environment descriptor '/home/dora/dora_ros2_ws/robot_ws/install/velocity_controller/share/velocity_controller/hook/pythonpath.dsv'
[26.313s] INFO:colcon.colcon_core.shell:Creating environment hook '/home/dora/dora_ros2_ws/robot_ws/install/velocity_controller/share/velocity_controller/hook/pythonpath.sh'
[26.318s] Level 1:colcon.colcon_core.environment:checking '/home/dora/dora_ros2_ws/robot_ws/install/velocity_controller/bin'
[26.319s] Level 1:colcon.colcon_core.environment:create_environment_scripts_only(velocity_controller)
[26.322s] INFO:colcon.colcon_core.shell:Creating package script '/home/dora/dora_ros2_ws/robot_ws/install/velocity_controller/share/velocity_controller/package.ps1'
[26.330s] INFO:colcon.colcon_core.shell:Creating package descriptor '/home/dora/dora_ros2_ws/robot_ws/install/velocity_controller/share/velocity_controller/package.dsv'
[26.335s] INFO:colcon.colcon_core.shell:Creating package script '/home/dora/dora_ros2_ws/robot_ws/install/velocity_controller/share/velocity_controller/package.sh'
[26.339s] INFO:colcon.colcon_core.shell:Creating package script '/home/dora/dora_ros2_ws/robot_ws/install/velocity_controller/share/velocity_controller/package.bash'
[26.344s] INFO:colcon.colcon_core.shell:Creating package script '/home/dora/dora_ros2_ws/robot_ws/install/velocity_controller/share/velocity_controller/package.zsh'
[26.348s] Level 1:colcon.colcon_core.environment:create_file_with_runtime_dependencies(/home/dora/dora_ros2_ws/robot_ws/install/velocity_controller/share/colcon-core/packages/velocity_controller)
[27.769s] Level 1:colcon.colcon_core.environment:checking '/home/dora/dora_ros2_ws/robot_ws/install/wheel_controller' for CMake module files
[27.770s] DEBUG:colcon.colcon_core.event_handler.log_command:Invoked command in '/home/dora/dora_ros2_ws/robot_ws/src/wheel_controller' returned '0': PYTHONPATH=/home/dora/dora_ros2_ws/robot_ws/build/wheel_controller/prefix_override:/usr/lib/python3/dist-packages/colcon_core/task/python/colcon_distutils_commands:/home/dora/dora_ros2_ws/robot_ws/install/wheel_controller/lib/python3.10/site-packages:${PYTHONPATH} /usr/bin/python3 -W ignore:setup.py install is deprecated setup.py egg_info --egg-base ../../build/wheel_controller build --build-base /home/dora/dora_ros2_ws/robot_ws/build/wheel_controller/build install --record /home/dora/dora_ros2_ws/robot_ws/build/wheel_controller/install.log --single-version-externally-managed install_data
[27.772s] Level 1:colcon.colcon_core.environment:checking '/home/dora/dora_ros2_ws/robot_ws/install/wheel_controller' for CMake config files
[27.776s] Level 1:colcon.colcon_core.environment:checking '/home/dora/dora_ros2_ws/robot_ws/install/wheel_controller/lib'
[27.777s] Level 1:colcon.colcon_core.environment:checking '/home/dora/dora_ros2_ws/robot_ws/install/wheel_controller/bin'
[27.777s] Level 1:colcon.colcon_core.environment:checking '/home/dora/dora_ros2_ws/robot_ws/install/wheel_controller/lib/pkgconfig/wheel_controller.pc'
[27.778s] Level 1:colcon.colcon_core.environment:checking '/home/dora/dora_ros2_ws/robot_ws/install/wheel_controller/lib/python3.10/site-packages'
[27.779s] Level 1:colcon.colcon_core.shell:create_environment_hook('wheel_controller', 'pythonpath')
[27.780s] INFO:colcon.colcon_core.shell:Creating environment hook '/home/dora/dora_ros2_ws/robot_ws/install/wheel_controller/share/wheel_controller/hook/pythonpath.ps1'
[27.782s] INFO:colcon.colcon_core.shell:Creating environment descriptor '/home/dora/dora_ros2_ws/robot_ws/install/wheel_controller/share/wheel_controller/hook/pythonpath.dsv'
[27.785s] INFO:colcon.colcon_core.shell:Creating environment hook '/home/dora/dora_ros2_ws/robot_ws/install/wheel_controller/share/wheel_controller/hook/pythonpath.sh'
[27.789s] Level 1:colcon.colcon_core.environment:checking '/home/dora/dora_ros2_ws/robot_ws/install/wheel_controller/bin'
[27.790s] Level 1:colcon.colcon_core.environment:create_environment_scripts_only(wheel_controller)
[27.791s] INFO:colcon.colcon_core.shell:Creating package script '/home/dora/dora_ros2_ws/robot_ws/install/wheel_controller/share/wheel_controller/package.ps1'
[27.793s] INFO:colcon.colcon_core.shell:Creating package descriptor '/home/dora/dora_ros2_ws/robot_ws/install/wheel_controller/share/wheel_controller/package.dsv'
[27.796s] INFO:colcon.colcon_core.shell:Creating package script '/home/dora/dora_ros2_ws/robot_ws/install/wheel_controller/share/wheel_controller/package.sh'
[27.798s] INFO:colcon.colcon_core.shell:Creating package script '/home/dora/dora_ros2_ws/robot_ws/install/wheel_controller/share/wheel_controller/package.bash'
[27.800s] INFO:colcon.colcon_core.shell:Creating package script '/home/dora/dora_ros2_ws/robot_ws/install/wheel_controller/share/wheel_controller/package.zsh'
[27.802s] Level 1:colcon.colcon_core.environment:create_file_with_runtime_dependencies(/home/dora/dora_ros2_ws/robot_ws/install/wheel_controller/share/colcon-core/packages/wheel_controller)
[27.804s] DEBUG:colcon.colcon_parallel_executor.executor.parallel:closing loop
[27.805s] DEBUG:colcon.colcon_parallel_executor.executor.parallel:loop closed
[27.805s] DEBUG:colcon.colcon_parallel_executor.executor.parallel:run_until_complete finished with '0'
[27.806s] DEBUG:colcon.colcon_core.event_reactor:joining thread
[27.835s] INFO:colcon.colcon_core.plugin_system:Skipping extension 'colcon_notification.desktop_notification.terminal_notifier': Not used on non-Darwin systems
[27.835s] INFO:colcon.colcon_core.plugin_system:Skipping extension 'colcon_notification.desktop_notification.win32': Not used on non-Windows systems
[27.835s] INFO:colcon.colcon_notification.desktop_notification:Sending desktop notification using 'notify2'
