[2.969s] Invoking command in '/home/dora/dora_ros2_ws/robot_ws/src/wheel_controller': PYTHONPATH=/home/dora/dora_ros2_ws/robot_ws/build/wheel_controller/prefix_override:/usr/lib/python3/dist-packages/colcon_core/task/python/colcon_distutils_commands:/home/dora/dora_ros2_ws/robot_ws/install/wheel_controller/lib/python3.10/site-packages:${PYTHONPATH} /usr/bin/python3 -W ignore:setup.py install is deprecated setup.py egg_info --egg-base ../../build/wheel_controller build --build-base /home/dora/dora_ros2_ws/robot_ws/build/wheel_controller/build install --record /home/dora/dora_ros2_ws/robot_ws/build/wheel_controller/install.log --single-version-externally-managed install_data
[4.123s] running egg_info
[4.125s] writing ../../build/wheel_controller/wheel_controller.egg-info/PKG-INFO
[4.126s] writing dependency_links to ../../build/wheel_controller/wheel_controller.egg-info/dependency_links.txt
[4.127s] writing entry points to ../../build/wheel_controller/wheel_controller.egg-info/entry_points.txt
[4.128s] writing requirements to ../../build/wheel_controller/wheel_controller.egg-info/requires.txt
[4.129s] writing top-level names to ../../build/wheel_controller/wheel_controller.egg-info/top_level.txt
[4.137s] reading manifest file '../../build/wheel_controller/wheel_controller.egg-info/SOURCES.txt'
[4.141s] writing manifest file '../../build/wheel_controller/wheel_controller.egg-info/SOURCES.txt'
[4.142s] running build
[4.142s] running build_py
[4.144s] running install
[4.145s] running install_lib
[4.150s] byte-compiling /home/dora/dora_ros2_ws/robot_ws/install/wheel_controller/lib/python3.10/site-packages/wheel_controller/wheel_controller.py to wheel_controller.cpython-310.pyc
[4.158s] running install_data
[4.159s] running install_egg_info
[4.167s] removing '/home/dora/dora_ros2_ws/robot_ws/install/wheel_controller/lib/python3.10/site-packages/wheel_controller-0.0.0-py3.10.egg-info' (and everything under it)
[4.169s] Copying ../../build/wheel_controller/wheel_controller.egg-info to /home/dora/dora_ros2_ws/robot_ws/install/wheel_controller/lib/python3.10/site-packages/wheel_controller-0.0.0-py3.10.egg-info
[4.175s] running install_scripts
[4.253s] Installing wheel_controller script to /home/dora/dora_ros2_ws/robot_ws/install/wheel_controller/lib/wheel_controller
[4.255s] writing list of installed files to '/home/dora/dora_ros2_ws/robot_ws/build/wheel_controller/install.log'
[4.386s] Invoked command in '/home/dora/dora_ros2_ws/robot_ws/src/wheel_controller' returned '0': PYTHONPATH=/home/dora/dora_ros2_ws/robot_ws/build/wheel_controller/prefix_override:/usr/lib/python3/dist-packages/colcon_core/task/python/colcon_distutils_commands:/home/dora/dora_ros2_ws/robot_ws/install/wheel_controller/lib/python3.10/site-packages:${PYTHONPATH} /usr/bin/python3 -W ignore:setup.py install is deprecated setup.py egg_info --egg-base ../../build/wheel_controller build --build-base /home/dora/dora_ros2_ws/robot_ws/build/wheel_controller/build install --record /home/dora/dora_ros2_ws/robot_ws/build/wheel_controller/install.log --single-version-externally-managed install_data
