[7.647s] Invoking command in '/home/dora/dora_ros2_ws/robot_ws/src/velocity_controller': PYTHONPATH=/home/dora/dora_ros2_ws/robot_ws/build/velocity_controller/prefix_override:/usr/lib/python3/dist-packages/colcon_core/task/python/colcon_distutils_commands:/home/dora/dora_ros2_ws/robot_ws/install/velocity_controller/lib/python3.10/site-packages:${PYTHONPATH} /usr/bin/python3 -W ignore:setup.py install is deprecated setup.py egg_info --egg-base ../../build/velocity_controller build --build-base /home/dora/dora_ros2_ws/robot_ws/build/velocity_controller/build install --record /home/dora/dora_ros2_ws/robot_ws/build/velocity_controller/install.log --single-version-externally-managed install_data
[9.387s] running egg_info
[9.391s] writing ../../build/velocity_controller/velocity_controller.egg-info/PKG-INFO
[9.395s] writing dependency_links to ../../build/velocity_controller/velocity_controller.egg-info/dependency_links.txt
[9.398s] writing entry points to ../../build/velocity_controller/velocity_controller.egg-info/entry_points.txt
[9.402s] writing requirements to ../../build/velocity_controller/velocity_controller.egg-info/requires.txt
[9.414s] writing top-level names to ../../build/velocity_controller/velocity_controller.egg-info/top_level.txt
[9.425s] reading manifest file '../../build/velocity_controller/velocity_controller.egg-info/SOURCES.txt'
[9.433s] writing manifest file '../../build/velocity_controller/velocity_controller.egg-info/SOURCES.txt'
[9.434s] running build
[9.435s] running build_py
[9.437s] running install
[9.439s] running install_lib
[9.449s] running install_data
[9.450s] running install_egg_info
[9.468s] removing '/home/dora/dora_ros2_ws/robot_ws/install/velocity_controller/lib/python3.10/site-packages/velocity_controller-0.0.0-py3.10.egg-info' (and everything under it)
[9.470s] Copying ../../build/velocity_controller/velocity_controller.egg-info to /home/dora/dora_ros2_ws/robot_ws/install/velocity_controller/lib/python3.10/site-packages/velocity_controller-0.0.0-py3.10.egg-info
[9.478s] running install_scripts
[9.652s] Installing velocity_controller script to /home/dora/dora_ros2_ws/robot_ws/install/velocity_controller/lib/velocity_controller
[9.658s] writing list of installed files to '/home/dora/dora_ros2_ws/robot_ws/build/velocity_controller/install.log'
[10.093s] Invoked command in '/home/dora/dora_ros2_ws/robot_ws/src/velocity_controller' returned '0': PYTHONPATH=/home/dora/dora_ros2_ws/robot_ws/build/velocity_controller/prefix_override:/usr/lib/python3/dist-packages/colcon_core/task/python/colcon_distutils_commands:/home/dora/dora_ros2_ws/robot_ws/install/velocity_controller/lib/python3.10/site-packages:${PYTHONPATH} /usr/bin/python3 -W ignore:setup.py install is deprecated setup.py egg_info --egg-base ../../build/velocity_controller build --build-base /home/dora/dora_ros2_ws/robot_ws/build/velocity_controller/build install --record /home/dora/dora_ros2_ws/robot_ws/build/velocity_controller/install.log --single-version-externally-managed install_data
