[3.444s] Invoking command in '/home/dora/dora_ros2_ws/robot_ws/src/wheel_controller': PYTHONPATH=/home/dora/dora_ros2_ws/robot_ws/build/wheel_controller/prefix_override:/usr/lib/python3/dist-packages/colcon_core/task/python/colcon_distutils_commands:/home/dora/dora_ros2_ws/robot_ws/install/wheel_controller/lib/python3.10/site-packages:${PYTHONPATH} /usr/bin/python3 -W ignore:setup.py install is deprecated setup.py egg_info --egg-base ../../build/wheel_controller build --build-base /home/dora/dora_ros2_ws/robot_ws/build/wheel_controller/build install --record /home/dora/dora_ros2_ws/robot_ws/build/wheel_controller/install.log --single-version-externally-managed install_data
[4.611s] running egg_info
[4.613s] writing ../../build/wheel_controller/wheel_controller.egg-info/PKG-INFO
[4.615s] writing dependency_links to ../../build/wheel_controller/wheel_controller.egg-info/dependency_links.txt
[4.616s] writing entry points to ../../build/wheel_controller/wheel_controller.egg-info/entry_points.txt
[4.616s] writing requirements to ../../build/wheel_controller/wheel_controller.egg-info/requires.txt
[4.617s] writing top-level names to ../../build/wheel_controller/wheel_controller.egg-info/top_level.txt
[4.626s] reading manifest file '../../build/wheel_controller/wheel_controller.egg-info/SOURCES.txt'
[4.629s] writing manifest file '../../build/wheel_controller/wheel_controller.egg-info/SOURCES.txt'
[4.631s] running build
[4.631s] running build_py
[4.632s] copying wheel_controller/wheel_controller.py -> /home/dora/dora_ros2_ws/robot_ws/build/wheel_controller/build/lib/wheel_controller
[4.633s] running install
[4.634s] running install_lib
[4.638s] copying /home/dora/dora_ros2_ws/robot_ws/build/wheel_controller/build/lib/wheel_controller/wheel_controller.py -> /home/dora/dora_ros2_ws/robot_ws/install/wheel_controller/lib/python3.10/site-packages/wheel_controller
[4.641s] byte-compiling /home/dora/dora_ros2_ws/robot_ws/install/wheel_controller/lib/python3.10/site-packages/wheel_controller/wheel_controller.py to wheel_controller.cpython-310.pyc
[4.648s] running install_data
[4.649s] running install_egg_info
[4.656s] removing '/home/dora/dora_ros2_ws/robot_ws/install/wheel_controller/lib/python3.10/site-packages/wheel_controller-0.0.0-py3.10.egg-info' (and everything under it)
[4.658s] Copying ../../build/wheel_controller/wheel_controller.egg-info to /home/dora/dora_ros2_ws/robot_ws/install/wheel_controller/lib/python3.10/site-packages/wheel_controller-0.0.0-py3.10.egg-info
[4.666s] running install_scripts
[4.746s] Installing wheel_controller script to /home/dora/dora_ros2_ws/robot_ws/install/wheel_controller/lib/wheel_controller
[4.748s] writing list of installed files to '/home/dora/dora_ros2_ws/robot_ws/build/wheel_controller/install.log'
[4.873s] Invoked command in '/home/dora/dora_ros2_ws/robot_ws/src/wheel_controller' returned '0': PYTHONPATH=/home/dora/dora_ros2_ws/robot_ws/build/wheel_controller/prefix_override:/usr/lib/python3/dist-packages/colcon_core/task/python/colcon_distutils_commands:/home/dora/dora_ros2_ws/robot_ws/install/wheel_controller/lib/python3.10/site-packages:${PYTHONPATH} /usr/bin/python3 -W ignore:setup.py install is deprecated setup.py egg_info --egg-base ../../build/wheel_controller build --build-base /home/dora/dora_ros2_ws/robot_ws/build/wheel_controller/build install --record /home/dora/dora_ros2_ws/robot_ws/build/wheel_controller/install.log --single-version-externally-managed install_data
