[0.513s] DEBUG:colcon:Command line arguments: ['/usr/bin/colcon', 'build', '--packages-select', 'wheel_controller']
[0.513s] DEBUG:colcon:Parsed command line arguments: Namespace(log_base=None, log_level=None, verb_name='build', build_base='build', install_base='install', merge_install=False, symlink_install=False, test_result_base=None, continue_on_error=False, executor='parallel', parallel_workers=4, event_handlers=None, ignore_user_meta=False, metas=['./colcon.meta'], base_paths=['.'], packages_ignore=None, packages_ignore_regex=None, paths=None, packages_up_to=None, packages_up_to_regex=None, packages_above=None, packages_above_and_dependencies=None, packages_above_depth=None, packages_select_by_dep=None, packages_skip_by_dep=None, packages_skip_up_to=None, packages_select_build_failed=False, packages_skip_build_finished=False, packages_select_test_failures=False, packages_skip_test_passed=False, packages_select=['wheel_controller'], packages_skip=None, packages_select_regex=None, packages_skip_regex=None, packages_start=None, packages_end=None, allow_overriding=[], cmake_args=None, cmake_target=None, cmake_target_skip_unavailable=False, cmake_clean_cache=False, cmake_clean_first=False, cmake_force_configure=False, ament_cmake_args=None, catkin_cmake_args=None, catkin_skip_building_tests=False, verb_parser=<colcon_defaults.argument_parser.defaults.DefaultArgumentsDecorator object at 0xffff8cd1b400>, verb_extension=<colcon_core.verb.build.BuildVerb object at 0xffff8ceb0550>, main=<bound method BuildVerb.main of <colcon_core.verb.build.BuildVerb object at 0xffff8ceb0550>>)
[1.372s] Level 1:colcon.colcon_core.package_discovery:discover_packages(colcon_meta) check parameters
[1.372s] Level 1:colcon.colcon_core.package_discovery:discover_packages(recursive) check parameters
[1.373s] Level 1:colcon.colcon_core.package_discovery:discover_packages(ignore) check parameters
[1.373s] Level 1:colcon.colcon_core.package_discovery:discover_packages(path) check parameters
[1.373s] Level 1:colcon.colcon_core.package_discovery:discover_packages(colcon_meta) discover
[1.373s] Level 1:colcon.colcon_core.package_discovery:discover_packages(recursive) discover
[1.373s] INFO:colcon.colcon_core.package_discovery:Crawling recursively for packages in '/home/dora/dora_ros2_ws/robot_ws'
[1.374s] Level 1:colcon.colcon_core.package_identification:_identify(.) by extensions ['ignore', 'ignore_ament_install']
[1.374s] Level 1:colcon.colcon_core.package_identification:_identify(.) by extension 'ignore'
[1.374s] Level 1:colcon.colcon_core.package_identification:_identify(.) by extension 'ignore_ament_install'
[1.375s] Level 1:colcon.colcon_core.package_identification:_identify(.) by extensions ['colcon_pkg']
[1.375s] Level 1:colcon.colcon_core.package_identification:_identify(.) by extension 'colcon_pkg'
[1.375s] Level 1:colcon.colcon_core.package_identification:_identify(.) by extensions ['colcon_meta']
[1.375s] Level 1:colcon.colcon_core.package_identification:_identify(.) by extension 'colcon_meta'
[1.375s] Level 1:colcon.colcon_core.package_identification:_identify(.) by extensions ['ros']
[1.376s] Level 1:colcon.colcon_core.package_identification:_identify(.) by extension 'ros'
[1.430s] Level 1:colcon.colcon_core.package_identification:_identify(.) by extensions ['cmake', 'python']
[1.430s] Level 1:colcon.colcon_core.package_identification:_identify(.) by extension 'cmake'
[1.430s] Level 1:colcon.colcon_core.package_identification:_identify(.) by extension 'python'
[1.431s] Level 1:colcon.colcon_core.package_identification:_identify(.) by extensions ['python_setup_py']
[1.431s] Level 1:colcon.colcon_core.package_identification:_identify(.) by extension 'python_setup_py'
[1.431s] Level 1:colcon.colcon_core.package_identification:_identify(build) by extensions ['ignore', 'ignore_ament_install']
[1.432s] Level 1:colcon.colcon_core.package_identification:_identify(build) by extension 'ignore'
[1.432s] Level 1:colcon.colcon_core.package_identification:_identify(build) ignored
[1.433s] Level 1:colcon.colcon_core.package_identification:_identify(install) by extensions ['ignore', 'ignore_ament_install']
[1.433s] Level 1:colcon.colcon_core.package_identification:_identify(install) by extension 'ignore'
[1.434s] Level 1:colcon.colcon_core.package_identification:_identify(install) ignored
[1.435s] Level 1:colcon.colcon_core.package_identification:_identify(log) by extensions ['ignore', 'ignore_ament_install']
[1.436s] Level 1:colcon.colcon_core.package_identification:_identify(log) by extension 'ignore'
[1.437s] Level 1:colcon.colcon_core.package_identification:_identify(log) ignored
[1.437s] Level 1:colcon.colcon_core.package_identification:_identify(src) by extensions ['ignore', 'ignore_ament_install']
[1.438s] Level 1:colcon.colcon_core.package_identification:_identify(src) by extension 'ignore'
[1.438s] Level 1:colcon.colcon_core.package_identification:_identify(src) by extension 'ignore_ament_install'
[1.438s] Level 1:colcon.colcon_core.package_identification:_identify(src) by extensions ['colcon_pkg']
[1.438s] Level 1:colcon.colcon_core.package_identification:_identify(src) by extension 'colcon_pkg'
[1.439s] Level 1:colcon.colcon_core.package_identification:_identify(src) by extensions ['colcon_meta']
[1.439s] Level 1:colcon.colcon_core.package_identification:_identify(src) by extension 'colcon_meta'
[1.439s] Level 1:colcon.colcon_core.package_identification:_identify(src) by extensions ['ros']
[1.439s] Level 1:colcon.colcon_core.package_identification:_identify(src) by extension 'ros'
[1.440s] Level 1:colcon.colcon_core.package_identification:_identify(src) by extensions ['cmake', 'python']
[1.440s] Level 1:colcon.colcon_core.package_identification:_identify(src) by extension 'cmake'
[1.440s] Level 1:colcon.colcon_core.package_identification:_identify(src) by extension 'python'
[1.441s] Level 1:colcon.colcon_core.package_identification:_identify(src) by extensions ['python_setup_py']
[1.441s] Level 1:colcon.colcon_core.package_identification:_identify(src) by extension 'python_setup_py'
[1.441s] Level 1:colcon.colcon_core.package_identification:_identify(src/encoder_odometry) by extensions ['ignore', 'ignore_ament_install']
[1.442s] Level 1:colcon.colcon_core.package_identification:_identify(src/encoder_odometry) by extension 'ignore'
[1.442s] Level 1:colcon.colcon_core.package_identification:_identify(src/encoder_odometry) by extension 'ignore_ament_install'
[1.443s] Level 1:colcon.colcon_core.package_identification:_identify(src/encoder_odometry) by extensions ['colcon_pkg']
[1.443s] Level 1:colcon.colcon_core.package_identification:_identify(src/encoder_odometry) by extension 'colcon_pkg'
[1.444s] Level 1:colcon.colcon_core.package_identification:_identify(src/encoder_odometry) by extensions ['colcon_meta']
[1.444s] Level 1:colcon.colcon_core.package_identification:_identify(src/encoder_odometry) by extension 'colcon_meta'
[1.445s] Level 1:colcon.colcon_core.package_identification:_identify(src/encoder_odometry) by extensions ['ros']
[1.445s] Level 1:colcon.colcon_core.package_identification:_identify(src/encoder_odometry) by extension 'ros'
[1.456s] DEBUG:colcon.colcon_core.package_identification:Package 'src/encoder_odometry' with type 'ros.ament_python' and name 'encoder_odometry'
[1.457s] Level 1:colcon.colcon_core.package_identification:_identify(src/encoder_odometrytest) by extensions ['ignore', 'ignore_ament_install']
[1.457s] Level 1:colcon.colcon_core.package_identification:_identify(src/encoder_odometrytest) by extension 'ignore'
[1.458s] Level 1:colcon.colcon_core.package_identification:_identify(src/encoder_odometrytest) by extension 'ignore_ament_install'
[1.458s] Level 1:colcon.colcon_core.package_identification:_identify(src/encoder_odometrytest) by extensions ['colcon_pkg']
[1.458s] Level 1:colcon.colcon_core.package_identification:_identify(src/encoder_odometrytest) by extension 'colcon_pkg'
[1.458s] Level 1:colcon.colcon_core.package_identification:_identify(src/encoder_odometrytest) by extensions ['colcon_meta']
[1.458s] Level 1:colcon.colcon_core.package_identification:_identify(src/encoder_odometrytest) by extension 'colcon_meta'
[1.459s] Level 1:colcon.colcon_core.package_identification:_identify(src/encoder_odometrytest) by extensions ['ros']
[1.459s] Level 1:colcon.colcon_core.package_identification:_identify(src/encoder_odometrytest) by extension 'ros'
[1.463s] DEBUG:colcon.colcon_core.package_identification:Package 'src/encoder_odometrytest' with type 'ros.ament_python' and name 'encoder_odometrytest'
[1.464s] Level 1:colcon.colcon_core.package_identification:_identify(src/rplidar_ros) by extensions ['ignore', 'ignore_ament_install']
[1.465s] Level 1:colcon.colcon_core.package_identification:_identify(src/rplidar_ros) by extension 'ignore'
[1.465s] Level 1:colcon.colcon_core.package_identification:_identify(src/rplidar_ros) by extension 'ignore_ament_install'
[1.465s] Level 1:colcon.colcon_core.package_identification:_identify(src/rplidar_ros) by extensions ['colcon_pkg']
[1.466s] Level 1:colcon.colcon_core.package_identification:_identify(src/rplidar_ros) by extension 'colcon_pkg'
[1.466s] Level 1:colcon.colcon_core.package_identification:_identify(src/rplidar_ros) by extensions ['colcon_meta']
[1.466s] Level 1:colcon.colcon_core.package_identification:_identify(src/rplidar_ros) by extension 'colcon_meta'
[1.467s] Level 1:colcon.colcon_core.package_identification:_identify(src/rplidar_ros) by extensions ['ros']
[1.467s] Level 1:colcon.colcon_core.package_identification:_identify(src/rplidar_ros) by extension 'ros'
[1.469s] DEBUG:colcon.colcon_core.package_identification:Package 'src/rplidar_ros' with type 'ros.ament_cmake' and name 'rplidar_ros'
[1.470s] Level 1:colcon.colcon_core.package_identification:_identify(src/serial_coms) by extensions ['ignore', 'ignore_ament_install']
[1.471s] Level 1:colcon.colcon_core.package_identification:_identify(src/serial_coms) by extension 'ignore'
[1.471s] Level 1:colcon.colcon_core.package_identification:_identify(src/serial_coms) by extension 'ignore_ament_install'
[1.472s] Level 1:colcon.colcon_core.package_identification:_identify(src/serial_coms) by extensions ['colcon_pkg']
[1.472s] Level 1:colcon.colcon_core.package_identification:_identify(src/serial_coms) by extension 'colcon_pkg'
[1.473s] Level 1:colcon.colcon_core.package_identification:_identify(src/serial_coms) by extensions ['colcon_meta']
[1.473s] Level 1:colcon.colcon_core.package_identification:_identify(src/serial_coms) by extension 'colcon_meta'
[1.474s] Level 1:colcon.colcon_core.package_identification:_identify(src/serial_coms) by extensions ['ros']
[1.474s] Level 1:colcon.colcon_core.package_identification:_identify(src/serial_coms) by extension 'ros'
[1.477s] DEBUG:colcon.colcon_core.package_identification:Package 'src/serial_coms' with type 'ros.ament_python' and name 'serial_coms'
[1.477s] Level 1:colcon.colcon_core.package_identification:_identify(src/velocity_controller) by extensions ['ignore', 'ignore_ament_install']
[1.478s] Level 1:colcon.colcon_core.package_identification:_identify(src/velocity_controller) by extension 'ignore'
[1.478s] Level 1:colcon.colcon_core.package_identification:_identify(src/velocity_controller) by extension 'ignore_ament_install'
[1.478s] Level 1:colcon.colcon_core.package_identification:_identify(src/velocity_controller) by extensions ['colcon_pkg']
[1.478s] Level 1:colcon.colcon_core.package_identification:_identify(src/velocity_controller) by extension 'colcon_pkg'
[1.479s] Level 1:colcon.colcon_core.package_identification:_identify(src/velocity_controller) by extensions ['colcon_meta']
[1.479s] Level 1:colcon.colcon_core.package_identification:_identify(src/velocity_controller) by extension 'colcon_meta'
[1.479s] Level 1:colcon.colcon_core.package_identification:_identify(src/velocity_controller) by extensions ['ros']
[1.479s] Level 1:colcon.colcon_core.package_identification:_identify(src/velocity_controller) by extension 'ros'
[1.481s] DEBUG:colcon.colcon_core.package_identification:Package 'src/velocity_controller' with type 'ros.ament_python' and name 'velocity_controller'
[1.482s] Level 1:colcon.colcon_core.package_identification:_identify(src/wheel_controller) by extensions ['ignore', 'ignore_ament_install']
[1.483s] Level 1:colcon.colcon_core.package_identification:_identify(src/wheel_controller) by extension 'ignore'
[1.483s] Level 1:colcon.colcon_core.package_identification:_identify(src/wheel_controller) by extension 'ignore_ament_install'
[1.483s] Level 1:colcon.colcon_core.package_identification:_identify(src/wheel_controller) by extensions ['colcon_pkg']
[1.484s] Level 1:colcon.colcon_core.package_identification:_identify(src/wheel_controller) by extension 'colcon_pkg'
[1.484s] Level 1:colcon.colcon_core.package_identification:_identify(src/wheel_controller) by extensions ['colcon_meta']
[1.484s] Level 1:colcon.colcon_core.package_identification:_identify(src/wheel_controller) by extension 'colcon_meta'
[1.484s] Level 1:colcon.colcon_core.package_identification:_identify(src/wheel_controller) by extensions ['ros']
[1.484s] Level 1:colcon.colcon_core.package_identification:_identify(src/wheel_controller) by extension 'ros'
[1.486s] DEBUG:colcon.colcon_core.package_identification:Package 'src/wheel_controller' with type 'ros.ament_python' and name 'wheel_controller'
[1.487s] Level 1:colcon.colcon_core.package_discovery:discover_packages(recursive) using defaults
[1.487s] Level 1:colcon.colcon_core.package_discovery:discover_packages(ignore) discover
[1.487s] Level 1:colcon.colcon_core.package_discovery:discover_packages(ignore) using defaults
[1.487s] Level 1:colcon.colcon_core.package_discovery:discover_packages(path) discover
[1.487s] Level 1:colcon.colcon_core.package_discovery:discover_packages(path) using defaults
[1.587s] INFO:colcon.colcon_core.package_selection:Skipping not selected package 'encoder_odometry' in 'src/encoder_odometry'
[1.587s] INFO:colcon.colcon_core.package_selection:Skipping not selected package 'encoder_odometrytest' in 'src/encoder_odometrytest'
[1.587s] INFO:colcon.colcon_core.package_selection:Skipping not selected package 'rplidar_ros' in 'src/rplidar_ros'
[1.587s] INFO:colcon.colcon_core.package_selection:Skipping not selected package 'serial_coms' in 'src/serial_coms'
[1.587s] INFO:colcon.colcon_core.package_selection:Skipping not selected package 'velocity_controller' in 'src/velocity_controller'
[1.589s] Level 1:colcon.colcon_core.package_discovery:discover_packages(prefix_path) check parameters
[1.589s] Level 1:colcon.colcon_core.package_discovery:discover_packages(prefix_path) discover
[1.599s] DEBUG:colcon.colcon_installed_package_information.package_discovery:Found 6 installed packages in /home/dora/dora_ros2_ws/robot_ws/install
[1.607s] DEBUG:colcon.colcon_installed_package_information.package_discovery:Found 204 installed packages in /opt/ros/humble
[1.613s] Level 1:colcon.colcon_core.package_discovery:discover_packages(prefix_path) using defaults
[1.754s] Level 5:colcon.colcon_core.verb:set package 'wheel_controller' build argument 'cmake_args' from command line to 'None'
[1.754s] Level 5:colcon.colcon_core.verb:set package 'wheel_controller' build argument 'cmake_target' from command line to 'None'
[1.754s] Level 5:colcon.colcon_core.verb:set package 'wheel_controller' build argument 'cmake_target_skip_unavailable' from command line to 'False'
[1.755s] Level 5:colcon.colcon_core.verb:set package 'wheel_controller' build argument 'cmake_clean_cache' from command line to 'False'
[1.755s] Level 5:colcon.colcon_core.verb:set package 'wheel_controller' build argument 'cmake_clean_first' from command line to 'False'
[1.755s] Level 5:colcon.colcon_core.verb:set package 'wheel_controller' build argument 'cmake_force_configure' from command line to 'False'
[1.755s] Level 5:colcon.colcon_core.verb:set package 'wheel_controller' build argument 'ament_cmake_args' from command line to 'None'
[1.755s] Level 5:colcon.colcon_core.verb:set package 'wheel_controller' build argument 'catkin_cmake_args' from command line to 'None'
[1.755s] Level 5:colcon.colcon_core.verb:set package 'wheel_controller' build argument 'catkin_skip_building_tests' from command line to 'False'
[1.755s] DEBUG:colcon.colcon_core.verb:Building package 'wheel_controller' with the following arguments: {'ament_cmake_args': None, 'build_base': '/home/dora/dora_ros2_ws/robot_ws/build/wheel_controller', 'catkin_cmake_args': None, 'catkin_skip_building_tests': False, 'cmake_args': None, 'cmake_clean_cache': False, 'cmake_clean_first': False, 'cmake_force_configure': False, 'cmake_target': None, 'cmake_target_skip_unavailable': False, 'install_base': '/home/dora/dora_ros2_ws/robot_ws/install/wheel_controller', 'merge_install': False, 'path': '/home/dora/dora_ros2_ws/robot_ws/src/wheel_controller', 'symlink_install': False, 'test_result_base': None}
[1.756s] INFO:colcon.colcon_core.executor:Executing jobs using 'parallel' executor
[1.760s] DEBUG:colcon.colcon_parallel_executor.executor.parallel:run_until_complete
[1.761s] INFO:colcon.colcon_ros.task.ament_python.build:Building ROS package in '/home/dora/dora_ros2_ws/robot_ws/src/wheel_controller' with build type 'ament_python'
[1.762s] Level 1:colcon.colcon_core.shell:create_environment_hook('wheel_controller', 'ament_prefix_path')
[1.773s] INFO:colcon.colcon_core.plugin_system:Skipping extension 'colcon_core.shell.bat': Not used on non-Windows systems
[1.774s] INFO:colcon.colcon_core.shell:Creating environment hook '/home/dora/dora_ros2_ws/robot_ws/install/wheel_controller/share/wheel_controller/hook/ament_prefix_path.ps1'
[1.777s] INFO:colcon.colcon_core.shell:Creating environment descriptor '/home/dora/dora_ros2_ws/robot_ws/install/wheel_controller/share/wheel_controller/hook/ament_prefix_path.dsv'
[1.779s] INFO:colcon.colcon_core.shell:Creating environment hook '/home/dora/dora_ros2_ws/robot_ws/install/wheel_controller/share/wheel_controller/hook/ament_prefix_path.sh'
[1.783s] INFO:colcon.colcon_core.shell:Skip shell extension 'powershell' for command environment: Not usable outside of PowerShell
[1.783s] DEBUG:colcon.colcon_core.shell:Skip shell extension 'dsv' for command environment
[3.048s] INFO:colcon.colcon_core.task.python.build:Building Python package in '/home/dora/dora_ros2_ws/robot_ws/src/wheel_controller'
[3.049s] INFO:colcon.colcon_core.shell:Skip shell extension 'powershell' for command environment: Not usable outside of PowerShell
[3.049s] DEBUG:colcon.colcon_core.shell:Skip shell extension 'dsv' for command environment
[4.806s] DEBUG:colcon.colcon_core.event_handler.log_command:Invoking command in '/home/dora/dora_ros2_ws/robot_ws/src/wheel_controller': PYTHONPATH=/home/dora/dora_ros2_ws/robot_ws/build/wheel_controller/prefix_override:/usr/lib/python3/dist-packages/colcon_core/task/python/colcon_distutils_commands:/home/dora/dora_ros2_ws/robot_ws/install/wheel_controller/lib/python3.10/site-packages:${PYTHONPATH} /usr/bin/python3 -W ignore:setup.py install is deprecated setup.py egg_info --egg-base ../../build/wheel_controller build --build-base /home/dora/dora_ros2_ws/robot_ws/build/wheel_controller/build install --record /home/dora/dora_ros2_ws/robot_ws/build/wheel_controller/install.log --single-version-externally-managed install_data
[6.190s] DEBUG:colcon.colcon_core.event_handler.log_command:Invoked command in '/home/dora/dora_ros2_ws/robot_ws/src/wheel_controller' returned '0': PYTHONPATH=/home/dora/dora_ros2_ws/robot_ws/build/wheel_controller/prefix_override:/usr/lib/python3/dist-packages/colcon_core/task/python/colcon_distutils_commands:/home/dora/dora_ros2_ws/robot_ws/install/wheel_controller/lib/python3.10/site-packages:${PYTHONPATH} /usr/bin/python3 -W ignore:setup.py install is deprecated setup.py egg_info --egg-base ../../build/wheel_controller build --build-base /home/dora/dora_ros2_ws/robot_ws/build/wheel_controller/build install --record /home/dora/dora_ros2_ws/robot_ws/build/wheel_controller/install.log --single-version-externally-managed install_data
[6.205s] Level 1:colcon.colcon_core.environment:checking '/home/dora/dora_ros2_ws/robot_ws/install/wheel_controller' for CMake module files
[6.209s] Level 1:colcon.colcon_core.environment:checking '/home/dora/dora_ros2_ws/robot_ws/install/wheel_controller' for CMake config files
[6.214s] Level 1:colcon.colcon_core.environment:checking '/home/dora/dora_ros2_ws/robot_ws/install/wheel_controller/lib'
[6.215s] Level 1:colcon.colcon_core.environment:checking '/home/dora/dora_ros2_ws/robot_ws/install/wheel_controller/bin'
[6.215s] Level 1:colcon.colcon_core.environment:checking '/home/dora/dora_ros2_ws/robot_ws/install/wheel_controller/lib/pkgconfig/wheel_controller.pc'
[6.216s] Level 1:colcon.colcon_core.environment:checking '/home/dora/dora_ros2_ws/robot_ws/install/wheel_controller/lib/python3.10/site-packages'
[6.217s] Level 1:colcon.colcon_core.shell:create_environment_hook('wheel_controller', 'pythonpath')
[6.218s] INFO:colcon.colcon_core.shell:Creating environment hook '/home/dora/dora_ros2_ws/robot_ws/install/wheel_controller/share/wheel_controller/hook/pythonpath.ps1'
[6.220s] INFO:colcon.colcon_core.shell:Creating environment descriptor '/home/dora/dora_ros2_ws/robot_ws/install/wheel_controller/share/wheel_controller/hook/pythonpath.dsv'
[6.222s] INFO:colcon.colcon_core.shell:Creating environment hook '/home/dora/dora_ros2_ws/robot_ws/install/wheel_controller/share/wheel_controller/hook/pythonpath.sh'
[6.225s] Level 1:colcon.colcon_core.environment:checking '/home/dora/dora_ros2_ws/robot_ws/install/wheel_controller/bin'
[6.226s] Level 1:colcon.colcon_core.environment:create_environment_scripts_only(wheel_controller)
[6.228s] INFO:colcon.colcon_core.shell:Creating package script '/home/dora/dora_ros2_ws/robot_ws/install/wheel_controller/share/wheel_controller/package.ps1'
[6.232s] INFO:colcon.colcon_core.shell:Creating package descriptor '/home/dora/dora_ros2_ws/robot_ws/install/wheel_controller/share/wheel_controller/package.dsv'
[6.236s] INFO:colcon.colcon_core.shell:Creating package script '/home/dora/dora_ros2_ws/robot_ws/install/wheel_controller/share/wheel_controller/package.sh'
[6.241s] INFO:colcon.colcon_core.shell:Creating package script '/home/dora/dora_ros2_ws/robot_ws/install/wheel_controller/share/wheel_controller/package.bash'
[6.244s] INFO:colcon.colcon_core.shell:Creating package script '/home/dora/dora_ros2_ws/robot_ws/install/wheel_controller/share/wheel_controller/package.zsh'
[6.247s] Level 1:colcon.colcon_core.environment:create_file_with_runtime_dependencies(/home/dora/dora_ros2_ws/robot_ws/install/wheel_controller/share/colcon-core/packages/wheel_controller)
[6.249s] DEBUG:colcon.colcon_parallel_executor.executor.parallel:closing loop
[6.250s] DEBUG:colcon.colcon_parallel_executor.executor.parallel:loop closed
[6.251s] DEBUG:colcon.colcon_parallel_executor.executor.parallel:run_until_complete finished with '0'
[6.251s] DEBUG:colcon.colcon_core.event_reactor:joining thread
[6.274s] INFO:colcon.colcon_core.plugin_system:Skipping extension 'colcon_notification.desktop_notification.terminal_notifier': Not used on non-Darwin systems
[6.274s] INFO:colcon.colcon_core.plugin_system:Skipping extension 'colcon_notification.desktop_notification.win32': Not used on non-Windows systems
[6.274s] INFO:colcon.colcon_notification.desktop_notification:Sending desktop notification using 'notify2'
