[11.693s] Invoking command in '/home/dora/dora_ros2_ws/robot_ws/src/serial_coms': PYTHONPATH=/home/dora/dora_ros2_ws/robot_ws/build/serial_coms/prefix_override:/usr/lib/python3/dist-packages/colcon_core/task/python/colcon_distutils_commands:/home/dora/dora_ros2_ws/robot_ws/install/serial_coms/lib/python3.10/site-packages:${PYTHONPATH} /usr/bin/python3 -W ignore:setup.py install is deprecated setup.py egg_info --egg-base ../../build/serial_coms build --build-base /home/dora/dora_ros2_ws/robot_ws/build/serial_coms/build install --record /home/dora/dora_ros2_ws/robot_ws/build/serial_coms/install.log --single-version-externally-managed install_data
[13.798s] running egg_info
[13.804s] writing ../../build/serial_coms/serial_coms.egg-info/PKG-INFO
[13.807s] writing dependency_links to ../../build/serial_coms/serial_coms.egg-info/dependency_links.txt
[13.808s] writing entry points to ../../build/serial_coms/serial_coms.egg-info/entry_points.txt
[13.809s] writing requirements to ../../build/serial_coms/serial_coms.egg-info/requires.txt
[13.810s] writing top-level names to ../../build/serial_coms/serial_coms.egg-info/top_level.txt
[13.818s] reading manifest file '../../build/serial_coms/serial_coms.egg-info/SOURCES.txt'
[13.820s] adding license file 'LICENSE'
[13.821s] writing manifest file '../../build/serial_coms/serial_coms.egg-info/SOURCES.txt'
[13.823s] running build
[13.824s] running build_py
[13.828s] running install
[13.829s] running install_lib
[13.839s] running install_data
[13.845s] running install_egg_info
[13.867s] removing '/home/dora/dora_ros2_ws/robot_ws/install/serial_coms/lib/python3.10/site-packages/serial_coms-0.0.0-py3.10.egg-info' (and everything under it)
[13.887s] Copying ../../build/serial_coms/serial_coms.egg-info to /home/dora/dora_ros2_ws/robot_ws/install/serial_coms/lib/python3.10/site-packages/serial_coms-0.0.0-py3.10.egg-info
[13.924s] running install_scripts
[14.087s] writing list of installed files to '/home/dora/dora_ros2_ws/robot_ws/build/serial_coms/install.log'
[15.710s] Invoked command in '/home/dora/dora_ros2_ws/robot_ws/src/serial_coms' returned '0': PYTHONPATH=/home/dora/dora_ros2_ws/robot_ws/build/serial_coms/prefix_override:/usr/lib/python3/dist-packages/colcon_core/task/python/colcon_distutils_commands:/home/dora/dora_ros2_ws/robot_ws/install/serial_coms/lib/python3.10/site-packages:${PYTHONPATH} /usr/bin/python3 -W ignore:setup.py install is deprecated setup.py egg_info --egg-base ../../build/serial_coms build --build-base /home/dora/dora_ros2_ws/robot_ws/build/serial_coms/build install --record /home/dora/dora_ros2_ws/robot_ws/build/serial_coms/install.log --single-version-externally-managed install_data
