[0.859s] DEBUG:colcon:Command line arguments: ['/usr/bin/colcon', 'build']
[0.860s] DEBUG:colcon:Parsed command line arguments: Namespace(log_base=None, log_level=None, verb_name='build', build_base='build', install_base='install', merge_install=False, symlink_install=False, test_result_base=None, continue_on_error=False, executor='parallel', parallel_workers=4, event_handlers=None, ignore_user_meta=False, metas=['./colcon.meta'], base_paths=['.'], packages_ignore=None, packages_ignore_regex=None, paths=None, packages_up_to=None, packages_up_to_regex=None, packages_above=None, packages_above_and_dependencies=None, packages_above_depth=None, packages_select_by_dep=None, packages_skip_by_dep=None, packages_skip_up_to=None, packages_select_build_failed=False, packages_skip_build_finished=False, packages_select_test_failures=False, packages_skip_test_passed=False, packages_select=None, packages_skip=None, packages_select_regex=None, packages_skip_regex=None, packages_start=None, packages_end=None, allow_overriding=[], cmake_args=None, cmake_target=None, cmake_target_skip_unavailable=False, cmake_clean_cache=False, cmake_clean_first=False, cmake_force_configure=False, ament_cmake_args=None, catkin_cmake_args=None, catkin_skip_building_tests=False, verb_parser=<colcon_defaults.argument_parser.defaults.DefaultArgumentsDecorator object at 0xffffa4d86c80>, verb_extension=<colcon_core.verb.build.BuildVerb object at 0xffffa5157820>, main=<bound method BuildVerb.main of <colcon_core.verb.build.BuildVerb object at 0xffffa5157820>>)
[2.074s] Level 1:colcon.colcon_core.package_discovery:discover_packages(colcon_meta) check parameters
[2.075s] Level 1:colcon.colcon_core.package_discovery:discover_packages(recursive) check parameters
[2.075s] Level 1:colcon.colcon_core.package_discovery:discover_packages(ignore) check parameters
[2.076s] Level 1:colcon.colcon_core.package_discovery:discover_packages(path) check parameters
[2.076s] Level 1:colcon.colcon_core.package_discovery:discover_packages(colcon_meta) discover
[2.076s] Level 1:colcon.colcon_core.package_discovery:discover_packages(recursive) discover
[2.076s] INFO:colcon.colcon_core.package_discovery:Crawling recursively for packages in '/home/dora/dora_ros2_ws/robot_ws'
[2.077s] Level 1:colcon.colcon_core.package_identification:_identify(.) by extensions ['ignore', 'ignore_ament_install']
[2.078s] Level 1:colcon.colcon_core.package_identification:_identify(.) by extension 'ignore'
[2.078s] Level 1:colcon.colcon_core.package_identification:_identify(.) by extension 'ignore_ament_install'
[2.079s] Level 1:colcon.colcon_core.package_identification:_identify(.) by extensions ['colcon_pkg']
[2.079s] Level 1:colcon.colcon_core.package_identification:_identify(.) by extension 'colcon_pkg'
[2.079s] Level 1:colcon.colcon_core.package_identification:_identify(.) by extensions ['colcon_meta']
[2.080s] Level 1:colcon.colcon_core.package_identification:_identify(.) by extension 'colcon_meta'
[2.080s] Level 1:colcon.colcon_core.package_identification:_identify(.) by extensions ['ros']
[2.080s] Level 1:colcon.colcon_core.package_identification:_identify(.) by extension 'ros'
[2.139s] Level 1:colcon.colcon_core.package_identification:_identify(.) by extensions ['cmake', 'python']
[2.140s] Level 1:colcon.colcon_core.package_identification:_identify(.) by extension 'cmake'
[2.140s] Level 1:colcon.colcon_core.package_identification:_identify(.) by extension 'python'
[2.141s] Level 1:colcon.colcon_core.package_identification:_identify(.) by extensions ['python_setup_py']
[2.141s] Level 1:colcon.colcon_core.package_identification:_identify(.) by extension 'python_setup_py'
[2.143s] Level 1:colcon.colcon_core.package_identification:_identify(build) by extensions ['ignore', 'ignore_ament_install']
[2.143s] Level 1:colcon.colcon_core.package_identification:_identify(build) by extension 'ignore'
[2.144s] Level 1:colcon.colcon_core.package_identification:_identify(build) ignored
[2.145s] Level 1:colcon.colcon_core.package_identification:_identify(install) by extensions ['ignore', 'ignore_ament_install']
[2.146s] Level 1:colcon.colcon_core.package_identification:_identify(install) by extension 'ignore'
[2.146s] Level 1:colcon.colcon_core.package_identification:_identify(install) ignored
[2.148s] Level 1:colcon.colcon_core.package_identification:_identify(log) by extensions ['ignore', 'ignore_ament_install']
[2.149s] Level 1:colcon.colcon_core.package_identification:_identify(log) by extension 'ignore'
[2.149s] Level 1:colcon.colcon_core.package_identification:_identify(log) ignored
[2.150s] Level 1:colcon.colcon_core.package_identification:_identify(src) by extensions ['ignore', 'ignore_ament_install']
[2.151s] Level 1:colcon.colcon_core.package_identification:_identify(src) by extension 'ignore'
[2.152s] Level 1:colcon.colcon_core.package_identification:_identify(src) by extension 'ignore_ament_install'
[2.153s] Level 1:colcon.colcon_core.package_identification:_identify(src) by extensions ['colcon_pkg']
[2.154s] Level 1:colcon.colcon_core.package_identification:_identify(src) by extension 'colcon_pkg'
[2.154s] Level 1:colcon.colcon_core.package_identification:_identify(src) by extensions ['colcon_meta']
[2.155s] Level 1:colcon.colcon_core.package_identification:_identify(src) by extension 'colcon_meta'
[2.155s] Level 1:colcon.colcon_core.package_identification:_identify(src) by extensions ['ros']
[2.156s] Level 1:colcon.colcon_core.package_identification:_identify(src) by extension 'ros'
[2.156s] Level 1:colcon.colcon_core.package_identification:_identify(src) by extensions ['cmake', 'python']
[2.157s] Level 1:colcon.colcon_core.package_identification:_identify(src) by extension 'cmake'
[2.157s] Level 1:colcon.colcon_core.package_identification:_identify(src) by extension 'python'
[2.157s] Level 1:colcon.colcon_core.package_identification:_identify(src) by extensions ['python_setup_py']
[2.157s] Level 1:colcon.colcon_core.package_identification:_identify(src) by extension 'python_setup_py'
[2.158s] Level 1:colcon.colcon_core.package_identification:_identify(src/encoder_odometry) by extensions ['ignore', 'ignore_ament_install']
[2.159s] Level 1:colcon.colcon_core.package_identification:_identify(src/encoder_odometry) by extension 'ignore'
[2.159s] Level 1:colcon.colcon_core.package_identification:_identify(src/encoder_odometry) by extension 'ignore_ament_install'
[2.160s] Level 1:colcon.colcon_core.package_identification:_identify(src/encoder_odometry) by extensions ['colcon_pkg']
[2.160s] Level 1:colcon.colcon_core.package_identification:_identify(src/encoder_odometry) by extension 'colcon_pkg'
[2.160s] Level 1:colcon.colcon_core.package_identification:_identify(src/encoder_odometry) by extensions ['colcon_meta']
[2.160s] Level 1:colcon.colcon_core.package_identification:_identify(src/encoder_odometry) by extension 'colcon_meta'
[2.161s] Level 1:colcon.colcon_core.package_identification:_identify(src/encoder_odometry) by extensions ['ros']
[2.161s] Level 1:colcon.colcon_core.package_identification:_identify(src/encoder_odometry) by extension 'ros'
[2.183s] DEBUG:colcon.colcon_core.package_identification:Package 'src/encoder_odometry' with type 'ros.ament_python' and name 'encoder_odometry'
[2.184s] Level 1:colcon.colcon_core.package_identification:_identify(src/encoder_odometrytest) by extensions ['ignore', 'ignore_ament_install']
[2.186s] Level 1:colcon.colcon_core.package_identification:_identify(src/encoder_odometrytest) by extension 'ignore'
[2.187s] Level 1:colcon.colcon_core.package_identification:_identify(src/encoder_odometrytest) by extension 'ignore_ament_install'
[2.187s] Level 1:colcon.colcon_core.package_identification:_identify(src/encoder_odometrytest) by extensions ['colcon_pkg']
[2.188s] Level 1:colcon.colcon_core.package_identification:_identify(src/encoder_odometrytest) by extension 'colcon_pkg'
[2.190s] Level 1:colcon.colcon_core.package_identification:_identify(src/encoder_odometrytest) by extensions ['colcon_meta']
[2.191s] Level 1:colcon.colcon_core.package_identification:_identify(src/encoder_odometrytest) by extension 'colcon_meta'
[2.193s] Level 1:colcon.colcon_core.package_identification:_identify(src/encoder_odometrytest) by extensions ['ros']
[2.194s] Level 1:colcon.colcon_core.package_identification:_identify(src/encoder_odometrytest) by extension 'ros'
[2.202s] DEBUG:colcon.colcon_core.package_identification:Package 'src/encoder_odometrytest' with type 'ros.ament_python' and name 'encoder_odometrytest'
[2.204s] Level 1:colcon.colcon_core.package_identification:_identify(src/rplidar_ros) by extensions ['ignore', 'ignore_ament_install']
[2.205s] Level 1:colcon.colcon_core.package_identification:_identify(src/rplidar_ros) by extension 'ignore'
[2.206s] Level 1:colcon.colcon_core.package_identification:_identify(src/rplidar_ros) by extension 'ignore_ament_install'
[2.207s] Level 1:colcon.colcon_core.package_identification:_identify(src/rplidar_ros) by extensions ['colcon_pkg']
[2.208s] Level 1:colcon.colcon_core.package_identification:_identify(src/rplidar_ros) by extension 'colcon_pkg'
[2.209s] Level 1:colcon.colcon_core.package_identification:_identify(src/rplidar_ros) by extensions ['colcon_meta']
[2.210s] Level 1:colcon.colcon_core.package_identification:_identify(src/rplidar_ros) by extension 'colcon_meta'
[2.211s] Level 1:colcon.colcon_core.package_identification:_identify(src/rplidar_ros) by extensions ['ros']
[2.212s] Level 1:colcon.colcon_core.package_identification:_identify(src/rplidar_ros) by extension 'ros'
[2.217s] DEBUG:colcon.colcon_core.package_identification:Package 'src/rplidar_ros' with type 'ros.ament_cmake' and name 'rplidar_ros'
[2.219s] Level 1:colcon.colcon_core.package_identification:_identify(src/serial_coms) by extensions ['ignore', 'ignore_ament_install']
[2.220s] Level 1:colcon.colcon_core.package_identification:_identify(src/serial_coms) by extension 'ignore'
[2.220s] Level 1:colcon.colcon_core.package_identification:_identify(src/serial_coms) by extension 'ignore_ament_install'
[2.221s] Level 1:colcon.colcon_core.package_identification:_identify(src/serial_coms) by extensions ['colcon_pkg']
[2.222s] Level 1:colcon.colcon_core.package_identification:_identify(src/serial_coms) by extension 'colcon_pkg'
[2.223s] Level 1:colcon.colcon_core.package_identification:_identify(src/serial_coms) by extensions ['colcon_meta']
[2.223s] Level 1:colcon.colcon_core.package_identification:_identify(src/serial_coms) by extension 'colcon_meta'
[2.224s] Level 1:colcon.colcon_core.package_identification:_identify(src/serial_coms) by extensions ['ros']
[2.225s] Level 1:colcon.colcon_core.package_identification:_identify(src/serial_coms) by extension 'ros'
[2.229s] DEBUG:colcon.colcon_core.package_identification:Package 'src/serial_coms' with type 'ros.ament_python' and name 'serial_coms'
[2.231s] Level 1:colcon.colcon_core.package_identification:_identify(src/velocity_controller) by extensions ['ignore', 'ignore_ament_install']
[2.233s] Level 1:colcon.colcon_core.package_identification:_identify(src/velocity_controller) by extension 'ignore'
[2.234s] Level 1:colcon.colcon_core.package_identification:_identify(src/velocity_controller) by extension 'ignore_ament_install'
[2.236s] Level 1:colcon.colcon_core.package_identification:_identify(src/velocity_controller) by extensions ['colcon_pkg']
[2.237s] Level 1:colcon.colcon_core.package_identification:_identify(src/velocity_controller) by extension 'colcon_pkg'
[2.238s] Level 1:colcon.colcon_core.package_identification:_identify(src/velocity_controller) by extensions ['colcon_meta']
[2.239s] Level 1:colcon.colcon_core.package_identification:_identify(src/velocity_controller) by extension 'colcon_meta'
[2.240s] Level 1:colcon.colcon_core.package_identification:_identify(src/velocity_controller) by extensions ['ros']
[2.241s] Level 1:colcon.colcon_core.package_identification:_identify(src/velocity_controller) by extension 'ros'
[2.245s] DEBUG:colcon.colcon_core.package_identification:Package 'src/velocity_controller' with type 'ros.ament_python' and name 'velocity_controller'
[2.247s] Level 1:colcon.colcon_core.package_identification:_identify(src/wheel_controller) by extensions ['ignore', 'ignore_ament_install']
[2.249s] Level 1:colcon.colcon_core.package_identification:_identify(src/wheel_controller) by extension 'ignore'
[2.250s] Level 1:colcon.colcon_core.package_identification:_identify(src/wheel_controller) by extension 'ignore_ament_install'
[2.250s] Level 1:colcon.colcon_core.package_identification:_identify(src/wheel_controller) by extensions ['colcon_pkg']
[2.251s] Level 1:colcon.colcon_core.package_identification:_identify(src/wheel_controller) by extension 'colcon_pkg'
[2.251s] Level 1:colcon.colcon_core.package_identification:_identify(src/wheel_controller) by extensions ['colcon_meta']
[2.251s] Level 1:colcon.colcon_core.package_identification:_identify(src/wheel_controller) by extension 'colcon_meta'
[2.252s] Level 1:colcon.colcon_core.package_identification:_identify(src/wheel_controller) by extensions ['ros']
[2.252s] Level 1:colcon.colcon_core.package_identification:_identify(src/wheel_controller) by extension 'ros'
[2.255s] DEBUG:colcon.colcon_core.package_identification:Package 'src/wheel_controller' with type 'ros.ament_python' and name 'wheel_controller'
[2.255s] Level 1:colcon.colcon_core.package_discovery:discover_packages(recursive) using defaults
[2.256s] Level 1:colcon.colcon_core.package_discovery:discover_packages(ignore) discover
[2.256s] Level 1:colcon.colcon_core.package_discovery:discover_packages(ignore) using defaults
[2.256s] Level 1:colcon.colcon_core.package_discovery:discover_packages(path) discover
[2.257s] Level 1:colcon.colcon_core.package_discovery:discover_packages(path) using defaults
[2.395s] Level 1:colcon.colcon_core.package_discovery:discover_packages(prefix_path) check parameters
[2.396s] Level 1:colcon.colcon_core.package_discovery:discover_packages(prefix_path) discover
[2.415s] DEBUG:colcon.colcon_installed_package_information.package_discovery:Found 204 installed packages in /opt/ros/humble
[2.423s] Level 1:colcon.colcon_core.package_discovery:discover_packages(prefix_path) using defaults
[2.692s] Level 5:colcon.colcon_core.verb:set package 'encoder_odometry' build argument 'cmake_args' from command line to 'None'
[2.693s] Level 5:colcon.colcon_core.verb:set package 'encoder_odometry' build argument 'cmake_target' from command line to 'None'
[2.695s] Level 5:colcon.colcon_core.verb:set package 'encoder_odometry' build argument 'cmake_target_skip_unavailable' from command line to 'False'
[2.696s] Level 5:colcon.colcon_core.verb:set package 'encoder_odometry' build argument 'cmake_clean_cache' from command line to 'False'
[2.697s] Level 5:colcon.colcon_core.verb:set package 'encoder_odometry' build argument 'cmake_clean_first' from command line to 'False'
[2.699s] Level 5:colcon.colcon_core.verb:set package 'encoder_odometry' build argument 'cmake_force_configure' from command line to 'False'
[2.700s] Level 5:colcon.colcon_core.verb:set package 'encoder_odometry' build argument 'ament_cmake_args' from command line to 'None'
[2.701s] Level 5:colcon.colcon_core.verb:set package 'encoder_odometry' build argument 'catkin_cmake_args' from command line to 'None'
[2.702s] Level 5:colcon.colcon_core.verb:set package 'encoder_odometry' build argument 'catkin_skip_building_tests' from command line to 'False'
[2.703s] DEBUG:colcon.colcon_core.verb:Building package 'encoder_odometry' with the following arguments: {'ament_cmake_args': None, 'build_base': '/home/dora/dora_ros2_ws/robot_ws/build/encoder_odometry', 'catkin_cmake_args': None, 'catkin_skip_building_tests': False, 'cmake_args': None, 'cmake_clean_cache': False, 'cmake_clean_first': False, 'cmake_force_configure': False, 'cmake_target': None, 'cmake_target_skip_unavailable': False, 'install_base': '/home/dora/dora_ros2_ws/robot_ws/install/encoder_odometry', 'merge_install': False, 'path': '/home/dora/dora_ros2_ws/robot_ws/src/encoder_odometry', 'symlink_install': False, 'test_result_base': None}
[2.707s] Level 5:colcon.colcon_core.verb:set package 'encoder_odometrytest' build argument 'cmake_args' from command line to 'None'
[2.708s] Level 5:colcon.colcon_core.verb:set package 'encoder_odometrytest' build argument 'cmake_target' from command line to 'None'
[2.710s] Level 5:colcon.colcon_core.verb:set package 'encoder_odometrytest' build argument 'cmake_target_skip_unavailable' from command line to 'False'
[2.711s] Level 5:colcon.colcon_core.verb:set package 'encoder_odometrytest' build argument 'cmake_clean_cache' from command line to 'False'
[2.712s] Level 5:colcon.colcon_core.verb:set package 'encoder_odometrytest' build argument 'cmake_clean_first' from command line to 'False'
[2.713s] Level 5:colcon.colcon_core.verb:set package 'encoder_odometrytest' build argument 'cmake_force_configure' from command line to 'False'
[2.714s] Level 5:colcon.colcon_core.verb:set package 'encoder_odometrytest' build argument 'ament_cmake_args' from command line to 'None'
[2.715s] Level 5:colcon.colcon_core.verb:set package 'encoder_odometrytest' build argument 'catkin_cmake_args' from command line to 'None'
[2.716s] Level 5:colcon.colcon_core.verb:set package 'encoder_odometrytest' build argument 'catkin_skip_building_tests' from command line to 'False'
[2.717s] DEBUG:colcon.colcon_core.verb:Building package 'encoder_odometrytest' with the following arguments: {'ament_cmake_args': None, 'build_base': '/home/dora/dora_ros2_ws/robot_ws/build/encoder_odometrytest', 'catkin_cmake_args': None, 'catkin_skip_building_tests': False, 'cmake_args': None, 'cmake_clean_cache': False, 'cmake_clean_first': False, 'cmake_force_configure': False, 'cmake_target': None, 'cmake_target_skip_unavailable': False, 'install_base': '/home/dora/dora_ros2_ws/robot_ws/install/encoder_odometrytest', 'merge_install': False, 'path': '/home/dora/dora_ros2_ws/robot_ws/src/encoder_odometrytest', 'symlink_install': False, 'test_result_base': None}
[2.719s] Level 5:colcon.colcon_core.verb:set package 'rplidar_ros' build argument 'cmake_args' from command line to 'None'
[2.720s] Level 5:colcon.colcon_core.verb:set package 'rplidar_ros' build argument 'cmake_target' from command line to 'None'
[2.721s] Level 5:colcon.colcon_core.verb:set package 'rplidar_ros' build argument 'cmake_target_skip_unavailable' from command line to 'False'
[2.722s] Level 5:colcon.colcon_core.verb:set package 'rplidar_ros' build argument 'cmake_clean_cache' from command line to 'False'
[2.723s] Level 5:colcon.colcon_core.verb:set package 'rplidar_ros' build argument 'cmake_clean_first' from command line to 'False'
[2.724s] Level 5:colcon.colcon_core.verb:set package 'rplidar_ros' build argument 'cmake_force_configure' from command line to 'False'
[2.725s] Level 5:colcon.colcon_core.verb:set package 'rplidar_ros' build argument 'ament_cmake_args' from command line to 'None'
[2.726s] Level 5:colcon.colcon_core.verb:set package 'rplidar_ros' build argument 'catkin_cmake_args' from command line to 'None'
[2.726s] Level 5:colcon.colcon_core.verb:set package 'rplidar_ros' build argument 'catkin_skip_building_tests' from command line to 'False'
[2.727s] DEBUG:colcon.colcon_core.verb:Building package 'rplidar_ros' with the following arguments: {'ament_cmake_args': None, 'build_base': '/home/dora/dora_ros2_ws/robot_ws/build/rplidar_ros', 'catkin_cmake_args': None, 'catkin_skip_building_tests': False, 'cmake_args': None, 'cmake_clean_cache': False, 'cmake_clean_first': False, 'cmake_force_configure': False, 'cmake_target': None, 'cmake_target_skip_unavailable': False, 'install_base': '/home/dora/dora_ros2_ws/robot_ws/install/rplidar_ros', 'merge_install': False, 'path': '/home/dora/dora_ros2_ws/robot_ws/src/rplidar_ros', 'symlink_install': False, 'test_result_base': None}
[2.731s] Level 5:colcon.colcon_core.verb:set package 'serial_coms' build argument 'cmake_args' from command line to 'None'
[2.732s] Level 5:colcon.colcon_core.verb:set package 'serial_coms' build argument 'cmake_target' from command line to 'None'
[2.733s] Level 5:colcon.colcon_core.verb:set package 'serial_coms' build argument 'cmake_target_skip_unavailable' from command line to 'False'
[2.734s] Level 5:colcon.colcon_core.verb:set package 'serial_coms' build argument 'cmake_clean_cache' from command line to 'False'
[2.735s] Level 5:colcon.colcon_core.verb:set package 'serial_coms' build argument 'cmake_clean_first' from command line to 'False'
[2.736s] Level 5:colcon.colcon_core.verb:set package 'serial_coms' build argument 'cmake_force_configure' from command line to 'False'
[2.737s] Level 5:colcon.colcon_core.verb:set package 'serial_coms' build argument 'ament_cmake_args' from command line to 'None'
[2.738s] Level 5:colcon.colcon_core.verb:set package 'serial_coms' build argument 'catkin_cmake_args' from command line to 'None'
[2.739s] Level 5:colcon.colcon_core.verb:set package 'serial_coms' build argument 'catkin_skip_building_tests' from command line to 'False'
[2.740s] DEBUG:colcon.colcon_core.verb:Building package 'serial_coms' with the following arguments: {'ament_cmake_args': None, 'build_base': '/home/dora/dora_ros2_ws/robot_ws/build/serial_coms', 'catkin_cmake_args': None, 'catkin_skip_building_tests': False, 'cmake_args': None, 'cmake_clean_cache': False, 'cmake_clean_first': False, 'cmake_force_configure': False, 'cmake_target': None, 'cmake_target_skip_unavailable': False, 'install_base': '/home/dora/dora_ros2_ws/robot_ws/install/serial_coms', 'merge_install': False, 'path': '/home/dora/dora_ros2_ws/robot_ws/src/serial_coms', 'symlink_install': False, 'test_result_base': None}
[2.743s] Level 5:colcon.colcon_core.verb:set package 'velocity_controller' build argument 'cmake_args' from command line to 'None'
[2.744s] Level 5:colcon.colcon_core.verb:set package 'velocity_controller' build argument 'cmake_target' from command line to 'None'
[2.745s] Level 5:colcon.colcon_core.verb:set package 'velocity_controller' build argument 'cmake_target_skip_unavailable' from command line to 'False'
[2.746s] Level 5:colcon.colcon_core.verb:set package 'velocity_controller' build argument 'cmake_clean_cache' from command line to 'False'
[2.747s] Level 5:colcon.colcon_core.verb:set package 'velocity_controller' build argument 'cmake_clean_first' from command line to 'False'
[2.748s] Level 5:colcon.colcon_core.verb:set package 'velocity_controller' build argument 'cmake_force_configure' from command line to 'False'
[2.749s] Level 5:colcon.colcon_core.verb:set package 'velocity_controller' build argument 'ament_cmake_args' from command line to 'None'
[2.750s] Level 5:colcon.colcon_core.verb:set package 'velocity_controller' build argument 'catkin_cmake_args' from command line to 'None'
[2.751s] Level 5:colcon.colcon_core.verb:set package 'velocity_controller' build argument 'catkin_skip_building_tests' from command line to 'False'
[2.752s] DEBUG:colcon.colcon_core.verb:Building package 'velocity_controller' with the following arguments: {'ament_cmake_args': None, 'build_base': '/home/dora/dora_ros2_ws/robot_ws/build/velocity_controller', 'catkin_cmake_args': None, 'catkin_skip_building_tests': False, 'cmake_args': None, 'cmake_clean_cache': False, 'cmake_clean_first': False, 'cmake_force_configure': False, 'cmake_target': None, 'cmake_target_skip_unavailable': False, 'install_base': '/home/dora/dora_ros2_ws/robot_ws/install/velocity_controller', 'merge_install': False, 'path': '/home/dora/dora_ros2_ws/robot_ws/src/velocity_controller', 'symlink_install': False, 'test_result_base': None}
[2.755s] Level 5:colcon.colcon_core.verb:set package 'wheel_controller' build argument 'cmake_args' from command line to 'None'
[2.756s] Level 5:colcon.colcon_core.verb:set package 'wheel_controller' build argument 'cmake_target' from command line to 'None'
[2.757s] Level 5:colcon.colcon_core.verb:set package 'wheel_controller' build argument 'cmake_target_skip_unavailable' from command line to 'False'
[2.758s] Level 5:colcon.colcon_core.verb:set package 'wheel_controller' build argument 'cmake_clean_cache' from command line to 'False'
[2.759s] Level 5:colcon.colcon_core.verb:set package 'wheel_controller' build argument 'cmake_clean_first' from command line to 'False'
[2.760s] Level 5:colcon.colcon_core.verb:set package 'wheel_controller' build argument 'cmake_force_configure' from command line to 'False'
[2.761s] Level 5:colcon.colcon_core.verb:set package 'wheel_controller' build argument 'ament_cmake_args' from command line to 'None'
[2.761s] Level 5:colcon.colcon_core.verb:set package 'wheel_controller' build argument 'catkin_cmake_args' from command line to 'None'
[2.762s] Level 5:colcon.colcon_core.verb:set package 'wheel_controller' build argument 'catkin_skip_building_tests' from command line to 'False'
[2.763s] DEBUG:colcon.colcon_core.verb:Building package 'wheel_controller' with the following arguments: {'ament_cmake_args': None, 'build_base': '/home/dora/dora_ros2_ws/robot_ws/build/wheel_controller', 'catkin_cmake_args': None, 'catkin_skip_building_tests': False, 'cmake_args': None, 'cmake_clean_cache': False, 'cmake_clean_first': False, 'cmake_force_configure': False, 'cmake_target': None, 'cmake_target_skip_unavailable': False, 'install_base': '/home/dora/dora_ros2_ws/robot_ws/install/wheel_controller', 'merge_install': False, 'path': '/home/dora/dora_ros2_ws/robot_ws/src/wheel_controller', 'symlink_install': False, 'test_result_base': None}
[2.765s] INFO:colcon.colcon_core.executor:Executing jobs using 'parallel' executor
[2.770s] DEBUG:colcon.colcon_parallel_executor.executor.parallel:run_until_complete
[2.773s] INFO:colcon.colcon_ros.task.ament_python.build:Building ROS package in '/home/dora/dora_ros2_ws/robot_ws/src/encoder_odometry' with build type 'ament_python'
[2.775s] Level 1:colcon.colcon_core.shell:create_environment_hook('encoder_odometry', 'ament_prefix_path')
[2.790s] INFO:colcon.colcon_core.plugin_system:Skipping extension 'colcon_core.shell.bat': Not used on non-Windows systems
[2.792s] INFO:colcon.colcon_core.shell:Creating environment hook '/home/dora/dora_ros2_ws/robot_ws/install/encoder_odometry/share/encoder_odometry/hook/ament_prefix_path.ps1'
[2.801s] INFO:colcon.colcon_core.shell:Creating environment descriptor '/home/dora/dora_ros2_ws/robot_ws/install/encoder_odometry/share/encoder_odometry/hook/ament_prefix_path.dsv'
[2.806s] INFO:colcon.colcon_core.shell:Creating environment hook '/home/dora/dora_ros2_ws/robot_ws/install/encoder_odometry/share/encoder_odometry/hook/ament_prefix_path.sh'
[2.813s] INFO:colcon.colcon_core.shell:Skip shell extension 'powershell' for command environment: Not usable outside of PowerShell
[2.815s] DEBUG:colcon.colcon_core.shell:Skip shell extension 'dsv' for command environment
[2.842s] INFO:colcon.colcon_ros.task.ament_python.build:Building ROS package in '/home/dora/dora_ros2_ws/robot_ws/src/encoder_odometrytest' with build type 'ament_python'
[2.844s] Level 1:colcon.colcon_core.shell:create_environment_hook('encoder_odometrytest', 'ament_prefix_path')
[2.846s] INFO:colcon.colcon_core.shell:Creating environment hook '/home/dora/dora_ros2_ws/robot_ws/install/encoder_odometrytest/share/encoder_odometrytest/hook/ament_prefix_path.ps1'
[2.854s] INFO:colcon.colcon_core.shell:Creating environment descriptor '/home/dora/dora_ros2_ws/robot_ws/install/encoder_odometrytest/share/encoder_odometrytest/hook/ament_prefix_path.dsv'
[2.858s] INFO:colcon.colcon_core.shell:Creating environment hook '/home/dora/dora_ros2_ws/robot_ws/install/encoder_odometrytest/share/encoder_odometrytest/hook/ament_prefix_path.sh'
[2.863s] INFO:colcon.colcon_core.shell:Skip shell extension 'powershell' for command environment: Not usable outside of PowerShell
[2.864s] DEBUG:colcon.colcon_core.shell:Skip shell extension 'dsv' for command environment
[2.906s] INFO:colcon.colcon_ros.task.ament_cmake.build:Building ROS package in '/home/dora/dora_ros2_ws/robot_ws/src/rplidar_ros' with build type 'ament_cmake'
[2.907s] INFO:colcon.colcon_cmake.task.cmake.build:Building CMake package in '/home/dora/dora_ros2_ws/robot_ws/src/rplidar_ros'
[2.910s] INFO:colcon.colcon_core.shell:Skip shell extension 'powershell' for command environment: Not usable outside of PowerShell
[2.911s] DEBUG:colcon.colcon_core.shell:Skip shell extension 'dsv' for command environment
[2.927s] INFO:colcon.colcon_ros.task.ament_python.build:Building ROS package in '/home/dora/dora_ros2_ws/robot_ws/src/serial_coms' with build type 'ament_python'
[2.928s] Level 1:colcon.colcon_core.shell:create_environment_hook('serial_coms', 'ament_prefix_path')
[2.931s] INFO:colcon.colcon_core.shell:Creating environment hook '/home/dora/dora_ros2_ws/robot_ws/install/serial_coms/share/serial_coms/hook/ament_prefix_path.ps1'
[2.937s] INFO:colcon.colcon_core.shell:Creating environment descriptor '/home/dora/dora_ros2_ws/robot_ws/install/serial_coms/share/serial_coms/hook/ament_prefix_path.dsv'
[2.939s] INFO:colcon.colcon_core.shell:Creating environment hook '/home/dora/dora_ros2_ws/robot_ws/install/serial_coms/share/serial_coms/hook/ament_prefix_path.sh'
[2.942s] INFO:colcon.colcon_core.shell:Skip shell extension 'powershell' for command environment: Not usable outside of PowerShell
[2.942s] DEBUG:colcon.colcon_core.shell:Skip shell extension 'dsv' for command environment
[4.939s] INFO:colcon.colcon_core.task.python.build:Building Python package in '/home/dora/dora_ros2_ws/robot_ws/src/encoder_odometry'
[4.941s] INFO:colcon.colcon_core.shell:Skip shell extension 'powershell' for command environment: Not usable outside of PowerShell
[4.941s] DEBUG:colcon.colcon_core.shell:Skip shell extension 'dsv' for command environment
[6.610s] INFO:colcon.colcon_core.task.python.build:Building Python package in '/home/dora/dora_ros2_ws/robot_ws/src/encoder_odometrytest'
[6.611s] INFO:colcon.colcon_core.shell:Skip shell extension 'powershell' for command environment: Not usable outside of PowerShell
[6.612s] DEBUG:colcon.colcon_core.shell:Skip shell extension 'dsv' for command environment
[6.642s] DEBUG:colcon.colcon_core.event_handler.log_command:Invoking command in '/home/dora/dora_ros2_ws/robot_ws/build/rplidar_ros': CMAKE_PREFIX_PATH=/opt/ros/humble /usr/bin/cmake /home/dora/dora_ros2_ws/robot_ws/src/rplidar_ros -DCMAKE_INSTALL_PREFIX=/home/dora/dora_ros2_ws/robot_ws/install/rplidar_ros
[8.154s] INFO:colcon.colcon_core.task.python.build:Building Python package in '/home/dora/dora_ros2_ws/robot_ws/src/serial_coms'
[8.155s] INFO:colcon.colcon_core.shell:Skip shell extension 'powershell' for command environment: Not usable outside of PowerShell
[8.155s] DEBUG:colcon.colcon_core.shell:Skip shell extension 'dsv' for command environment
[10.721s] DEBUG:colcon.colcon_core.event_handler.log_command:Invoking command in '/home/dora/dora_ros2_ws/robot_ws/src/serial_coms': PYTHONPATH=/home/dora/dora_ros2_ws/robot_ws/build/serial_coms/prefix_override:/usr/lib/python3/dist-packages/colcon_core/task/python/colcon_distutils_commands:/home/dora/dora_ros2_ws/robot_ws/install/serial_coms/lib/python3.10/site-packages:${PYTHONPATH} /usr/bin/python3 -W ignore:setup.py install is deprecated setup.py egg_info --egg-base ../../build/serial_coms build --build-base /home/dora/dora_ros2_ws/robot_ws/build/serial_coms/build install --record /home/dora/dora_ros2_ws/robot_ws/build/serial_coms/install.log --single-version-externally-managed install_data
[10.870s] DEBUG:colcon.colcon_core.event_handler.log_command:Invoking command in '/home/dora/dora_ros2_ws/robot_ws/src/encoder_odometry': PYTHONPATH=/home/dora/dora_ros2_ws/robot_ws/build/encoder_odometry/prefix_override:/usr/lib/python3/dist-packages/colcon_core/task/python/colcon_distutils_commands:/home/dora/dora_ros2_ws/robot_ws/install/encoder_odometry/lib/python3.10/site-packages:${PYTHONPATH} /usr/bin/python3 -W ignore:setup.py install is deprecated setup.py egg_info --egg-base ../../build/encoder_odometry build --build-base /home/dora/dora_ros2_ws/robot_ws/build/encoder_odometry/build install --record /home/dora/dora_ros2_ws/robot_ws/build/encoder_odometry/install.log --single-version-externally-managed install_data
[11.068s] DEBUG:colcon.colcon_core.event_handler.log_command:Invoking command in '/home/dora/dora_ros2_ws/robot_ws/src/encoder_odometrytest': PYTHONPATH=/home/dora/dora_ros2_ws/robot_ws/build/encoder_odometrytest/prefix_override:/usr/lib/python3/dist-packages/colcon_core/task/python/colcon_distutils_commands:/home/dora/dora_ros2_ws/robot_ws/install/encoder_odometrytest/lib/python3.10/site-packages:${PYTHONPATH} /usr/bin/python3 -W ignore:setup.py install is deprecated setup.py egg_info --egg-base ../../build/encoder_odometrytest build --build-base /home/dora/dora_ros2_ws/robot_ws/build/encoder_odometrytest/build install --record /home/dora/dora_ros2_ws/robot_ws/build/encoder_odometrytest/install.log --single-version-externally-managed install_data
[12.951s] DEBUG:colcon.colcon_core.event_handler.log_command:Invoked command in '/home/dora/dora_ros2_ws/robot_ws/src/encoder_odometry' returned '0': PYTHONPATH=/home/dora/dora_ros2_ws/robot_ws/build/encoder_odometry/prefix_override:/usr/lib/python3/dist-packages/colcon_core/task/python/colcon_distutils_commands:/home/dora/dora_ros2_ws/robot_ws/install/encoder_odometry/lib/python3.10/site-packages:${PYTHONPATH} /usr/bin/python3 -W ignore:setup.py install is deprecated setup.py egg_info --egg-base ../../build/encoder_odometry build --build-base /home/dora/dora_ros2_ws/robot_ws/build/encoder_odometry/build install --record /home/dora/dora_ros2_ws/robot_ws/build/encoder_odometry/install.log --single-version-externally-managed install_data
[13.007s] Level 1:colcon.colcon_core.environment:checking '/home/dora/dora_ros2_ws/robot_ws/install/encoder_odometry' for CMake module files
[13.031s] Level 1:colcon.colcon_core.environment:checking '/home/dora/dora_ros2_ws/robot_ws/install/encoder_odometry' for CMake config files
[13.068s] Level 1:colcon.colcon_core.environment:checking '/home/dora/dora_ros2_ws/robot_ws/install/encoder_odometry/lib'
[13.071s] Level 1:colcon.colcon_core.environment:checking '/home/dora/dora_ros2_ws/robot_ws/install/encoder_odometry/bin'
[13.072s] Level 1:colcon.colcon_core.environment:checking '/home/dora/dora_ros2_ws/robot_ws/install/encoder_odometry/lib/pkgconfig/encoder_odometry.pc'
[13.074s] Level 1:colcon.colcon_core.environment:checking '/home/dora/dora_ros2_ws/robot_ws/install/encoder_odometry/lib/python3.10/site-packages'
[13.075s] Level 1:colcon.colcon_core.shell:create_environment_hook('encoder_odometry', 'pythonpath')
[13.076s] INFO:colcon.colcon_core.shell:Creating environment hook '/home/dora/dora_ros2_ws/robot_ws/install/encoder_odometry/share/encoder_odometry/hook/pythonpath.ps1'
[13.094s] INFO:colcon.colcon_core.shell:Creating environment descriptor '/home/dora/dora_ros2_ws/robot_ws/install/encoder_odometry/share/encoder_odometry/hook/pythonpath.dsv'
[13.096s] INFO:colcon.colcon_core.shell:Creating environment hook '/home/dora/dora_ros2_ws/robot_ws/install/encoder_odometry/share/encoder_odometry/hook/pythonpath.sh'
[13.100s] Level 1:colcon.colcon_core.environment:checking '/home/dora/dora_ros2_ws/robot_ws/install/encoder_odometry/bin'
[13.101s] Level 1:colcon.colcon_core.environment:create_environment_scripts_only(encoder_odometry)
[13.103s] INFO:colcon.colcon_core.shell:Creating package script '/home/dora/dora_ros2_ws/robot_ws/install/encoder_odometry/share/encoder_odometry/package.ps1'
[13.117s] INFO:colcon.colcon_core.shell:Creating package descriptor '/home/dora/dora_ros2_ws/robot_ws/install/encoder_odometry/share/encoder_odometry/package.dsv'
[13.121s] INFO:colcon.colcon_core.shell:Creating package script '/home/dora/dora_ros2_ws/robot_ws/install/encoder_odometry/share/encoder_odometry/package.sh'
[13.125s] INFO:colcon.colcon_core.shell:Creating package script '/home/dora/dora_ros2_ws/robot_ws/install/encoder_odometry/share/encoder_odometry/package.bash'
[13.132s] INFO:colcon.colcon_core.shell:Creating package script '/home/dora/dora_ros2_ws/robot_ws/install/encoder_odometry/share/encoder_odometry/package.zsh'
[13.137s] Level 1:colcon.colcon_core.environment:create_file_with_runtime_dependencies(/home/dora/dora_ros2_ws/robot_ws/install/encoder_odometry/share/colcon-core/packages/encoder_odometry)
[13.144s] INFO:colcon.colcon_ros.task.ament_python.build:Building ROS package in '/home/dora/dora_ros2_ws/robot_ws/src/velocity_controller' with build type 'ament_python'
[13.147s] Level 1:colcon.colcon_core.shell:create_environment_hook('velocity_controller', 'ament_prefix_path')
[13.149s] INFO:colcon.colcon_core.shell:Creating environment hook '/home/dora/dora_ros2_ws/robot_ws/install/velocity_controller/share/velocity_controller/hook/ament_prefix_path.ps1'
[13.155s] INFO:colcon.colcon_core.shell:Creating environment descriptor '/home/dora/dora_ros2_ws/robot_ws/install/velocity_controller/share/velocity_controller/hook/ament_prefix_path.dsv'
[13.161s] INFO:colcon.colcon_core.shell:Creating environment hook '/home/dora/dora_ros2_ws/robot_ws/install/velocity_controller/share/velocity_controller/hook/ament_prefix_path.sh'
[13.167s] INFO:colcon.colcon_core.shell:Skip shell extension 'powershell' for command environment: Not usable outside of PowerShell
[13.168s] DEBUG:colcon.colcon_core.shell:Skip shell extension 'dsv' for command environment
[13.294s] Level 1:colcon.colcon_core.environment:checking '/home/dora/dora_ros2_ws/robot_ws/install/serial_coms' for CMake module files
[13.299s] DEBUG:colcon.colcon_core.event_handler.log_command:Invoked command in '/home/dora/dora_ros2_ws/robot_ws/src/serial_coms' returned '0': PYTHONPATH=/home/dora/dora_ros2_ws/robot_ws/build/serial_coms/prefix_override:/usr/lib/python3/dist-packages/colcon_core/task/python/colcon_distutils_commands:/home/dora/dora_ros2_ws/robot_ws/install/serial_coms/lib/python3.10/site-packages:${PYTHONPATH} /usr/bin/python3 -W ignore:setup.py install is deprecated setup.py egg_info --egg-base ../../build/serial_coms build --build-base /home/dora/dora_ros2_ws/robot_ws/build/serial_coms/build install --record /home/dora/dora_ros2_ws/robot_ws/build/serial_coms/install.log --single-version-externally-managed install_data
[13.307s] Level 1:colcon.colcon_core.environment:checking '/home/dora/dora_ros2_ws/robot_ws/install/serial_coms' for CMake config files
[13.314s] Level 1:colcon.colcon_core.environment:checking '/home/dora/dora_ros2_ws/robot_ws/install/serial_coms/lib'
[13.316s] Level 1:colcon.colcon_core.environment:checking '/home/dora/dora_ros2_ws/robot_ws/install/serial_coms/bin'
[13.317s] Level 1:colcon.colcon_core.environment:checking '/home/dora/dora_ros2_ws/robot_ws/install/serial_coms/lib/pkgconfig/serial_coms.pc'
[13.320s] Level 1:colcon.colcon_core.environment:checking '/home/dora/dora_ros2_ws/robot_ws/install/serial_coms/lib/python3.10/site-packages'
[13.322s] Level 1:colcon.colcon_core.shell:create_environment_hook('serial_coms', 'pythonpath')
[13.325s] INFO:colcon.colcon_core.shell:Creating environment hook '/home/dora/dora_ros2_ws/robot_ws/install/serial_coms/share/serial_coms/hook/pythonpath.ps1'
[13.330s] INFO:colcon.colcon_core.shell:Creating environment descriptor '/home/dora/dora_ros2_ws/robot_ws/install/serial_coms/share/serial_coms/hook/pythonpath.dsv'
[13.336s] INFO:colcon.colcon_core.shell:Creating environment hook '/home/dora/dora_ros2_ws/robot_ws/install/serial_coms/share/serial_coms/hook/pythonpath.sh'
[13.344s] Level 1:colcon.colcon_core.environment:checking '/home/dora/dora_ros2_ws/robot_ws/install/serial_coms/bin'
[13.346s] Level 1:colcon.colcon_core.environment:create_environment_scripts_only(serial_coms)
[13.349s] INFO:colcon.colcon_core.shell:Creating package script '/home/dora/dora_ros2_ws/robot_ws/install/serial_coms/share/serial_coms/package.ps1'
[13.356s] INFO:colcon.colcon_core.shell:Creating package descriptor '/home/dora/dora_ros2_ws/robot_ws/install/serial_coms/share/serial_coms/package.dsv'
[13.362s] INFO:colcon.colcon_core.shell:Creating package script '/home/dora/dora_ros2_ws/robot_ws/install/serial_coms/share/serial_coms/package.sh'
[13.365s] INFO:colcon.colcon_core.shell:Creating package script '/home/dora/dora_ros2_ws/robot_ws/install/serial_coms/share/serial_coms/package.bash'
[13.367s] INFO:colcon.colcon_core.shell:Creating package script '/home/dora/dora_ros2_ws/robot_ws/install/serial_coms/share/serial_coms/package.zsh'
[13.369s] Level 1:colcon.colcon_core.environment:create_file_with_runtime_dependencies(/home/dora/dora_ros2_ws/robot_ws/install/serial_coms/share/colcon-core/packages/serial_coms)
[13.373s] INFO:colcon.colcon_ros.task.ament_python.build:Building ROS package in '/home/dora/dora_ros2_ws/robot_ws/src/wheel_controller' with build type 'ament_python'
[13.374s] Level 1:colcon.colcon_core.shell:create_environment_hook('wheel_controller', 'ament_prefix_path')
[13.375s] INFO:colcon.colcon_core.shell:Creating environment hook '/home/dora/dora_ros2_ws/robot_ws/install/wheel_controller/share/wheel_controller/hook/ament_prefix_path.ps1'
[13.379s] INFO:colcon.colcon_core.shell:Creating environment descriptor '/home/dora/dora_ros2_ws/robot_ws/install/wheel_controller/share/wheel_controller/hook/ament_prefix_path.dsv'
[13.382s] INFO:colcon.colcon_core.shell:Creating environment hook '/home/dora/dora_ros2_ws/robot_ws/install/wheel_controller/share/wheel_controller/hook/ament_prefix_path.sh'
[13.388s] INFO:colcon.colcon_core.shell:Skip shell extension 'powershell' for command environment: Not usable outside of PowerShell
[13.388s] DEBUG:colcon.colcon_core.shell:Skip shell extension 'dsv' for command environment
[15.734s] INFO:colcon.colcon_core.task.python.build:Building Python package in '/home/dora/dora_ros2_ws/robot_ws/src/velocity_controller'
[15.735s] INFO:colcon.colcon_core.shell:Skip shell extension 'powershell' for command environment: Not usable outside of PowerShell
[15.736s] DEBUG:colcon.colcon_core.shell:Skip shell extension 'dsv' for command environment
[15.755s] Level 1:colcon.colcon_core.environment:checking '/home/dora/dora_ros2_ws/robot_ws/install/encoder_odometrytest' for CMake module files
[15.761s] Level 1:colcon.colcon_core.environment:checking '/home/dora/dora_ros2_ws/robot_ws/install/encoder_odometrytest' for CMake config files
[15.757s] DEBUG:colcon.colcon_core.event_handler.log_command:Invoked command in '/home/dora/dora_ros2_ws/robot_ws/src/encoder_odometrytest' returned '0': PYTHONPATH=/home/dora/dora_ros2_ws/robot_ws/build/encoder_odometrytest/prefix_override:/usr/lib/python3/dist-packages/colcon_core/task/python/colcon_distutils_commands:/home/dora/dora_ros2_ws/robot_ws/install/encoder_odometrytest/lib/python3.10/site-packages:${PYTHONPATH} /usr/bin/python3 -W ignore:setup.py install is deprecated setup.py egg_info --egg-base ../../build/encoder_odometrytest build --build-base /home/dora/dora_ros2_ws/robot_ws/build/encoder_odometrytest/build install --record /home/dora/dora_ros2_ws/robot_ws/build/encoder_odometrytest/install.log --single-version-externally-managed install_data
[15.768s] Level 1:colcon.colcon_core.environment:checking '/home/dora/dora_ros2_ws/robot_ws/install/encoder_odometrytest/lib'
[15.768s] Level 1:colcon.colcon_core.environment:checking '/home/dora/dora_ros2_ws/robot_ws/install/encoder_odometrytest/bin'
[15.769s] Level 1:colcon.colcon_core.environment:checking '/home/dora/dora_ros2_ws/robot_ws/install/encoder_odometrytest/lib/pkgconfig/encoder_odometrytest.pc'
[15.770s] Level 1:colcon.colcon_core.environment:checking '/home/dora/dora_ros2_ws/robot_ws/install/encoder_odometrytest/lib/python3.10/site-packages'
[15.771s] Level 1:colcon.colcon_core.shell:create_environment_hook('encoder_odometrytest', 'pythonpath')
[15.772s] INFO:colcon.colcon_core.shell:Creating environment hook '/home/dora/dora_ros2_ws/robot_ws/install/encoder_odometrytest/share/encoder_odometrytest/hook/pythonpath.ps1'
[15.774s] INFO:colcon.colcon_core.shell:Creating environment descriptor '/home/dora/dora_ros2_ws/robot_ws/install/encoder_odometrytest/share/encoder_odometrytest/hook/pythonpath.dsv'
[15.776s] INFO:colcon.colcon_core.shell:Creating environment hook '/home/dora/dora_ros2_ws/robot_ws/install/encoder_odometrytest/share/encoder_odometrytest/hook/pythonpath.sh'
[15.780s] Level 1:colcon.colcon_core.environment:checking '/home/dora/dora_ros2_ws/robot_ws/install/encoder_odometrytest/bin'
[15.781s] Level 1:colcon.colcon_core.environment:create_environment_scripts_only(encoder_odometrytest)
[15.783s] INFO:colcon.colcon_core.shell:Creating package script '/home/dora/dora_ros2_ws/robot_ws/install/encoder_odometrytest/share/encoder_odometrytest/package.ps1'
[15.785s] INFO:colcon.colcon_core.shell:Creating package descriptor '/home/dora/dora_ros2_ws/robot_ws/install/encoder_odometrytest/share/encoder_odometrytest/package.dsv'
[15.788s] INFO:colcon.colcon_core.shell:Creating package script '/home/dora/dora_ros2_ws/robot_ws/install/encoder_odometrytest/share/encoder_odometrytest/package.sh'
[15.791s] INFO:colcon.colcon_core.shell:Creating package script '/home/dora/dora_ros2_ws/robot_ws/install/encoder_odometrytest/share/encoder_odometrytest/package.bash'
[15.794s] INFO:colcon.colcon_core.shell:Creating package script '/home/dora/dora_ros2_ws/robot_ws/install/encoder_odometrytest/share/encoder_odometrytest/package.zsh'
[15.796s] Level 1:colcon.colcon_core.environment:create_file_with_runtime_dependencies(/home/dora/dora_ros2_ws/robot_ws/install/encoder_odometrytest/share/colcon-core/packages/encoder_odometrytest)
[15.812s] DEBUG:colcon.colcon_core.event_handler.log_command:Invoked command in '/home/dora/dora_ros2_ws/robot_ws/build/rplidar_ros' returned '0': CMAKE_PREFIX_PATH=/opt/ros/humble /usr/bin/cmake /home/dora/dora_ros2_ws/robot_ws/src/rplidar_ros -DCMAKE_INSTALL_PREFIX=/home/dora/dora_ros2_ws/robot_ws/install/rplidar_ros
[15.828s] DEBUG:colcon.colcon_core.event_handler.log_command:Invoking command in '/home/dora/dora_ros2_ws/robot_ws/build/rplidar_ros': CMAKE_PREFIX_PATH=/opt/ros/humble /usr/bin/cmake --build /home/dora/dora_ros2_ws/robot_ws/build/rplidar_ros -- -j4 -l4
[19.423s] INFO:colcon.colcon_core.task.python.build:Building Python package in '/home/dora/dora_ros2_ws/robot_ws/src/wheel_controller'
[19.424s] INFO:colcon.colcon_core.shell:Skip shell extension 'powershell' for command environment: Not usable outside of PowerShell
[19.425s] DEBUG:colcon.colcon_core.shell:Skip shell extension 'dsv' for command environment
[24.459s] DEBUG:colcon.colcon_core.event_handler.log_command:Invoking command in '/home/dora/dora_ros2_ws/robot_ws/src/velocity_controller': PYTHONPATH=/home/dora/dora_ros2_ws/robot_ws/build/velocity_controller/prefix_override:/usr/lib/python3/dist-packages/colcon_core/task/python/colcon_distutils_commands:/home/dora/dora_ros2_ws/robot_ws/install/velocity_controller/lib/python3.10/site-packages:${PYTHONPATH} /usr/bin/python3 -W ignore:setup.py install is deprecated setup.py egg_info --egg-base ../../build/velocity_controller build --build-base /home/dora/dora_ros2_ws/robot_ws/build/velocity_controller/build install --record /home/dora/dora_ros2_ws/robot_ws/build/velocity_controller/install.log --single-version-externally-managed install_data
[25.669s] DEBUG:colcon.colcon_core.event_handler.log_command:Invoking command in '/home/dora/dora_ros2_ws/robot_ws/src/wheel_controller': PYTHONPATH=/home/dora/dora_ros2_ws/robot_ws/build/wheel_controller/prefix_override:/usr/lib/python3/dist-packages/colcon_core/task/python/colcon_distutils_commands:/home/dora/dora_ros2_ws/robot_ws/install/wheel_controller/lib/python3.10/site-packages:${PYTHONPATH} /usr/bin/python3 -W ignore:setup.py install is deprecated setup.py egg_info --egg-base ../../build/wheel_controller build --build-base /home/dora/dora_ros2_ws/robot_ws/build/wheel_controller/build install --record /home/dora/dora_ros2_ws/robot_ws/build/wheel_controller/install.log --single-version-externally-managed install_data
[30.639s] Level 1:colcon.colcon_core.environment:checking '/home/dora/dora_ros2_ws/robot_ws/install/velocity_controller' for CMake module files
[30.647s] Level 1:colcon.colcon_core.environment:checking '/home/dora/dora_ros2_ws/robot_ws/install/velocity_controller' for CMake config files
[30.642s] DEBUG:colcon.colcon_core.event_handler.log_command:Invoked command in '/home/dora/dora_ros2_ws/robot_ws/src/velocity_controller' returned '0': PYTHONPATH=/home/dora/dora_ros2_ws/robot_ws/build/velocity_controller/prefix_override:/usr/lib/python3/dist-packages/colcon_core/task/python/colcon_distutils_commands:/home/dora/dora_ros2_ws/robot_ws/install/velocity_controller/lib/python3.10/site-packages:${PYTHONPATH} /usr/bin/python3 -W ignore:setup.py install is deprecated setup.py egg_info --egg-base ../../build/velocity_controller build --build-base /home/dora/dora_ros2_ws/robot_ws/build/velocity_controller/build install --record /home/dora/dora_ros2_ws/robot_ws/build/velocity_controller/install.log --single-version-externally-managed install_data
[30.670s] Level 1:colcon.colcon_core.environment:checking '/home/dora/dora_ros2_ws/robot_ws/install/velocity_controller/lib'
[30.671s] Level 1:colcon.colcon_core.environment:checking '/home/dora/dora_ros2_ws/robot_ws/install/velocity_controller/bin'
[30.672s] Level 1:colcon.colcon_core.environment:checking '/home/dora/dora_ros2_ws/robot_ws/install/velocity_controller/lib/pkgconfig/velocity_controller.pc'
[30.675s] Level 1:colcon.colcon_core.environment:checking '/home/dora/dora_ros2_ws/robot_ws/install/velocity_controller/lib/python3.10/site-packages'
[30.676s] Level 1:colcon.colcon_core.shell:create_environment_hook('velocity_controller', 'pythonpath')
[30.678s] INFO:colcon.colcon_core.shell:Creating environment hook '/home/dora/dora_ros2_ws/robot_ws/install/velocity_controller/share/velocity_controller/hook/pythonpath.ps1'
[30.686s] INFO:colcon.colcon_core.shell:Creating environment descriptor '/home/dora/dora_ros2_ws/robot_ws/install/velocity_controller/share/velocity_controller/hook/pythonpath.dsv'
[30.692s] INFO:colcon.colcon_core.shell:Creating environment hook '/home/dora/dora_ros2_ws/robot_ws/install/velocity_controller/share/velocity_controller/hook/pythonpath.sh'
[30.701s] Level 1:colcon.colcon_core.environment:checking '/home/dora/dora_ros2_ws/robot_ws/install/velocity_controller/bin'
[30.702s] Level 1:colcon.colcon_core.environment:create_environment_scripts_only(velocity_controller)
[30.709s] INFO:colcon.colcon_core.shell:Creating package script '/home/dora/dora_ros2_ws/robot_ws/install/velocity_controller/share/velocity_controller/package.ps1'
[30.713s] INFO:colcon.colcon_core.shell:Creating package descriptor '/home/dora/dora_ros2_ws/robot_ws/install/velocity_controller/share/velocity_controller/package.dsv'
[30.718s] INFO:colcon.colcon_core.shell:Creating package script '/home/dora/dora_ros2_ws/robot_ws/install/velocity_controller/share/velocity_controller/package.sh'
[30.732s] INFO:colcon.colcon_core.shell:Creating package script '/home/dora/dora_ros2_ws/robot_ws/install/velocity_controller/share/velocity_controller/package.bash'
[30.735s] INFO:colcon.colcon_core.shell:Creating package script '/home/dora/dora_ros2_ws/robot_ws/install/velocity_controller/share/velocity_controller/package.zsh'
[30.739s] Level 1:colcon.colcon_core.environment:create_file_with_runtime_dependencies(/home/dora/dora_ros2_ws/robot_ws/install/velocity_controller/share/colcon-core/packages/velocity_controller)
[31.134s] Level 1:colcon.colcon_core.environment:checking '/home/dora/dora_ros2_ws/robot_ws/install/wheel_controller' for CMake module files
[31.140s] Level 1:colcon.colcon_core.environment:checking '/home/dora/dora_ros2_ws/robot_ws/install/wheel_controller' for CMake config files
[31.136s] DEBUG:colcon.colcon_core.event_handler.log_command:Invoked command in '/home/dora/dora_ros2_ws/robot_ws/src/wheel_controller' returned '0': PYTHONPATH=/home/dora/dora_ros2_ws/robot_ws/build/wheel_controller/prefix_override:/usr/lib/python3/dist-packages/colcon_core/task/python/colcon_distutils_commands:/home/dora/dora_ros2_ws/robot_ws/install/wheel_controller/lib/python3.10/site-packages:${PYTHONPATH} /usr/bin/python3 -W ignore:setup.py install is deprecated setup.py egg_info --egg-base ../../build/wheel_controller build --build-base /home/dora/dora_ros2_ws/robot_ws/build/wheel_controller/build install --record /home/dora/dora_ros2_ws/robot_ws/build/wheel_controller/install.log --single-version-externally-managed install_data
[31.154s] Level 1:colcon.colcon_core.environment:checking '/home/dora/dora_ros2_ws/robot_ws/install/wheel_controller/lib'
[31.162s] Level 1:colcon.colcon_core.environment:checking '/home/dora/dora_ros2_ws/robot_ws/install/wheel_controller/bin'
[31.163s] Level 1:colcon.colcon_core.environment:checking '/home/dora/dora_ros2_ws/robot_ws/install/wheel_controller/lib/pkgconfig/wheel_controller.pc'
[31.165s] Level 1:colcon.colcon_core.environment:checking '/home/dora/dora_ros2_ws/robot_ws/install/wheel_controller/lib/python3.10/site-packages'
[31.166s] Level 1:colcon.colcon_core.shell:create_environment_hook('wheel_controller', 'pythonpath')
[31.176s] INFO:colcon.colcon_core.shell:Creating environment hook '/home/dora/dora_ros2_ws/robot_ws/install/wheel_controller/share/wheel_controller/hook/pythonpath.ps1'
[31.181s] INFO:colcon.colcon_core.shell:Creating environment descriptor '/home/dora/dora_ros2_ws/robot_ws/install/wheel_controller/share/wheel_controller/hook/pythonpath.dsv'
[31.188s] INFO:colcon.colcon_core.shell:Creating environment hook '/home/dora/dora_ros2_ws/robot_ws/install/wheel_controller/share/wheel_controller/hook/pythonpath.sh'
[31.200s] Level 1:colcon.colcon_core.environment:checking '/home/dora/dora_ros2_ws/robot_ws/install/wheel_controller/bin'
[31.202s] Level 1:colcon.colcon_core.environment:create_environment_scripts_only(wheel_controller)
[31.205s] INFO:colcon.colcon_core.shell:Creating package script '/home/dora/dora_ros2_ws/robot_ws/install/wheel_controller/share/wheel_controller/package.ps1'
[31.222s] INFO:colcon.colcon_core.shell:Creating package descriptor '/home/dora/dora_ros2_ws/robot_ws/install/wheel_controller/share/wheel_controller/package.dsv'
[31.230s] INFO:colcon.colcon_core.shell:Creating package script '/home/dora/dora_ros2_ws/robot_ws/install/wheel_controller/share/wheel_controller/package.sh'
[31.234s] INFO:colcon.colcon_core.shell:Creating package script '/home/dora/dora_ros2_ws/robot_ws/install/wheel_controller/share/wheel_controller/package.bash'
[31.244s] INFO:colcon.colcon_core.shell:Creating package script '/home/dora/dora_ros2_ws/robot_ws/install/wheel_controller/share/wheel_controller/package.zsh'
[31.247s] Level 1:colcon.colcon_core.environment:create_file_with_runtime_dependencies(/home/dora/dora_ros2_ws/robot_ws/install/wheel_controller/share/colcon-core/packages/wheel_controller)
[118.366s] DEBUG:colcon.colcon_core.event_handler.log_command:Invoked command in '/home/dora/dora_ros2_ws/robot_ws/build/rplidar_ros' returned '0': CMAKE_PREFIX_PATH=/opt/ros/humble /usr/bin/cmake --build /home/dora/dora_ros2_ws/robot_ws/build/rplidar_ros -- -j4 -l4
[118.833s] DEBUG:colcon.colcon_core.event_handler.log_command:Invoking command in '/home/dora/dora_ros2_ws/robot_ws/build/rplidar_ros': CMAKE_PREFIX_PATH=/opt/ros/humble /usr/bin/cmake --install /home/dora/dora_ros2_ws/robot_ws/build/rplidar_ros
[119.054s] Level 1:colcon.colcon_core.environment:create_environment_scripts_only(rplidar_ros)
[119.055s] Level 1:colcon.colcon_core.environment:checking '/home/dora/dora_ros2_ws/robot_ws/install/rplidar_ros' for CMake module files
[119.058s] DEBUG:colcon.colcon_core.event_handler.log_command:Invoked command in '/home/dora/dora_ros2_ws/robot_ws/build/rplidar_ros' returned '0': CMAKE_PREFIX_PATH=/opt/ros/humble /usr/bin/cmake --install /home/dora/dora_ros2_ws/robot_ws/build/rplidar_ros
[119.061s] Level 1:colcon.colcon_core.environment:checking '/home/dora/dora_ros2_ws/robot_ws/install/rplidar_ros' for CMake config files
[119.062s] Level 1:colcon.colcon_core.shell:create_environment_hook('rplidar_ros', 'cmake_prefix_path')
[119.063s] INFO:colcon.colcon_core.shell:Creating environment hook '/home/dora/dora_ros2_ws/robot_ws/install/rplidar_ros/share/rplidar_ros/hook/cmake_prefix_path.ps1'
[119.066s] INFO:colcon.colcon_core.shell:Creating environment descriptor '/home/dora/dora_ros2_ws/robot_ws/install/rplidar_ros/share/rplidar_ros/hook/cmake_prefix_path.dsv'
[119.067s] INFO:colcon.colcon_core.shell:Creating environment hook '/home/dora/dora_ros2_ws/robot_ws/install/rplidar_ros/share/rplidar_ros/hook/cmake_prefix_path.sh'
[119.070s] Level 1:colcon.colcon_core.environment:checking '/home/dora/dora_ros2_ws/robot_ws/install/rplidar_ros/lib'
[119.071s] Level 1:colcon.colcon_core.environment:checking '/home/dora/dora_ros2_ws/robot_ws/install/rplidar_ros/bin'
[119.072s] Level 1:colcon.colcon_core.environment:checking '/home/dora/dora_ros2_ws/robot_ws/install/rplidar_ros/lib/pkgconfig/rplidar_ros.pc'
[119.073s] Level 1:colcon.colcon_core.environment:checking '/home/dora/dora_ros2_ws/robot_ws/install/rplidar_ros/lib/python3.10/site-packages'
[119.074s] Level 1:colcon.colcon_core.environment:checking '/home/dora/dora_ros2_ws/robot_ws/install/rplidar_ros/bin'
[119.076s] INFO:colcon.colcon_core.shell:Creating package script '/home/dora/dora_ros2_ws/robot_ws/install/rplidar_ros/share/rplidar_ros/package.ps1'
[119.078s] INFO:colcon.colcon_core.shell:Creating package descriptor '/home/dora/dora_ros2_ws/robot_ws/install/rplidar_ros/share/rplidar_ros/package.dsv'
[119.081s] INFO:colcon.colcon_core.shell:Creating package script '/home/dora/dora_ros2_ws/robot_ws/install/rplidar_ros/share/rplidar_ros/package.sh'
[119.083s] INFO:colcon.colcon_core.shell:Creating package script '/home/dora/dora_ros2_ws/robot_ws/install/rplidar_ros/share/rplidar_ros/package.bash'
[119.086s] INFO:colcon.colcon_core.shell:Creating package script '/home/dora/dora_ros2_ws/robot_ws/install/rplidar_ros/share/rplidar_ros/package.zsh'
[119.088s] Level 1:colcon.colcon_core.environment:create_file_with_runtime_dependencies(/home/dora/dora_ros2_ws/robot_ws/install/rplidar_ros/share/colcon-core/packages/rplidar_ros)
[119.595s] Level 1:colcon.colcon_core.environment:create_environment_scripts_only(rplidar_ros)
[119.598s] Level 1:colcon.colcon_core.environment:checking '/home/dora/dora_ros2_ws/robot_ws/install/rplidar_ros' for CMake module files
[119.602s] Level 1:colcon.colcon_core.environment:checking '/home/dora/dora_ros2_ws/robot_ws/install/rplidar_ros' for CMake config files
[119.604s] Level 1:colcon.colcon_core.shell:create_environment_hook('rplidar_ros', 'cmake_prefix_path')
[119.606s] INFO:colcon.colcon_core.shell:Creating environment hook '/home/dora/dora_ros2_ws/robot_ws/install/rplidar_ros/share/rplidar_ros/hook/cmake_prefix_path.ps1'
[119.608s] INFO:colcon.colcon_core.shell:Creating environment descriptor '/home/dora/dora_ros2_ws/robot_ws/install/rplidar_ros/share/rplidar_ros/hook/cmake_prefix_path.dsv'
[119.612s] INFO:colcon.colcon_core.shell:Creating environment hook '/home/dora/dora_ros2_ws/robot_ws/install/rplidar_ros/share/rplidar_ros/hook/cmake_prefix_path.sh'
[119.617s] Level 1:colcon.colcon_core.environment:checking '/home/dora/dora_ros2_ws/robot_ws/install/rplidar_ros/lib'
[119.618s] Level 1:colcon.colcon_core.environment:checking '/home/dora/dora_ros2_ws/robot_ws/install/rplidar_ros/bin'
[119.619s] Level 1:colcon.colcon_core.environment:checking '/home/dora/dora_ros2_ws/robot_ws/install/rplidar_ros/lib/pkgconfig/rplidar_ros.pc'
[119.622s] Level 1:colcon.colcon_core.environment:checking '/home/dora/dora_ros2_ws/robot_ws/install/rplidar_ros/lib/python3.10/site-packages'
[119.623s] Level 1:colcon.colcon_core.environment:checking '/home/dora/dora_ros2_ws/robot_ws/install/rplidar_ros/bin'
[119.625s] INFO:colcon.colcon_core.shell:Creating package script '/home/dora/dora_ros2_ws/robot_ws/install/rplidar_ros/share/rplidar_ros/package.ps1'
[119.629s] INFO:colcon.colcon_core.shell:Creating package descriptor '/home/dora/dora_ros2_ws/robot_ws/install/rplidar_ros/share/rplidar_ros/package.dsv'
[119.632s] INFO:colcon.colcon_core.shell:Creating package script '/home/dora/dora_ros2_ws/robot_ws/install/rplidar_ros/share/rplidar_ros/package.sh'
[119.636s] INFO:colcon.colcon_core.shell:Creating package script '/home/dora/dora_ros2_ws/robot_ws/install/rplidar_ros/share/rplidar_ros/package.bash'
[119.640s] INFO:colcon.colcon_core.shell:Creating package script '/home/dora/dora_ros2_ws/robot_ws/install/rplidar_ros/share/rplidar_ros/package.zsh'
[119.643s] Level 1:colcon.colcon_core.environment:create_file_with_runtime_dependencies(/home/dora/dora_ros2_ws/robot_ws/install/rplidar_ros/share/colcon-core/packages/rplidar_ros)
[119.651s] DEBUG:colcon.colcon_parallel_executor.executor.parallel:closing loop
[119.652s] DEBUG:colcon.colcon_parallel_executor.executor.parallel:loop closed
[119.653s] DEBUG:colcon.colcon_parallel_executor.executor.parallel:run_until_complete finished with '0'
[119.655s] DEBUG:colcon.colcon_core.event_reactor:joining thread
[120.031s] INFO:colcon.colcon_core.plugin_system:Skipping extension 'colcon_notification.desktop_notification.terminal_notifier': Not used on non-Darwin systems
[120.037s] INFO:colcon.colcon_core.plugin_system:Skipping extension 'colcon_notification.desktop_notification.win32': Not used on non-Windows systems
[120.038s] INFO:colcon.colcon_notification.desktop_notification:Sending desktop notification using 'notify2'
