[2.438s] Invoking command in '/home/dora/dora_ros2_ws/robot_ws/build/rplidar_ros': CMAKE_PREFIX_PATH=${CMAKE_PREFIX_PATH}:/home/dora/dora_ros2_ws/robot_ws/install/wheel_controller:/home/dora/dora_ros2_ws/robot_ws/install/velocity_controller:/home/dora/dora_ros2_ws/robot_ws/install/serial_coms:/home/dora/dora_ros2_ws/robot_ws/install/encoder_odometrytest:/home/dora/dora_ros2_ws/robot_ws/install/encoder_odometry:/opt/ros/humble /usr/bin/cmake --build /home/dora/dora_ros2_ws/robot_ws/build/rplidar_ros -- -j4 -l4
[3.070s] [  5%] Built target rplidar_client
[3.083s] [ 52%] Built target rplidar_node
[3.094s] [100%] Built target rplidar_composition
[3.797s] Invoked command in '/home/dora/dora_ros2_ws/robot_ws/build/rplidar_ros' returned '0': CMAKE_PREFIX_PATH=${CMAKE_PREFIX_PATH}:/home/dora/dora_ros2_ws/robot_ws/install/wheel_controller:/home/dora/dora_ros2_ws/robot_ws/install/velocity_controller:/home/dora/dora_ros2_ws/robot_ws/install/serial_coms:/home/dora/dora_ros2_ws/robot_ws/install/encoder_odometrytest:/home/dora/dora_ros2_ws/robot_ws/install/encoder_odometry:/opt/ros/humble /usr/bin/cmake --build /home/dora/dora_ros2_ws/robot_ws/build/rplidar_ros -- -j4 -l4
[4.504s] Invoking command in '/home/dora/dora_ros2_ws/robot_ws/build/rplidar_ros': CMAKE_PREFIX_PATH=${CMAKE_PREFIX_PATH}:/home/dora/dora_ros2_ws/robot_ws/install/wheel_controller:/home/dora/dora_ros2_ws/robot_ws/install/velocity_controller:/home/dora/dora_ros2_ws/robot_ws/install/serial_coms:/home/dora/dora_ros2_ws/robot_ws/install/encoder_odometrytest:/home/dora/dora_ros2_ws/robot_ws/install/encoder_odometry:/opt/ros/humble /usr/bin/cmake --install /home/dora/dora_ros2_ws/robot_ws/build/rplidar_ros
[4.535s] -- Install configuration: ""
[4.539s] -- Up-to-date: /home/dora/dora_ros2_ws/robot_ws/install/rplidar_ros/share/rplidar_ros/launch
[4.542s] -- Up-to-date: /home/dora/dora_ros2_ws/robot_ws/install/rplidar_ros/share/rplidar_ros/launch/view_rplidar_s2e_launch.py
[4.545s] -- Up-to-date: /home/dora/dora_ros2_ws/robot_ws/install/rplidar_ros/share/rplidar_ros/launch/view_rplidar_s1_launch.py
[4.547s] -- Up-to-date: /home/dora/dora_ros2_ws/robot_ws/install/rplidar_ros/share/rplidar_ros/launch/rplidar_a1_launch.py
[4.552s] -- Up-to-date: /home/dora/dora_ros2_ws/robot_ws/install/rplidar_ros/share/rplidar_ros/launch/rplidar_a2m8_launch.py
[4.557s] -- Up-to-date: /home/dora/dora_ros2_ws/robot_ws/install/rplidar_ros/share/rplidar_ros/launch/rplidar_c1_launch.py
[4.560s] -- Up-to-date: /home/dora/dora_ros2_ws/robot_ws/install/rplidar_ros/share/rplidar_ros/launch/view_rplidar_a1_launch.py
[4.563s] -- Up-to-date: /home/dora/dora_ros2_ws/robot_ws/install/rplidar_ros/share/rplidar_ros/launch/rplidar_s1_launch.py
[4.566s] -- Up-to-date: /home/dora/dora_ros2_ws/robot_ws/install/rplidar_ros/share/rplidar_ros/launch/view_rplidar_s2_launch.py
[4.568s] -- Up-to-date: /home/dora/dora_ros2_ws/robot_ws/install/rplidar_ros/share/rplidar_ros/launch/view_rplidar_a3_launch.py
[4.571s] -- Up-to-date: /home/dora/dora_ros2_ws/robot_ws/install/rplidar_ros/share/rplidar_ros/launch/view_rplidar_s3_launch.py
[4.574s] -- Up-to-date: /home/dora/dora_ros2_ws/robot_ws/install/rplidar_ros/share/rplidar_ros/launch/view_rplidar_c1_launch.py
[4.577s] -- Up-to-date: /home/dora/dora_ros2_ws/robot_ws/install/rplidar_ros/share/rplidar_ros/launch/rplidar_s3_launch.py
[4.578s] -- Up-to-date: /home/dora/dora_ros2_ws/robot_ws/install/rplidar_ros/share/rplidar_ros/launch/rplidar_s1_tcp_launch.py
[4.584s] -- Up-to-date: /home/dora/dora_ros2_ws/robot_ws/install/rplidar_ros/share/rplidar_ros/launch/rplidar_s2e_launch.py
[4.587s] -- Up-to-date: /home/dora/dora_ros2_ws/robot_ws/install/rplidar_ros/share/rplidar_ros/launch/rplidar_s2_launch.py
[4.588s] -- Up-to-date: /home/dora/dora_ros2_ws/robot_ws/install/rplidar_ros/share/rplidar_ros/launch/view_rplidar_a2m12_launch.py
[4.602s] -- Up-to-date: /home/dora/dora_ros2_ws/robot_ws/install/rplidar_ros/share/rplidar_ros/launch/rplidar_a2m7_launch.py
[4.602s] -- Up-to-date: /home/dora/dora_ros2_ws/robot_ws/install/rplidar_ros/share/rplidar_ros/launch/view_rplidar_a2m7_launch.py
[4.603s] -- Up-to-date: /home/dora/dora_ros2_ws/robot_ws/install/rplidar_ros/share/rplidar_ros/launch/view_rplidar_t1_launch.py
[4.604s] -- Up-to-date: /home/dora/dora_ros2_ws/robot_ws/install/rplidar_ros/share/rplidar_ros/launch/rplidar_a2m12_launch.py
[4.604s] -- Up-to-date: /home/dora/dora_ros2_ws/robot_ws/install/rplidar_ros/share/rplidar_ros/launch/view_rplidar_a2m8_launch.py
[4.605s] -- Up-to-date: /home/dora/dora_ros2_ws/robot_ws/install/rplidar_ros/share/rplidar_ros/launch/rplidar_a3_launch.py
[4.614s] -- Up-to-date: /home/dora/dora_ros2_ws/robot_ws/install/rplidar_ros/share/rplidar_ros/launch/view_rplidar_s1_tcp_launch.py
[4.614s] -- Up-to-date: /home/dora/dora_ros2_ws/robot_ws/install/rplidar_ros/share/rplidar_ros/launch/rplidar_t1_launch.py
[4.615s] -- Up-to-date: /home/dora/dora_ros2_ws/robot_ws/install/rplidar_ros/share/rplidar_ros/rviz
[4.616s] -- Up-to-date: /home/dora/dora_ros2_ws/robot_ws/install/rplidar_ros/share/rplidar_ros/rviz/rplidar_ros.rviz
[4.616s] -- Up-to-date: /home/dora/dora_ros2_ws/robot_ws/install/rplidar_ros/lib/rplidar_ros/rplidar_node
[4.627s] -- Up-to-date: /home/dora/dora_ros2_ws/robot_ws/install/rplidar_ros/lib/rplidar_ros/rplidar_composition
[4.655s] -- Up-to-date: /home/dora/dora_ros2_ws/robot_ws/install/rplidar_ros/lib/rplidar_ros/rplidar_client
[4.665s] -- Up-to-date: /home/dora/dora_ros2_ws/robot_ws/install/rplidar_ros/share/ament_index/resource_index/package_run_dependencies/rplidar_ros
[4.665s] -- Up-to-date: /home/dora/dora_ros2_ws/robot_ws/install/rplidar_ros/share/ament_index/resource_index/parent_prefix_path/rplidar_ros
[4.666s] -- Up-to-date: /home/dora/dora_ros2_ws/robot_ws/install/rplidar_ros/share/rplidar_ros/environment/ament_prefix_path.sh
[4.667s] -- Up-to-date: /home/dora/dora_ros2_ws/robot_ws/install/rplidar_ros/share/rplidar_ros/environment/ament_prefix_path.dsv
[4.667s] -- Up-to-date: /home/dora/dora_ros2_ws/robot_ws/install/rplidar_ros/share/rplidar_ros/environment/path.sh
[4.668s] -- Up-to-date: /home/dora/dora_ros2_ws/robot_ws/install/rplidar_ros/share/rplidar_ros/environment/path.dsv
[4.668s] -- Up-to-date: /home/dora/dora_ros2_ws/robot_ws/install/rplidar_ros/share/rplidar_ros/local_setup.bash
[4.669s] -- Up-to-date: /home/dora/dora_ros2_ws/robot_ws/install/rplidar_ros/share/rplidar_ros/local_setup.sh
[4.675s] -- Up-to-date: /home/dora/dora_ros2_ws/robot_ws/install/rplidar_ros/share/rplidar_ros/local_setup.zsh
[4.676s] -- Up-to-date: /home/dora/dora_ros2_ws/robot_ws/install/rplidar_ros/share/rplidar_ros/local_setup.dsv
[4.676s] -- Installing: /home/dora/dora_ros2_ws/robot_ws/install/rplidar_ros/share/rplidar_ros/package.dsv
[4.680s] -- Up-to-date: /home/dora/dora_ros2_ws/robot_ws/install/rplidar_ros/share/ament_index/resource_index/packages/rplidar_ros
[4.683s] -- Up-to-date: /home/dora/dora_ros2_ws/robot_ws/install/rplidar_ros/share/rplidar_ros/cmake/ament_cmake_export_dependencies-extras.cmake
[4.684s] -- Up-to-date: /home/dora/dora_ros2_ws/robot_ws/install/rplidar_ros/share/rplidar_ros/cmake/ament_cmake_export_include_directories-extras.cmake
[4.684s] -- Up-to-date: /home/dora/dora_ros2_ws/robot_ws/install/rplidar_ros/share/rplidar_ros/cmake/rplidar_rosConfig.cmake
[4.685s] -- Up-to-date: /home/dora/dora_ros2_ws/robot_ws/install/rplidar_ros/share/rplidar_ros/cmake/rplidar_rosConfig-version.cmake
[4.688s] -- Up-to-date: /home/dora/dora_ros2_ws/robot_ws/install/rplidar_ros/share/rplidar_ros/package.xml
[4.695s] Invoked command in '/home/dora/dora_ros2_ws/robot_ws/build/rplidar_ros' returned '0': CMAKE_PREFIX_PATH=${CMAKE_PREFIX_PATH}:/home/dora/dora_ros2_ws/robot_ws/install/wheel_controller:/home/dora/dora_ros2_ws/robot_ws/install/velocity_controller:/home/dora/dora_ros2_ws/robot_ws/install/serial_coms:/home/dora/dora_ros2_ws/robot_ws/install/encoder_odometrytest:/home/dora/dora_ros2_ws/robot_ws/install/encoder_odometry:/opt/ros/humble /usr/bin/cmake --install /home/dora/dora_ros2_ws/robot_ws/build/rplidar_ros
