[5.409s] Invoking command in '/home/dora/dora_ros2_ws/robot_ws/build/rplidar_ros': CMAKE_PREFIX_PATH=/home/dora/dora_ros2_ws/robot_ws/install/wheel_controller:/home/dora/dora_ros2_ws/robot_ws/install/velocity_controller:/home/dora/dora_ros2_ws/robot_ws/install/serial_coms:/home/dora/dora_ros2_ws/robot_ws/install/my_package:/home/dora/dora_ros2_ws/robot_ws/install/mecanum_controller:/home/dora/dora_ros2_ws/robot_ws/install/encoder_odometrytest:/home/dora/dora_ros2_ws/robot_ws/install/encoder_odometry:/opt/ros/humble:${CMAKE_PREFIX_PATH} /usr/bin/cmake --build /home/dora/dora_ros2_ws/robot_ws/build/rplidar_ros -- -j4 -l4
[5.632s] [0mCMake Error: The current CMakeCache.txt directory /home/dora/dora_ros2_ws/robot_ws/build/rplidar_ros/CMakeCache.txt is different than the directory /home/dora/robot_ws/build/rplidar_ros where CMakeCache.txt was created. This may result in binaries being created in the wrong place. If you are not sure, reedit the CMakeCache.txt[0m
[5.960s] -- Found ament_cmake: 1.3.10 (/opt/ros/humble/share/ament_cmake/cmake)
[7.001s] -- Found rclcpp: 16.0.10 (/opt/ros/humble/share/rclcpp/cmake)
[7.345s] -- Found rosidl_generator_c: 3.1.5 (/opt/ros/humble/share/rosidl_generator_c/cmake)
[7.368s] -- Found rosidl_adapter: 3.1.5 (/opt/ros/humble/share/rosidl_adapter/cmake)
[7.460s] -- Found rosidl_generator_cpp: 3.1.5 (/opt/ros/humble/share/rosidl_generator_cpp/cmake)
[7.639s] -- Using all available rosidl_typesupport_c: rosidl_typesupport_fastrtps_c;rosidl_typesupport_introspection_c
[7.762s] -- Using all available rosidl_typesupport_cpp: rosidl_typesupport_fastrtps_cpp;rosidl_typesupport_introspection_cpp
[8.349s] -- Found rmw_implementation_cmake: 6.1.2 (/opt/ros/humble/share/rmw_implementation_cmake/cmake)
[8.387s] -- Found rmw_fastrtps_cpp: 6.2.7 (/opt/ros/humble/share/rmw_fastrtps_cpp/cmake)
[10.290s] -- Using RMW implementation 'rmw_fastrtps_cpp' as default
[10.917s] -- Found sensor_msgs: 4.2.4 (/opt/ros/humble/share/sensor_msgs/cmake)
[11.121s] -- Found std_srvs: 4.2.4 (/opt/ros/humble/share/std_srvs/cmake)
[11.998s] -- Configuring done
[12.199s] -- Generating done
[12.216s] -- Build files have been written to: /home/dora/robot_ws/build/rplidar_ros
[12.512s] [35m[1mConsolidate compiler generated dependencies of target rplidar_composition[0m
[12.519s] [35m[1mConsolidate compiler generated dependencies of target rplidar_client[0m
[12.555s] [35m[1mConsolidate compiler generated dependencies of target rplidar_node[0m
[12.852s] [ 47%] Built target rplidar_composition
[12.877s] [ 52%] Built target rplidar_client
[12.888s] [100%] Built target rplidar_node
[12.953s] Invoked command in '/home/dora/dora_ros2_ws/robot_ws/build/rplidar_ros' returned '0': CMAKE_PREFIX_PATH=/home/dora/dora_ros2_ws/robot_ws/install/wheel_controller:/home/dora/dora_ros2_ws/robot_ws/install/velocity_controller:/home/dora/dora_ros2_ws/robot_ws/install/serial_coms:/home/dora/dora_ros2_ws/robot_ws/install/my_package:/home/dora/dora_ros2_ws/robot_ws/install/mecanum_controller:/home/dora/dora_ros2_ws/robot_ws/install/encoder_odometrytest:/home/dora/dora_ros2_ws/robot_ws/install/encoder_odometry:/opt/ros/humble:${CMAKE_PREFIX_PATH} /usr/bin/cmake --build /home/dora/dora_ros2_ws/robot_ws/build/rplidar_ros -- -j4 -l4
[13.552s] Invoking command in '/home/dora/dora_ros2_ws/robot_ws/build/rplidar_ros': CMAKE_PREFIX_PATH=/home/dora/dora_ros2_ws/robot_ws/install/wheel_controller:/home/dora/dora_ros2_ws/robot_ws/install/velocity_controller:/home/dora/dora_ros2_ws/robot_ws/install/serial_coms:/home/dora/dora_ros2_ws/robot_ws/install/my_package:/home/dora/dora_ros2_ws/robot_ws/install/mecanum_controller:/home/dora/dora_ros2_ws/robot_ws/install/encoder_odometrytest:/home/dora/dora_ros2_ws/robot_ws/install/encoder_odometry:/opt/ros/humble:${CMAKE_PREFIX_PATH} /usr/bin/cmake --install /home/dora/dora_ros2_ws/robot_ws/build/rplidar_ros
[13.602s] -- Install configuration: ""
[13.606s] -- Up-to-date: /home/dora/robot_ws/install/rplidar_ros/share/rplidar_ros/launch
[13.611s] -- Up-to-date: /home/dora/robot_ws/install/rplidar_ros/share/rplidar_ros/launch/rplidar_a2m12.launch
[13.612s] -- Up-to-date: /home/dora/robot_ws/install/rplidar_ros/share/rplidar_ros/launch/rplidar_a1.launch
[13.614s] -- Up-to-date: /home/dora/robot_ws/install/rplidar_ros/share/rplidar_ros/launch/rplidar_c1.launch
[13.615s] -- Up-to-date: /home/dora/robot_ws/install/rplidar_ros/share/rplidar_ros/launch/view_rplidar_s2e_launch.py
[13.617s] -- Up-to-date: /home/dora/robot_ws/install/rplidar_ros/share/rplidar_ros/launch/view_rplidar_s1_launch.py
[13.618s] -- Up-to-date: /home/dora/robot_ws/install/rplidar_ros/share/rplidar_ros/launch/rplidar_a1_launch.py
[13.620s] -- Up-to-date: /home/dora/robot_ws/install/rplidar_ros/share/rplidar_ros/launch/view_rplidar_s2.launch
[13.622s] -- Up-to-date: /home/dora/robot_ws/install/rplidar_ros/share/rplidar_ros/launch/rplidar_a2m8_launch.py
[13.623s] -- Up-to-date: /home/dora/robot_ws/install/rplidar_ros/share/rplidar_ros/launch/rplidar_c1_launch.py
[13.625s] -- Up-to-date: /home/dora/robot_ws/install/rplidar_ros/share/rplidar_ros/launch/view_rplidar_s3.launch
[13.626s] -- Up-to-date: /home/dora/robot_ws/install/rplidar_ros/share/rplidar_ros/launch/view_rplidar_a1_launch.py
[13.629s] -- Up-to-date: /home/dora/robot_ws/install/rplidar_ros/share/rplidar_ros/launch/rplidar_s1_launch.py
[13.630s] -- Up-to-date: /home/dora/robot_ws/install/rplidar_ros/share/rplidar_ros/launch/view_rplidar_s2_launch.py
[13.631s] -- Up-to-date: /home/dora/robot_ws/install/rplidar_ros/share/rplidar_ros/launch/view_rplidar_a3_launch.py
[13.632s] -- Up-to-date: /home/dora/robot_ws/install/rplidar_ros/share/rplidar_ros/launch/test_rplidar.launch
[13.646s] -- Up-to-date: /home/dora/robot_ws/install/rplidar_ros/share/rplidar_ros/launch/view_rplidar_a2m12.launch
[13.646s] -- Up-to-date: /home/dora/robot_ws/install/rplidar_ros/share/rplidar_ros/launch/view_rplidar_s3_launch.py
[13.649s] -- Up-to-date: /home/dora/robot_ws/install/rplidar_ros/share/rplidar_ros/launch/view_rplidar_c1_launch.py
[13.650s] -- Up-to-date: /home/dora/robot_ws/install/rplidar_ros/share/rplidar_ros/launch/rplidar_s1_tcp.launch
[13.651s] -- Up-to-date: /home/dora/robot_ws/install/rplidar_ros/share/rplidar_ros/launch/view_rplidar_a3.launch
[13.651s] -- Up-to-date: /home/dora/robot_ws/install/rplidar_ros/share/rplidar_ros/launch/rplidar_s3_launch.py
[13.652s] -- Up-to-date: /home/dora/robot_ws/install/rplidar_ros/share/rplidar_ros/launch/rplidar_s1_tcp_launch.py
[13.665s] -- Up-to-date: /home/dora/robot_ws/install/rplidar_ros/share/rplidar_ros/launch/rplidar_s2e.launch
[13.666s] -- Up-to-date: /home/dora/robot_ws/install/rplidar_ros/share/rplidar_ros/launch/rplidar_s2e_launch.py
[13.667s] -- Up-to-date: /home/dora/robot_ws/install/rplidar_ros/share/rplidar_ros/launch/rplidar_s3.launch
[13.667s] -- Up-to-date: /home/dora/robot_ws/install/rplidar_ros/share/rplidar_ros/launch/view_rplidar_a2m7.launch
[13.668s] -- Up-to-date: /home/dora/robot_ws/install/rplidar_ros/share/rplidar_ros/launch/rplidar_a2m7.launch
[13.668s] -- Up-to-date: /home/dora/robot_ws/install/rplidar_ros/share/rplidar_ros/launch/rplidar_s2_launch.py
[13.679s] -- Up-to-date: /home/dora/robot_ws/install/rplidar_ros/share/rplidar_ros/launch/view_rplidar_a2m12_launch.py
[13.684s] -- Up-to-date: /home/dora/robot_ws/install/rplidar_ros/share/rplidar_ros/launch/test_rplidar_a3.launch
[13.685s] -- Up-to-date: /home/dora/robot_ws/install/rplidar_ros/share/rplidar_ros/launch/rplidar_a2m7_launch.py
[13.695s] -- Up-to-date: /home/dora/robot_ws/install/rplidar_ros/share/rplidar_ros/launch/view_rplidar_s1.launch
[13.698s] -- Up-to-date: /home/dora/robot_ws/install/rplidar_ros/share/rplidar_ros/launch/view_rplidar_a1.launch
[13.699s] -- Up-to-date: /home/dora/robot_ws/install/rplidar_ros/share/rplidar_ros/launch/view_rplidar_s2e.launch
[13.699s] -- Up-to-date: /home/dora/robot_ws/install/rplidar_ros/share/rplidar_ros/launch/view_rplidar_s1_tcp.launch
[13.705s] -- Up-to-date: /home/dora/robot_ws/install/rplidar_ros/share/rplidar_ros/launch/view_rplidar_a2m7_launch.py
[13.706s] -- Up-to-date: /home/dora/robot_ws/install/rplidar_ros/share/rplidar_ros/launch/view_rplidar_t1_launch.py
[13.709s] -- Up-to-date: /home/dora/robot_ws/install/rplidar_ros/share/rplidar_ros/launch/rplidar_a2m8.launch
[13.710s] -- Up-to-date: /home/dora/robot_ws/install/rplidar_ros/share/rplidar_ros/launch/rplidar_a2m12_launch.py
[13.710s] -- Up-to-date: /home/dora/robot_ws/install/rplidar_ros/share/rplidar_ros/launch/rplidar_s2.launch
[13.717s] -- Up-to-date: /home/dora/robot_ws/install/rplidar_ros/share/rplidar_ros/launch/rplidar_s1.launch
[13.718s] -- Up-to-date: /home/dora/robot_ws/install/rplidar_ros/share/rplidar_ros/launch/view_rplidar_a2m8_launch.py
[13.718s] -- Up-to-date: /home/dora/robot_ws/install/rplidar_ros/share/rplidar_ros/launch/rplidar_t1.launch
[13.720s] -- Up-to-date: /home/dora/robot_ws/install/rplidar_ros/share/rplidar_ros/launch/rplidar_a3_launch.py
[13.723s] -- Up-to-date: /home/dora/robot_ws/install/rplidar_ros/share/rplidar_ros/launch/rplidar_a3.launch
[13.726s] -- Up-to-date: /home/dora/robot_ws/install/rplidar_ros/share/rplidar_ros/launch/view_rplidar_t1.launch
[13.729s] -- Up-to-date: /home/dora/robot_ws/install/rplidar_ros/share/rplidar_ros/launch/view_rplidar_s1_tcp_launch.py
[13.729s] -- Up-to-date: /home/dora/robot_ws/install/rplidar_ros/share/rplidar_ros/launch/view_rplidar_a2m8.launch
[13.730s] -- Up-to-date: /home/dora/robot_ws/install/rplidar_ros/share/rplidar_ros/launch/rplidar_t1_launch.py
[13.731s] -- Up-to-date: /home/dora/robot_ws/install/rplidar_ros/share/rplidar_ros/launch/view_rplidar_c1.launch
[13.731s] -- Up-to-date: /home/dora/robot_ws/install/rplidar_ros/share/rplidar_ros/rviz
[13.740s] -- Up-to-date: /home/dora/robot_ws/install/rplidar_ros/share/rplidar_ros/rviz/rplidar_ros.rviz
[13.740s] -- Up-to-date: /home/dora/robot_ws/install/rplidar_ros/share/rplidar_ros/rviz/rplidar.rviz
[13.741s] -- Up-to-date: /home/dora/robot_ws/install/rplidar_ros/lib/rplidar_ros/rplidar_node
[13.744s] -- Up-to-date: /home/dora/robot_ws/install/rplidar_ros/lib/rplidar_ros/rplidar_composition
[13.745s] -- Up-to-date: /home/dora/robot_ws/install/rplidar_ros/lib/rplidar_ros/rplidar_client
[13.746s] -- Up-to-date: /home/dora/robot_ws/install/rplidar_ros/share/ament_index/resource_index/package_run_dependencies/rplidar_ros
[13.747s] -- Installing: /home/dora/robot_ws/install/rplidar_ros/share/ament_index/resource_index/parent_prefix_path/rplidar_ros
[13.748s] -- Up-to-date: /home/dora/robot_ws/install/rplidar_ros/share/rplidar_ros/environment/ament_prefix_path.sh
[13.787s] -- Installing: /home/dora/robot_ws/install/rplidar_ros/share/rplidar_ros/environment/ament_prefix_path.dsv
[13.797s] -- Up-to-date: /home/dora/robot_ws/install/rplidar_ros/share/rplidar_ros/environment/path.sh
[13.798s] -- Installing: /home/dora/robot_ws/install/rplidar_ros/share/rplidar_ros/environment/path.dsv
[13.799s] -- Up-to-date: /home/dora/robot_ws/install/rplidar_ros/share/rplidar_ros/local_setup.bash
[13.800s] -- Up-to-date: /home/dora/robot_ws/install/rplidar_ros/share/rplidar_ros/local_setup.sh
[13.801s] -- Up-to-date: /home/dora/robot_ws/install/rplidar_ros/share/rplidar_ros/local_setup.zsh
[13.801s] -- Installing: /home/dora/robot_ws/install/rplidar_ros/share/rplidar_ros/local_setup.dsv
[13.802s] -- Installing: /home/dora/robot_ws/install/rplidar_ros/share/rplidar_ros/package.dsv
[13.803s] -- Up-to-date: /home/dora/robot_ws/install/rplidar_ros/share/ament_index/resource_index/packages/rplidar_ros
[13.804s] -- Up-to-date: /home/dora/robot_ws/install/rplidar_ros/share/rplidar_ros/cmake/ament_cmake_export_dependencies-extras.cmake
[13.811s] -- Up-to-date: /home/dora/robot_ws/install/rplidar_ros/share/rplidar_ros/cmake/ament_cmake_export_include_directories-extras.cmake
[13.816s] -- Up-to-date: /home/dora/robot_ws/install/rplidar_ros/share/rplidar_ros/cmake/rplidar_rosConfig.cmake
[13.824s] -- Up-to-date: /home/dora/robot_ws/install/rplidar_ros/share/rplidar_ros/cmake/rplidar_rosConfig-version.cmake
[13.824s] -- Up-to-date: /home/dora/robot_ws/install/rplidar_ros/share/rplidar_ros/package.xml
[13.826s] Invoked command in '/home/dora/dora_ros2_ws/robot_ws/build/rplidar_ros' returned '0': CMAKE_PREFIX_PATH=/home/dora/dora_ros2_ws/robot_ws/install/wheel_controller:/home/dora/dora_ros2_ws/robot_ws/install/velocity_controller:/home/dora/dora_ros2_ws/robot_ws/install/serial_coms:/home/dora/dora_ros2_ws/robot_ws/install/my_package:/home/dora/dora_ros2_ws/robot_ws/install/mecanum_controller:/home/dora/dora_ros2_ws/robot_ws/install/encoder_odometrytest:/home/dora/dora_ros2_ws/robot_ws/install/encoder_odometry:/opt/ros/humble:${CMAKE_PREFIX_PATH} /usr/bin/cmake --install /home/dora/dora_ros2_ws/robot_ws/build/rplidar_ros
