[0.056s] Invoking command in '/home/dora/dora_ros2_ws/robot_ws/build/rplidar_ros': CMAKE_PREFIX_PATH=/home/dora/dora_ros2_ws/robot_ws/install/wheel_controller:/home/dora/dora_ros2_ws/robot_ws/install/velocity_controller:/home/dora/dora_ros2_ws/robot_ws/install/serial_coms:/home/dora/dora_ros2_ws/robot_ws/install/my_package:/home/dora/dora_ros2_ws/robot_ws/install/mecanum_controller:/home/dora/dora_ros2_ws/robot_ws/install/encoder_odometrytest:/home/dora/dora_ros2_ws/robot_ws/install/encoder_odometry:/opt/ros/humble:${CMAKE_PREFIX_PATH} /usr/bin/cmake --build /home/dora/dora_ros2_ws/robot_ws/build/rplidar_ros -- -j4 -l4
[0.095s] [0mCMake Error: The current CMakeCache.txt directory /home/dora/dora_ros2_ws/robot_ws/build/rplidar_ros/CMakeCache.txt is different than the directory /home/dora/robot_ws/build/rplidar_ros where CMakeCache.txt was created. This may result in binaries being created in the wrong place. If you are not sure, reedit the CMakeCache.txt[0m
[0.170s] -- Found ament_cmake: 1.3.10 (/opt/ros/humble/share/ament_cmake/cmake)
[0.802s] -- Found rclcpp: 16.0.10 (/opt/ros/humble/share/rclcpp/cmake)
[0.965s] -- Found rosidl_generator_c: 3.1.5 (/opt/ros/humble/share/rosidl_generator_c/cmake)
[0.976s] -- Found rosidl_adapter: 3.1.5 (/opt/ros/humble/share/rosidl_adapter/cmake)
[0.998s] -- Found rosidl_generator_cpp: 3.1.5 (/opt/ros/humble/share/rosidl_generator_cpp/cmake)
[1.038s] -- Using all available rosidl_typesupport_c: rosidl_typesupport_fastrtps_c;rosidl_typesupport_introspection_c
[1.088s] -- Using all available rosidl_typesupport_cpp: rosidl_typesupport_fastrtps_cpp;rosidl_typesupport_introspection_cpp
[1.216s] -- Found rmw_implementation_cmake: 6.1.2 (/opt/ros/humble/share/rmw_implementation_cmake/cmake)
[1.222s] -- Found rmw_fastrtps_cpp: 6.2.7 (/opt/ros/humble/share/rmw_fastrtps_cpp/cmake)
[2.028s] -- Using RMW implementation 'rmw_fastrtps_cpp' as default
[2.215s] -- Found sensor_msgs: 4.2.4 (/opt/ros/humble/share/sensor_msgs/cmake)
[2.326s] -- Found std_srvs: 4.2.4 (/opt/ros/humble/share/std_srvs/cmake)
[2.696s] -- Configuring done
[2.796s] -- Generating done
[2.805s] -- Build files have been written to: /home/dora/robot_ws/build/rplidar_ros
[2.931s] [35m[1mConsolidate compiler generated dependencies of target rplidar_client[0m
[2.948s] [35m[1mConsolidate compiler generated dependencies of target rplidar_node[0m
[2.949s] [35m[1mConsolidate compiler generated dependencies of target rplidar_composition[0m
[3.023s] [  5%] Built target rplidar_client
[3.115s] [ 52%] Built target rplidar_composition
[3.121s] [100%] Built target rplidar_node
[3.163s] Invoked command in '/home/dora/dora_ros2_ws/robot_ws/build/rplidar_ros' returned '0': CMAKE_PREFIX_PATH=/home/dora/dora_ros2_ws/robot_ws/install/wheel_controller:/home/dora/dora_ros2_ws/robot_ws/install/velocity_controller:/home/dora/dora_ros2_ws/robot_ws/install/serial_coms:/home/dora/dora_ros2_ws/robot_ws/install/my_package:/home/dora/dora_ros2_ws/robot_ws/install/mecanum_controller:/home/dora/dora_ros2_ws/robot_ws/install/encoder_odometrytest:/home/dora/dora_ros2_ws/robot_ws/install/encoder_odometry:/opt/ros/humble:${CMAKE_PREFIX_PATH} /usr/bin/cmake --build /home/dora/dora_ros2_ws/robot_ws/build/rplidar_ros -- -j4 -l4
[3.677s] Invoking command in '/home/dora/dora_ros2_ws/robot_ws/build/rplidar_ros': CMAKE_PREFIX_PATH=/home/dora/dora_ros2_ws/robot_ws/install/wheel_controller:/home/dora/dora_ros2_ws/robot_ws/install/velocity_controller:/home/dora/dora_ros2_ws/robot_ws/install/serial_coms:/home/dora/dora_ros2_ws/robot_ws/install/my_package:/home/dora/dora_ros2_ws/robot_ws/install/mecanum_controller:/home/dora/dora_ros2_ws/robot_ws/install/encoder_odometrytest:/home/dora/dora_ros2_ws/robot_ws/install/encoder_odometry:/opt/ros/humble:${CMAKE_PREFIX_PATH} /usr/bin/cmake --install /home/dora/dora_ros2_ws/robot_ws/build/rplidar_ros
[3.703s] -- Install configuration: ""
[3.703s] -- Up-to-date: /home/dora/robot_ws/install/rplidar_ros/share/rplidar_ros/launch
[3.704s] -- Up-to-date: /home/dora/robot_ws/install/rplidar_ros/share/rplidar_ros/launch/rplidar_a2m12.launch
[3.705s] -- Up-to-date: /home/dora/robot_ws/install/rplidar_ros/share/rplidar_ros/launch/rplidar_a1.launch
[3.705s] -- Up-to-date: /home/dora/robot_ws/install/rplidar_ros/share/rplidar_ros/launch/rplidar_c1.launch
[3.706s] -- Up-to-date: /home/dora/robot_ws/install/rplidar_ros/share/rplidar_ros/launch/view_rplidar_s2e_launch.py
[3.706s] -- Up-to-date: /home/dora/robot_ws/install/rplidar_ros/share/rplidar_ros/launch/view_rplidar_s1_launch.py
[3.707s] -- Up-to-date: /home/dora/robot_ws/install/rplidar_ros/share/rplidar_ros/launch/rplidar_a1_launch.py
[3.707s] -- Up-to-date: /home/dora/robot_ws/install/rplidar_ros/share/rplidar_ros/launch/view_rplidar_s2.launch
[3.707s] -- Up-to-date: /home/dora/robot_ws/install/rplidar_ros/share/rplidar_ros/launch/rplidar_a2m8_launch.py
[3.708s] -- Up-to-date: /home/dora/robot_ws/install/rplidar_ros/share/rplidar_ros/launch/rplidar_c1_launch.py
[3.708s] -- Up-to-date: /home/dora/robot_ws/install/rplidar_ros/share/rplidar_ros/launch/view_rplidar_s3.launch
[3.709s] -- Up-to-date: /home/dora/robot_ws/install/rplidar_ros/share/rplidar_ros/launch/view_rplidar_a1_launch.py
[3.709s] -- Up-to-date: /home/dora/robot_ws/install/rplidar_ros/share/rplidar_ros/launch/rplidar_s1_launch.py
[3.710s] -- Up-to-date: /home/dora/robot_ws/install/rplidar_ros/share/rplidar_ros/launch/view_rplidar_s2_launch.py
[3.710s] -- Up-to-date: /home/dora/robot_ws/install/rplidar_ros/share/rplidar_ros/launch/view_rplidar_a3_launch.py
[3.711s] -- Up-to-date: /home/dora/robot_ws/install/rplidar_ros/share/rplidar_ros/launch/test_rplidar.launch
[3.711s] -- Up-to-date: /home/dora/robot_ws/install/rplidar_ros/share/rplidar_ros/launch/view_rplidar_a2m12.launch
[3.712s] -- Up-to-date: /home/dora/robot_ws/install/rplidar_ros/share/rplidar_ros/launch/view_rplidar_s3_launch.py
[3.712s] -- Up-to-date: /home/dora/robot_ws/install/rplidar_ros/share/rplidar_ros/launch/view_rplidar_c1_launch.py
[3.713s] -- Up-to-date: /home/dora/robot_ws/install/rplidar_ros/share/rplidar_ros/launch/rplidar_s1_tcp.launch
[3.713s] -- Up-to-date: /home/dora/robot_ws/install/rplidar_ros/share/rplidar_ros/launch/view_rplidar_a3.launch
[3.713s] -- Up-to-date: /home/dora/robot_ws/install/rplidar_ros/share/rplidar_ros/launch/rplidar_s3_launch.py
[3.714s] -- Up-to-date: /home/dora/robot_ws/install/rplidar_ros/share/rplidar_ros/launch/rplidar_s1_tcp_launch.py
[3.714s] -- Up-to-date: /home/dora/robot_ws/install/rplidar_ros/share/rplidar_ros/launch/rplidar_s2e.launch
[3.715s] -- Up-to-date: /home/dora/robot_ws/install/rplidar_ros/share/rplidar_ros/launch/rplidar_s2e_launch.py
[3.715s] -- Up-to-date: /home/dora/robot_ws/install/rplidar_ros/share/rplidar_ros/launch/rplidar_s3.launch
[3.716s] -- Up-to-date: /home/dora/robot_ws/install/rplidar_ros/share/rplidar_ros/launch/view_rplidar_a2m7.launch
[3.716s] -- Up-to-date: /home/dora/robot_ws/install/rplidar_ros/share/rplidar_ros/launch/rplidar_a2m7.launch
[3.716s] -- Up-to-date: /home/dora/robot_ws/install/rplidar_ros/share/rplidar_ros/launch/rplidar_s2_launch.py
[3.717s] -- Up-to-date: /home/dora/robot_ws/install/rplidar_ros/share/rplidar_ros/launch/view_rplidar_a2m12_launch.py
[3.717s] -- Up-to-date: /home/dora/robot_ws/install/rplidar_ros/share/rplidar_ros/launch/test_rplidar_a3.launch
[3.718s] -- Up-to-date: /home/dora/robot_ws/install/rplidar_ros/share/rplidar_ros/launch/rplidar_a2m7_launch.py
[3.718s] -- Up-to-date: /home/dora/robot_ws/install/rplidar_ros/share/rplidar_ros/launch/view_rplidar_s1.launch
[3.719s] -- Up-to-date: /home/dora/robot_ws/install/rplidar_ros/share/rplidar_ros/launch/view_rplidar_a1.launch
[3.719s] -- Up-to-date: /home/dora/robot_ws/install/rplidar_ros/share/rplidar_ros/launch/view_rplidar_s2e.launch
[3.719s] -- Up-to-date: /home/dora/robot_ws/install/rplidar_ros/share/rplidar_ros/launch/view_rplidar_s1_tcp.launch
[3.720s] -- Up-to-date: /home/dora/robot_ws/install/rplidar_ros/share/rplidar_ros/launch/view_rplidar_a2m7_launch.py
[3.720s] -- Up-to-date: /home/dora/robot_ws/install/rplidar_ros/share/rplidar_ros/launch/view_rplidar_t1_launch.py
[3.720s] -- Up-to-date: /home/dora/robot_ws/install/rplidar_ros/share/rplidar_ros/launch/rplidar_a2m8.launch
[3.721s] -- Up-to-date: /home/dora/robot_ws/install/rplidar_ros/share/rplidar_ros/launch/rplidar_a2m12_launch.py
[3.721s] -- Up-to-date: /home/dora/robot_ws/install/rplidar_ros/share/rplidar_ros/launch/rplidar_s2.launch
[3.721s] -- Up-to-date: /home/dora/robot_ws/install/rplidar_ros/share/rplidar_ros/launch/rplidar_s1.launch
[3.722s] -- Up-to-date: /home/dora/robot_ws/install/rplidar_ros/share/rplidar_ros/launch/view_rplidar_a2m8_launch.py
[3.722s] -- Up-to-date: /home/dora/robot_ws/install/rplidar_ros/share/rplidar_ros/launch/rplidar_t1.launch
[3.723s] -- Up-to-date: /home/dora/robot_ws/install/rplidar_ros/share/rplidar_ros/launch/rplidar_a3_launch.py
[3.724s] -- Up-to-date: /home/dora/robot_ws/install/rplidar_ros/share/rplidar_ros/launch/rplidar_a3.launch
[3.725s] -- Up-to-date: /home/dora/robot_ws/install/rplidar_ros/share/rplidar_ros/launch/view_rplidar_t1.launch
[3.726s] -- Up-to-date: /home/dora/robot_ws/install/rplidar_ros/share/rplidar_ros/launch/view_rplidar_s1_tcp_launch.py
[3.726s] -- Up-to-date: /home/dora/robot_ws/install/rplidar_ros/share/rplidar_ros/launch/view_rplidar_a2m8.launch
[3.727s] -- Up-to-date: /home/dora/robot_ws/install/rplidar_ros/share/rplidar_ros/launch/rplidar_t1_launch.py
[3.727s] -- Up-to-date: /home/dora/robot_ws/install/rplidar_ros/share/rplidar_ros/launch/view_rplidar_c1.launch
[3.728s] -- Up-to-date: /home/dora/robot_ws/install/rplidar_ros/share/rplidar_ros/rviz
[3.728s] -- Up-to-date: /home/dora/robot_ws/install/rplidar_ros/share/rplidar_ros/rviz/rplidar_ros.rviz
[3.729s] -- Up-to-date: /home/dora/robot_ws/install/rplidar_ros/share/rplidar_ros/rviz/rplidar.rviz
[3.729s] -- Up-to-date: /home/dora/robot_ws/install/rplidar_ros/lib/rplidar_ros/rplidar_node
[3.729s] -- Up-to-date: /home/dora/robot_ws/install/rplidar_ros/lib/rplidar_ros/rplidar_composition
[3.730s] -- Up-to-date: /home/dora/robot_ws/install/rplidar_ros/lib/rplidar_ros/rplidar_client
[3.730s] -- Up-to-date: /home/dora/robot_ws/install/rplidar_ros/share/ament_index/resource_index/package_run_dependencies/rplidar_ros
[3.731s] -- Up-to-date: /home/dora/robot_ws/install/rplidar_ros/share/ament_index/resource_index/parent_prefix_path/rplidar_ros
[3.731s] -- Up-to-date: /home/dora/robot_ws/install/rplidar_ros/share/rplidar_ros/environment/ament_prefix_path.sh
[3.732s] -- Installing: /home/dora/robot_ws/install/rplidar_ros/share/rplidar_ros/environment/ament_prefix_path.dsv
[3.732s] -- Up-to-date: /home/dora/robot_ws/install/rplidar_ros/share/rplidar_ros/environment/path.sh
[3.732s] -- Installing: /home/dora/robot_ws/install/rplidar_ros/share/rplidar_ros/environment/path.dsv
[3.733s] -- Up-to-date: /home/dora/robot_ws/install/rplidar_ros/share/rplidar_ros/local_setup.bash
[3.734s] -- Up-to-date: /home/dora/robot_ws/install/rplidar_ros/share/rplidar_ros/local_setup.sh
[3.735s] -- Up-to-date: /home/dora/robot_ws/install/rplidar_ros/share/rplidar_ros/local_setup.zsh
[3.736s] -- Installing: /home/dora/robot_ws/install/rplidar_ros/share/rplidar_ros/local_setup.dsv
[3.737s] -- Installing: /home/dora/robot_ws/install/rplidar_ros/share/rplidar_ros/package.dsv
[3.738s] -- Up-to-date: /home/dora/robot_ws/install/rplidar_ros/share/ament_index/resource_index/packages/rplidar_ros
[3.740s] -- Up-to-date: /home/dora/robot_ws/install/rplidar_ros/share/rplidar_ros/cmake/ament_cmake_export_dependencies-extras.cmake
[3.740s] -- Up-to-date: /home/dora/robot_ws/install/rplidar_ros/share/rplidar_ros/cmake/ament_cmake_export_include_directories-extras.cmake
[3.741s] -- Up-to-date: /home/dora/robot_ws/install/rplidar_ros/share/rplidar_ros/cmake/rplidar_rosConfig.cmake
[3.741s] -- Up-to-date: /home/dora/robot_ws/install/rplidar_ros/share/rplidar_ros/cmake/rplidar_rosConfig-version.cmake
[3.742s] -- Up-to-date: /home/dora/robot_ws/install/rplidar_ros/share/rplidar_ros/package.xml
[3.743s] Invoked command in '/home/dora/dora_ros2_ws/robot_ws/build/rplidar_ros' returned '0': CMAKE_PREFIX_PATH=/home/dora/dora_ros2_ws/robot_ws/install/wheel_controller:/home/dora/dora_ros2_ws/robot_ws/install/velocity_controller:/home/dora/dora_ros2_ws/robot_ws/install/serial_coms:/home/dora/dora_ros2_ws/robot_ws/install/my_package:/home/dora/dora_ros2_ws/robot_ws/install/mecanum_controller:/home/dora/dora_ros2_ws/robot_ws/install/encoder_odometrytest:/home/dora/dora_ros2_ws/robot_ws/install/encoder_odometry:/opt/ros/humble:${CMAKE_PREFIX_PATH} /usr/bin/cmake --install /home/dora/dora_ros2_ws/robot_ws/build/rplidar_ros
