[2.853s] Invoking command in '/home/dora/dora_ros2_ws/robot_ws/src/wheel_controller': PYTHONPATH=/home/dora/dora_ros2_ws/robot_ws/build/wheel_controller/prefix_override:/usr/lib/python3/dist-packages/colcon_core/task/python/colcon_distutils_commands:/home/dora/dora_ros2_ws/robot_ws/install/wheel_controller/lib/python3.10/site-packages:${PYTHONPATH} /usr/bin/python3 -W ignore:setup.py install is deprecated setup.py egg_info --egg-base ../../build/wheel_controller build --build-base /home/dora/dora_ros2_ws/robot_ws/build/wheel_controller/build install --record /home/dora/dora_ros2_ws/robot_ws/build/wheel_controller/install.log --single-version-externally-managed install_data
[3.957s] running egg_info
[3.959s] writing ../../build/wheel_controller/wheel_controller.egg-info/PKG-INFO
[3.960s] writing dependency_links to ../../build/wheel_controller/wheel_controller.egg-info/dependency_links.txt
[3.961s] writing entry points to ../../build/wheel_controller/wheel_controller.egg-info/entry_points.txt
[3.962s] writing requirements to ../../build/wheel_controller/wheel_controller.egg-info/requires.txt
[3.963s] writing top-level names to ../../build/wheel_controller/wheel_controller.egg-info/top_level.txt
[3.971s] reading manifest file '../../build/wheel_controller/wheel_controller.egg-info/SOURCES.txt'
[3.974s] writing manifest file '../../build/wheel_controller/wheel_controller.egg-info/SOURCES.txt'
[3.975s] running build
[3.976s] running build_py
[3.976s] copying wheel_controller/wheel_controller.py -> /home/dora/dora_ros2_ws/robot_ws/build/wheel_controller/build/lib/wheel_controller
[3.978s] running install
[3.979s] running install_lib
[3.982s] copying /home/dora/dora_ros2_ws/robot_ws/build/wheel_controller/build/lib/wheel_controller/wheel_controller.py -> /home/dora/dora_ros2_ws/robot_ws/install/wheel_controller/lib/python3.10/site-packages/wheel_controller
[3.985s] byte-compiling /home/dora/dora_ros2_ws/robot_ws/install/wheel_controller/lib/python3.10/site-packages/wheel_controller/wheel_controller.py to wheel_controller.cpython-310.pyc
[3.992s] running install_data
[3.992s] running install_egg_info
[3.999s] removing '/home/dora/dora_ros2_ws/robot_ws/install/wheel_controller/lib/python3.10/site-packages/wheel_controller-0.0.0-py3.10.egg-info' (and everything under it)
[4.001s] Copying ../../build/wheel_controller/wheel_controller.egg-info to /home/dora/dora_ros2_ws/robot_ws/install/wheel_controller/lib/python3.10/site-packages/wheel_controller-0.0.0-py3.10.egg-info
[4.007s] running install_scripts
[4.083s] Installing wheel_controller script to /home/dora/dora_ros2_ws/robot_ws/install/wheel_controller/lib/wheel_controller
[4.084s] writing list of installed files to '/home/dora/dora_ros2_ws/robot_ws/build/wheel_controller/install.log'
[4.210s] Invoked command in '/home/dora/dora_ros2_ws/robot_ws/src/wheel_controller' returned '0': PYTHONPATH=/home/dora/dora_ros2_ws/robot_ws/build/wheel_controller/prefix_override:/usr/lib/python3/dist-packages/colcon_core/task/python/colcon_distutils_commands:/home/dora/dora_ros2_ws/robot_ws/install/wheel_controller/lib/python3.10/site-packages:${PYTHONPATH} /usr/bin/python3 -W ignore:setup.py install is deprecated setup.py egg_info --egg-base ../../build/wheel_controller build --build-base /home/dora/dora_ros2_ws/robot_ws/build/wheel_controller/build install --record /home/dora/dora_ros2_ws/robot_ws/build/wheel_controller/install.log --single-version-externally-managed install_data
