[2.882s] Invoking command in '/home/dora/dora_ros2_ws/robot_ws/src/wheel_controller': PYTHONPATH=/home/dora/dora_ros2_ws/robot_ws/build/wheel_controller/prefix_override:/usr/lib/python3/dist-packages/colcon_core/task/python/colcon_distutils_commands:/home/dora/dora_ros2_ws/robot_ws/install/wheel_controller/lib/python3.10/site-packages:${PYTHONPATH} /usr/bin/python3 -W ignore:setup.py install is deprecated setup.py egg_info --egg-base ../../build/wheel_controller build --build-base /home/dora/dora_ros2_ws/robot_ws/build/wheel_controller/build install --record /home/dora/dora_ros2_ws/robot_ws/build/wheel_controller/install.log --single-version-externally-managed install_data
[3.963s] running egg_info
[3.966s] writing ../../build/wheel_controller/wheel_controller.egg-info/PKG-INFO
[3.967s] writing dependency_links to ../../build/wheel_controller/wheel_controller.egg-info/dependency_links.txt
[3.968s] writing entry points to ../../build/wheel_controller/wheel_controller.egg-info/entry_points.txt
[3.969s] writing requirements to ../../build/wheel_controller/wheel_controller.egg-info/requires.txt
[3.970s] writing top-level names to ../../build/wheel_controller/wheel_controller.egg-info/top_level.txt
[3.977s] reading manifest file '../../build/wheel_controller/wheel_controller.egg-info/SOURCES.txt'
[3.983s] writing manifest file '../../build/wheel_controller/wheel_controller.egg-info/SOURCES.txt'
[3.983s] running build
[3.984s] running build_py
[3.985s] running install
[3.987s] running install_lib
[3.992s] running install_data
[3.993s] running install_egg_info
[4.000s] removing '/home/dora/dora_ros2_ws/robot_ws/install/wheel_controller/lib/python3.10/site-packages/wheel_controller-0.0.0-py3.10.egg-info' (and everything under it)
[4.001s] Copying ../../build/wheel_controller/wheel_controller.egg-info to /home/dora/dora_ros2_ws/robot_ws/install/wheel_controller/lib/python3.10/site-packages/wheel_controller-0.0.0-py3.10.egg-info
[4.009s] running install_scripts
[4.087s] Installing wheel_controller script to /home/dora/dora_ros2_ws/robot_ws/install/wheel_controller/lib/wheel_controller
[4.088s] writing list of installed files to '/home/dora/dora_ros2_ws/robot_ws/build/wheel_controller/install.log'
[4.222s] Invoked command in '/home/dora/dora_ros2_ws/robot_ws/src/wheel_controller' returned '0': PYTHONPATH=/home/dora/dora_ros2_ws/robot_ws/build/wheel_controller/prefix_override:/usr/lib/python3/dist-packages/colcon_core/task/python/colcon_distutils_commands:/home/dora/dora_ros2_ws/robot_ws/install/wheel_controller/lib/python3.10/site-packages:${PYTHONPATH} /usr/bin/python3 -W ignore:setup.py install is deprecated setup.py egg_info --egg-base ../../build/wheel_controller build --build-base /home/dora/dora_ros2_ws/robot_ws/build/wheel_controller/build install --record /home/dora/dora_ros2_ws/robot_ws/build/wheel_controller/install.log --single-version-externally-managed install_data
