[4.152s] Invoking command in '/home/dora/dora_ros2_ws/robot_ws/src/velocity_controller': PYTHONPATH=/home/dora/dora_ros2_ws/robot_ws/build/velocity_controller/prefix_override:/usr/lib/python3/dist-packages/colcon_core/task/python/colcon_distutils_commands:/home/dora/dora_ros2_ws/robot_ws/install/velocity_controller/lib/python3.10/site-packages:${PYTHONPATH} /usr/bin/python3 -W ignore:setup.py install is deprecated setup.py egg_info --egg-base ../../build/velocity_controller build --build-base /home/dora/dora_ros2_ws/robot_ws/build/velocity_controller/build install --record /home/dora/dora_ros2_ws/robot_ws/build/velocity_controller/install.log --single-version-externally-managed install_data
[6.189s] running egg_info
[6.191s] writing ../../build/velocity_controller/velocity_controller.egg-info/PKG-INFO
[6.196s] writing dependency_links to ../../build/velocity_controller/velocity_controller.egg-info/dependency_links.txt
[6.197s] writing entry points to ../../build/velocity_controller/velocity_controller.egg-info/entry_points.txt
[6.197s] writing requirements to ../../build/velocity_controller/velocity_controller.egg-info/requires.txt
[6.198s] writing top-level names to ../../build/velocity_controller/velocity_controller.egg-info/top_level.txt
[6.205s] reading manifest file '../../build/velocity_controller/velocity_controller.egg-info/SOURCES.txt'
[6.210s] writing manifest file '../../build/velocity_controller/velocity_controller.egg-info/SOURCES.txt'
[6.211s] running build
[6.212s] running build_py
[6.213s] running install
[6.214s] running install_lib
[6.221s] running install_data
[6.222s] running install_egg_info
[6.235s] removing '/home/dora/dora_ros2_ws/robot_ws/install/velocity_controller/lib/python3.10/site-packages/velocity_controller-0.0.0-py3.10.egg-info' (and everything under it)
[6.239s] Copying ../../build/velocity_controller/velocity_controller.egg-info to /home/dora/dora_ros2_ws/robot_ws/install/velocity_controller/lib/python3.10/site-packages/velocity_controller-0.0.0-py3.10.egg-info
[6.260s] running install_scripts
[6.388s] Installing velocity_controller script to /home/dora/dora_ros2_ws/robot_ws/install/velocity_controller/lib/velocity_controller
[6.392s] writing list of installed files to '/home/dora/dora_ros2_ws/robot_ws/build/velocity_controller/install.log'
[6.574s] Invoked command in '/home/dora/dora_ros2_ws/robot_ws/src/velocity_controller' returned '0': PYTHONPATH=/home/dora/dora_ros2_ws/robot_ws/build/velocity_controller/prefix_override:/usr/lib/python3/dist-packages/colcon_core/task/python/colcon_distutils_commands:/home/dora/dora_ros2_ws/robot_ws/install/velocity_controller/lib/python3.10/site-packages:${PYTHONPATH} /usr/bin/python3 -W ignore:setup.py install is deprecated setup.py egg_info --egg-base ../../build/velocity_controller build --build-base /home/dora/dora_ros2_ws/robot_ws/build/velocity_controller/build install --record /home/dora/dora_ros2_ws/robot_ws/build/velocity_controller/install.log --single-version-externally-managed install_data
