[0.056s] Invoking command in '/home/dora/dora_ros2_ws/robot_ws/build/rplidar_ros': CMAKE_PREFIX_PATH=/home/dora/dora_ros2_ws/robot_ws/install/wheel_controller:/home/dora/dora_ros2_ws/robot_ws/install/velocity_controller:/home/dora/dora_ros2_ws/robot_ws/install/serial_coms:/home/dora/dora_ros2_ws/robot_ws/install/my_package:/home/dora/dora_ros2_ws/robot_ws/install/mecanum_controller:/home/dora/dora_ros2_ws/robot_ws/install/encoder_odometrytest:/home/dora/dora_ros2_ws/robot_ws/install/encoder_odometry:/opt/ros/humble:${CMAKE_PREFIX_PATH} /usr/bin/cmake --build /home/dora/dora_ros2_ws/robot_ws/build/rplidar_ros -- -j4 -l4
[0.234s] [0mCMake Error: The current CMakeCache.txt directory /home/dora/dora_ros2_ws/robot_ws/build/rplidar_ros/CMakeCache.txt is different than the directory /home/dora/robot_ws/build/rplidar_ros where CMakeCache.txt was created. This may result in binaries being created in the wrong place. If you are not sure, reedit the CMakeCache.txt[0m
[0.476s] -- Found ament_cmake: 1.3.10 (/opt/ros/humble/share/ament_cmake/cmake)
[1.183s] -- Found rclcpp: 16.0.10 (/opt/ros/humble/share/rclcpp/cmake)
[1.404s] -- Found rosidl_generator_c: 3.1.5 (/opt/ros/humble/share/rosidl_generator_c/cmake)
[1.421s] -- Found rosidl_adapter: 3.1.5 (/opt/ros/humble/share/rosidl_adapter/cmake)
[1.458s] -- Found rosidl_generator_cpp: 3.1.5 (/opt/ros/humble/share/rosidl_generator_cpp/cmake)
[1.519s] -- Using all available rosidl_typesupport_c: rosidl_typesupport_fastrtps_c;rosidl_typesupport_introspection_c
[1.591s] -- Using all available rosidl_typesupport_cpp: rosidl_typesupport_fastrtps_cpp;rosidl_typesupport_introspection_cpp
[1.785s] -- Found rmw_implementation_cmake: 6.1.2 (/opt/ros/humble/share/rmw_implementation_cmake/cmake)
[1.796s] -- Found rmw_fastrtps_cpp: 6.2.7 (/opt/ros/humble/share/rmw_fastrtps_cpp/cmake)
[2.660s] -- Using RMW implementation 'rmw_fastrtps_cpp' as default
[2.926s] -- Found sensor_msgs: 4.2.4 (/opt/ros/humble/share/sensor_msgs/cmake)
[3.083s] -- Found std_srvs: 4.2.4 (/opt/ros/humble/share/std_srvs/cmake)
[3.490s] -- Configuring done
[3.638s] -- Generating done
[3.649s] -- Build files have been written to: /home/dora/robot_ws/build/rplidar_ros
[3.804s] [35m[1mConsolidate compiler generated dependencies of target rplidar_client[0m
[3.838s] [35m[1mConsolidate compiler generated dependencies of target rplidar_node[0m
[3.846s] [35m[1mConsolidate compiler generated dependencies of target rplidar_composition[0m
[3.945s] [  5%] Built target rplidar_client
[4.010s] [ 52%] Built target rplidar_node
[4.020s] [100%] Built target rplidar_composition
[4.061s] Invoked command in '/home/dora/dora_ros2_ws/robot_ws/build/rplidar_ros' returned '0': CMAKE_PREFIX_PATH=/home/dora/dora_ros2_ws/robot_ws/install/wheel_controller:/home/dora/dora_ros2_ws/robot_ws/install/velocity_controller:/home/dora/dora_ros2_ws/robot_ws/install/serial_coms:/home/dora/dora_ros2_ws/robot_ws/install/my_package:/home/dora/dora_ros2_ws/robot_ws/install/mecanum_controller:/home/dora/dora_ros2_ws/robot_ws/install/encoder_odometrytest:/home/dora/dora_ros2_ws/robot_ws/install/encoder_odometry:/opt/ros/humble:${CMAKE_PREFIX_PATH} /usr/bin/cmake --build /home/dora/dora_ros2_ws/robot_ws/build/rplidar_ros -- -j4 -l4
[4.582s] Invoking command in '/home/dora/dora_ros2_ws/robot_ws/build/rplidar_ros': CMAKE_PREFIX_PATH=/home/dora/dora_ros2_ws/robot_ws/install/wheel_controller:/home/dora/dora_ros2_ws/robot_ws/install/velocity_controller:/home/dora/dora_ros2_ws/robot_ws/install/serial_coms:/home/dora/dora_ros2_ws/robot_ws/install/my_package:/home/dora/dora_ros2_ws/robot_ws/install/mecanum_controller:/home/dora/dora_ros2_ws/robot_ws/install/encoder_odometrytest:/home/dora/dora_ros2_ws/robot_ws/install/encoder_odometry:/opt/ros/humble:${CMAKE_PREFIX_PATH} /usr/bin/cmake --install /home/dora/dora_ros2_ws/robot_ws/build/rplidar_ros
[4.611s] -- Install configuration: ""
[4.612s] -- Up-to-date: /home/dora/robot_ws/install/rplidar_ros/share/rplidar_ros/launch
[4.614s] -- Up-to-date: /home/dora/robot_ws/install/rplidar_ros/share/rplidar_ros/launch/rplidar_a2m12.launch
[4.614s] -- Up-to-date: /home/dora/robot_ws/install/rplidar_ros/share/rplidar_ros/launch/rplidar_a1.launch
[4.615s] -- Up-to-date: /home/dora/robot_ws/install/rplidar_ros/share/rplidar_ros/launch/rplidar_c1.launch
[4.616s] -- Up-to-date: /home/dora/robot_ws/install/rplidar_ros/share/rplidar_ros/launch/view_rplidar_s2e_launch.py
[4.616s] -- Up-to-date: /home/dora/robot_ws/install/rplidar_ros/share/rplidar_ros/launch/view_rplidar_s1_launch.py
[4.617s] -- Up-to-date: /home/dora/robot_ws/install/rplidar_ros/share/rplidar_ros/launch/rplidar_a1_launch.py
[4.617s] -- Up-to-date: /home/dora/robot_ws/install/rplidar_ros/share/rplidar_ros/launch/view_rplidar_s2.launch
[4.617s] -- Up-to-date: /home/dora/robot_ws/install/rplidar_ros/share/rplidar_ros/launch/rplidar_a2m8_launch.py
[4.618s] -- Up-to-date: /home/dora/robot_ws/install/rplidar_ros/share/rplidar_ros/launch/rplidar_c1_launch.py
[4.619s] -- Up-to-date: /home/dora/robot_ws/install/rplidar_ros/share/rplidar_ros/launch/view_rplidar_s3.launch
[4.619s] -- Up-to-date: /home/dora/robot_ws/install/rplidar_ros/share/rplidar_ros/launch/view_rplidar_a1_launch.py
[4.620s] -- Up-to-date: /home/dora/robot_ws/install/rplidar_ros/share/rplidar_ros/launch/rplidar_s1_launch.py
[4.620s] -- Up-to-date: /home/dora/robot_ws/install/rplidar_ros/share/rplidar_ros/launch/view_rplidar_s2_launch.py
[4.621s] -- Up-to-date: /home/dora/robot_ws/install/rplidar_ros/share/rplidar_ros/launch/view_rplidar_a3_launch.py
[4.621s] -- Up-to-date: /home/dora/robot_ws/install/rplidar_ros/share/rplidar_ros/launch/test_rplidar.launch
[4.622s] -- Up-to-date: /home/dora/robot_ws/install/rplidar_ros/share/rplidar_ros/launch/view_rplidar_a2m12.launch
[4.623s] -- Up-to-date: /home/dora/robot_ws/install/rplidar_ros/share/rplidar_ros/launch/view_rplidar_s3_launch.py
[4.623s] -- Up-to-date: /home/dora/robot_ws/install/rplidar_ros/share/rplidar_ros/launch/view_rplidar_c1_launch.py
[4.624s] -- Up-to-date: /home/dora/robot_ws/install/rplidar_ros/share/rplidar_ros/launch/rplidar_s1_tcp.launch
[4.624s] -- Up-to-date: /home/dora/robot_ws/install/rplidar_ros/share/rplidar_ros/launch/view_rplidar_a3.launch
[4.625s] -- Up-to-date: /home/dora/robot_ws/install/rplidar_ros/share/rplidar_ros/launch/rplidar_s3_launch.py
[4.625s] -- Up-to-date: /home/dora/robot_ws/install/rplidar_ros/share/rplidar_ros/launch/rplidar_s1_tcp_launch.py
[4.626s] -- Up-to-date: /home/dora/robot_ws/install/rplidar_ros/share/rplidar_ros/launch/rplidar_s2e.launch
[4.626s] -- Up-to-date: /home/dora/robot_ws/install/rplidar_ros/share/rplidar_ros/launch/rplidar_s2e_launch.py
[4.627s] -- Up-to-date: /home/dora/robot_ws/install/rplidar_ros/share/rplidar_ros/launch/rplidar_s3.launch
[4.627s] -- Up-to-date: /home/dora/robot_ws/install/rplidar_ros/share/rplidar_ros/launch/view_rplidar_a2m7.launch
[4.628s] -- Up-to-date: /home/dora/robot_ws/install/rplidar_ros/share/rplidar_ros/launch/rplidar_a2m7.launch
[4.628s] -- Up-to-date: /home/dora/robot_ws/install/rplidar_ros/share/rplidar_ros/launch/rplidar_s2_launch.py
[4.628s] -- Up-to-date: /home/dora/robot_ws/install/rplidar_ros/share/rplidar_ros/launch/view_rplidar_a2m12_launch.py
[4.629s] -- Up-to-date: /home/dora/robot_ws/install/rplidar_ros/share/rplidar_ros/launch/test_rplidar_a3.launch
[4.630s] -- Up-to-date: /home/dora/robot_ws/install/rplidar_ros/share/rplidar_ros/launch/rplidar_a2m7_launch.py
[4.630s] -- Up-to-date: /home/dora/robot_ws/install/rplidar_ros/share/rplidar_ros/launch/view_rplidar_s1.launch
[4.631s] -- Up-to-date: /home/dora/robot_ws/install/rplidar_ros/share/rplidar_ros/launch/view_rplidar_a1.launch
[4.631s] -- Up-to-date: /home/dora/robot_ws/install/rplidar_ros/share/rplidar_ros/launch/view_rplidar_s2e.launch
[4.632s] -- Up-to-date: /home/dora/robot_ws/install/rplidar_ros/share/rplidar_ros/launch/view_rplidar_s1_tcp.launch
[4.632s] -- Up-to-date: /home/dora/robot_ws/install/rplidar_ros/share/rplidar_ros/launch/view_rplidar_a2m7_launch.py
[4.632s] -- Up-to-date: /home/dora/robot_ws/install/rplidar_ros/share/rplidar_ros/launch/view_rplidar_t1_launch.py
[4.633s] -- Up-to-date: /home/dora/robot_ws/install/rplidar_ros/share/rplidar_ros/launch/rplidar_a2m8.launch
[4.633s] -- Up-to-date: /home/dora/robot_ws/install/rplidar_ros/share/rplidar_ros/launch/rplidar_a2m12_launch.py
[4.634s] -- Up-to-date: /home/dora/robot_ws/install/rplidar_ros/share/rplidar_ros/launch/rplidar_s2.launch
[4.634s] -- Up-to-date: /home/dora/robot_ws/install/rplidar_ros/share/rplidar_ros/launch/rplidar_s1.launch
[4.635s] -- Up-to-date: /home/dora/robot_ws/install/rplidar_ros/share/rplidar_ros/launch/view_rplidar_a2m8_launch.py
[4.635s] -- Up-to-date: /home/dora/robot_ws/install/rplidar_ros/share/rplidar_ros/launch/rplidar_t1.launch
[4.636s] -- Up-to-date: /home/dora/robot_ws/install/rplidar_ros/share/rplidar_ros/launch/rplidar_a3_launch.py
[4.636s] -- Up-to-date: /home/dora/robot_ws/install/rplidar_ros/share/rplidar_ros/launch/rplidar_a3.launch
[4.637s] -- Up-to-date: /home/dora/robot_ws/install/rplidar_ros/share/rplidar_ros/launch/view_rplidar_t1.launch
[4.637s] -- Up-to-date: /home/dora/robot_ws/install/rplidar_ros/share/rplidar_ros/launch/view_rplidar_s1_tcp_launch.py
[4.637s] -- Up-to-date: /home/dora/robot_ws/install/rplidar_ros/share/rplidar_ros/launch/view_rplidar_a2m8.launch
[4.638s] -- Up-to-date: /home/dora/robot_ws/install/rplidar_ros/share/rplidar_ros/launch/rplidar_t1_launch.py
[4.638s] -- Up-to-date: /home/dora/robot_ws/install/rplidar_ros/share/rplidar_ros/launch/view_rplidar_c1.launch
[4.638s] -- Up-to-date: /home/dora/robot_ws/install/rplidar_ros/share/rplidar_ros/rviz
[4.639s] -- Up-to-date: /home/dora/robot_ws/install/rplidar_ros/share/rplidar_ros/rviz/rplidar_ros.rviz
[4.639s] -- Up-to-date: /home/dora/robot_ws/install/rplidar_ros/share/rplidar_ros/rviz/rplidar.rviz
[4.639s] -- Up-to-date: /home/dora/robot_ws/install/rplidar_ros/lib/rplidar_ros/rplidar_node
[4.641s] -- Up-to-date: /home/dora/robot_ws/install/rplidar_ros/lib/rplidar_ros/rplidar_composition
[4.645s] -- Up-to-date: /home/dora/robot_ws/install/rplidar_ros/lib/rplidar_ros/rplidar_client
[4.647s] -- Up-to-date: /home/dora/robot_ws/install/rplidar_ros/share/ament_index/resource_index/package_run_dependencies/rplidar_ros
[4.647s] -- Up-to-date: /home/dora/robot_ws/install/rplidar_ros/share/ament_index/resource_index/parent_prefix_path/rplidar_ros
[4.648s] -- Up-to-date: /home/dora/robot_ws/install/rplidar_ros/share/rplidar_ros/environment/ament_prefix_path.sh
[4.649s] -- Installing: /home/dora/robot_ws/install/rplidar_ros/share/rplidar_ros/environment/ament_prefix_path.dsv
[4.650s] -- Up-to-date: /home/dora/robot_ws/install/rplidar_ros/share/rplidar_ros/environment/path.sh
[4.651s] -- Installing: /home/dora/robot_ws/install/rplidar_ros/share/rplidar_ros/environment/path.dsv
[4.652s] -- Up-to-date: /home/dora/robot_ws/install/rplidar_ros/share/rplidar_ros/local_setup.bash
[4.652s] -- Up-to-date: /home/dora/robot_ws/install/rplidar_ros/share/rplidar_ros/local_setup.sh
[4.653s] -- Up-to-date: /home/dora/robot_ws/install/rplidar_ros/share/rplidar_ros/local_setup.zsh
[4.653s] -- Installing: /home/dora/robot_ws/install/rplidar_ros/share/rplidar_ros/local_setup.dsv
[4.654s] -- Installing: /home/dora/robot_ws/install/rplidar_ros/share/rplidar_ros/package.dsv
[4.657s] -- Up-to-date: /home/dora/robot_ws/install/rplidar_ros/share/ament_index/resource_index/packages/rplidar_ros
[4.657s] -- Up-to-date: /home/dora/robot_ws/install/rplidar_ros/share/rplidar_ros/cmake/ament_cmake_export_dependencies-extras.cmake
[4.658s] -- Up-to-date: /home/dora/robot_ws/install/rplidar_ros/share/rplidar_ros/cmake/ament_cmake_export_include_directories-extras.cmake
[4.658s] -- Up-to-date: /home/dora/robot_ws/install/rplidar_ros/share/rplidar_ros/cmake/rplidar_rosConfig.cmake
[4.659s] -- Up-to-date: /home/dora/robot_ws/install/rplidar_ros/share/rplidar_ros/cmake/rplidar_rosConfig-version.cmake
[4.659s] -- Up-to-date: /home/dora/robot_ws/install/rplidar_ros/share/rplidar_ros/package.xml
[4.666s] Invoked command in '/home/dora/dora_ros2_ws/robot_ws/build/rplidar_ros' returned '0': CMAKE_PREFIX_PATH=/home/dora/dora_ros2_ws/robot_ws/install/wheel_controller:/home/dora/dora_ros2_ws/robot_ws/install/velocity_controller:/home/dora/dora_ros2_ws/robot_ws/install/serial_coms:/home/dora/dora_ros2_ws/robot_ws/install/my_package:/home/dora/dora_ros2_ws/robot_ws/install/mecanum_controller:/home/dora/dora_ros2_ws/robot_ws/install/encoder_odometrytest:/home/dora/dora_ros2_ws/robot_ws/install/encoder_odometry:/opt/ros/humble:${CMAKE_PREFIX_PATH} /usr/bin/cmake --install /home/dora/dora_ros2_ws/robot_ws/build/rplidar_ros
