[2.473s] Invoking command in '/home/dora/dora_ros2_ws/robot_ws/build/rplidar_ros': CMAKE_PREFIX_PATH=/opt/ros/humble /usr/bin/cmake --build /home/dora/dora_ros2_ws/robot_ws/build/rplidar_ros -- -j4 -l4
[2.677s] [35m[1mConsolidate compiler generated dependencies of target rplidar_client[0m
[2.689s] [35m[1mConsolidate compiler generated dependencies of target rplidar_node[0m
[2.690s] [35m[1mConsolidate compiler generated dependencies of target rplidar_composition[0m
[2.914s] [  5%] Built target rplidar_client
[3.088s] [ 52%] Built target rplidar_composition
[3.147s] [100%] Built target rplidar_node
[4.256s] Invoked command in '/home/dora/dora_ros2_ws/robot_ws/build/rplidar_ros' returned '0': CMAKE_PREFIX_PATH=/opt/ros/humble /usr/bin/cmake --build /home/dora/dora_ros2_ws/robot_ws/build/rplidar_ros -- -j4 -l4
[6.135s] Invoking command in '/home/dora/dora_ros2_ws/robot_ws/build/rplidar_ros': CMAKE_PREFIX_PATH=/opt/ros/humble /usr/bin/cmake --install /home/dora/dora_ros2_ws/robot_ws/build/rplidar_ros
[6.182s] -- Install configuration: ""
[6.184s] -- Up-to-date: /home/dora/dora_ros2_ws/robot_ws/install/rplidar_ros/share/rplidar_ros/launch
[6.187s] -- Up-to-date: /home/dora/dora_ros2_ws/robot_ws/install/rplidar_ros/share/rplidar_ros/launch/view_rplidar_s2e_launch.py
[6.189s] -- Up-to-date: /home/dora/dora_ros2_ws/robot_ws/install/rplidar_ros/share/rplidar_ros/launch/view_rplidar_s1_launch.py
[6.192s] -- Up-to-date: /home/dora/dora_ros2_ws/robot_ws/install/rplidar_ros/share/rplidar_ros/launch/rplidar_a1_launch.py
[6.194s] -- Up-to-date: /home/dora/dora_ros2_ws/robot_ws/install/rplidar_ros/share/rplidar_ros/launch/rplidar_a2m8_launch.py
[6.196s] -- Up-to-date: /home/dora/dora_ros2_ws/robot_ws/install/rplidar_ros/share/rplidar_ros/launch/rplidar_c1_launch.py
[6.199s] -- Up-to-date: /home/dora/dora_ros2_ws/robot_ws/install/rplidar_ros/share/rplidar_ros/launch/view_rplidar_a1_launch.py
[6.202s] -- Up-to-date: /home/dora/dora_ros2_ws/robot_ws/install/rplidar_ros/share/rplidar_ros/launch/rplidar_s1_launch.py
[6.204s] -- Up-to-date: /home/dora/dora_ros2_ws/robot_ws/install/rplidar_ros/share/rplidar_ros/launch/view_rplidar_s2_launch.py
[6.209s] -- Up-to-date: /home/dora/dora_ros2_ws/robot_ws/install/rplidar_ros/share/rplidar_ros/launch/view_rplidar_a3_launch.py
[6.212s] -- Up-to-date: /home/dora/dora_ros2_ws/robot_ws/install/rplidar_ros/share/rplidar_ros/launch/view_rplidar_s3_launch.py
[6.215s] -- Up-to-date: /home/dora/dora_ros2_ws/robot_ws/install/rplidar_ros/share/rplidar_ros/launch/view_rplidar_c1_launch.py
[6.217s] -- Up-to-date: /home/dora/dora_ros2_ws/robot_ws/install/rplidar_ros/share/rplidar_ros/launch/rplidar_s3_launch.py
[6.220s] -- Up-to-date: /home/dora/dora_ros2_ws/robot_ws/install/rplidar_ros/share/rplidar_ros/launch/rplidar_s1_tcp_launch.py
[6.222s] -- Up-to-date: /home/dora/dora_ros2_ws/robot_ws/install/rplidar_ros/share/rplidar_ros/launch/rplidar_s2e_launch.py
[6.225s] -- Up-to-date: /home/dora/dora_ros2_ws/robot_ws/install/rplidar_ros/share/rplidar_ros/launch/rplidar_s2_launch.py
[6.226s] -- Up-to-date: /home/dora/dora_ros2_ws/robot_ws/install/rplidar_ros/share/rplidar_ros/launch/view_rplidar_a2m12_launch.py
[6.231s] -- Up-to-date: /home/dora/dora_ros2_ws/robot_ws/install/rplidar_ros/share/rplidar_ros/launch/rplidar_a2m7_launch.py
[6.232s] -- Up-to-date: /home/dora/dora_ros2_ws/robot_ws/install/rplidar_ros/share/rplidar_ros/launch/view_rplidar_a2m7_launch.py
[6.233s] -- Up-to-date: /home/dora/dora_ros2_ws/robot_ws/install/rplidar_ros/share/rplidar_ros/launch/view_rplidar_t1_launch.py
[6.233s] -- Up-to-date: /home/dora/dora_ros2_ws/robot_ws/install/rplidar_ros/share/rplidar_ros/launch/rplidar_a2m12_launch.py
[6.234s] -- Up-to-date: /home/dora/dora_ros2_ws/robot_ws/install/rplidar_ros/share/rplidar_ros/launch/view_rplidar_a2m8_launch.py
[6.244s] -- Up-to-date: /home/dora/dora_ros2_ws/robot_ws/install/rplidar_ros/share/rplidar_ros/launch/rplidar_a3_launch.py
[6.244s] -- Up-to-date: /home/dora/dora_ros2_ws/robot_ws/install/rplidar_ros/share/rplidar_ros/launch/view_rplidar_s1_tcp_launch.py
[6.245s] -- Up-to-date: /home/dora/dora_ros2_ws/robot_ws/install/rplidar_ros/share/rplidar_ros/launch/rplidar_t1_launch.py
[6.246s] -- Up-to-date: /home/dora/dora_ros2_ws/robot_ws/install/rplidar_ros/share/rplidar_ros/rviz
[6.247s] -- Up-to-date: /home/dora/dora_ros2_ws/robot_ws/install/rplidar_ros/share/rplidar_ros/rviz/rplidar_ros.rviz
[6.255s] -- Up-to-date: /home/dora/dora_ros2_ws/robot_ws/install/rplidar_ros/lib/rplidar_ros/rplidar_node
[6.255s] -- Up-to-date: /home/dora/dora_ros2_ws/robot_ws/install/rplidar_ros/lib/rplidar_ros/rplidar_composition
[6.261s] -- Up-to-date: /home/dora/dora_ros2_ws/robot_ws/install/rplidar_ros/lib/rplidar_ros/rplidar_client
[6.265s] -- Up-to-date: /home/dora/dora_ros2_ws/robot_ws/install/rplidar_ros/share/ament_index/resource_index/package_run_dependencies/rplidar_ros
[6.269s] -- Up-to-date: /home/dora/dora_ros2_ws/robot_ws/install/rplidar_ros/share/ament_index/resource_index/parent_prefix_path/rplidar_ros
[6.274s] -- Up-to-date: /home/dora/dora_ros2_ws/robot_ws/install/rplidar_ros/share/rplidar_ros/environment/ament_prefix_path.sh
[6.280s] -- Up-to-date: /home/dora/dora_ros2_ws/robot_ws/install/rplidar_ros/share/rplidar_ros/environment/ament_prefix_path.dsv
[6.285s] -- Up-to-date: /home/dora/dora_ros2_ws/robot_ws/install/rplidar_ros/share/rplidar_ros/environment/path.sh
[6.290s] -- Up-to-date: /home/dora/dora_ros2_ws/robot_ws/install/rplidar_ros/share/rplidar_ros/environment/path.dsv
[6.296s] -- Up-to-date: /home/dora/dora_ros2_ws/robot_ws/install/rplidar_ros/share/rplidar_ros/local_setup.bash
[6.299s] -- Up-to-date: /home/dora/dora_ros2_ws/robot_ws/install/rplidar_ros/share/rplidar_ros/local_setup.sh
[6.303s] -- Up-to-date: /home/dora/dora_ros2_ws/robot_ws/install/rplidar_ros/share/rplidar_ros/local_setup.zsh
[6.314s] -- Up-to-date: /home/dora/dora_ros2_ws/robot_ws/install/rplidar_ros/share/rplidar_ros/local_setup.dsv
[6.316s] -- Installing: /home/dora/dora_ros2_ws/robot_ws/install/rplidar_ros/share/rplidar_ros/package.dsv
[6.316s] -- Up-to-date: /home/dora/dora_ros2_ws/robot_ws/install/rplidar_ros/share/ament_index/resource_index/packages/rplidar_ros
[6.317s] -- Up-to-date: /home/dora/dora_ros2_ws/robot_ws/install/rplidar_ros/share/rplidar_ros/cmake/ament_cmake_export_dependencies-extras.cmake
[6.317s] -- Up-to-date: /home/dora/dora_ros2_ws/robot_ws/install/rplidar_ros/share/rplidar_ros/cmake/ament_cmake_export_include_directories-extras.cmake
[6.318s] -- Up-to-date: /home/dora/dora_ros2_ws/robot_ws/install/rplidar_ros/share/rplidar_ros/cmake/rplidar_rosConfig.cmake
[6.319s] -- Up-to-date: /home/dora/dora_ros2_ws/robot_ws/install/rplidar_ros/share/rplidar_ros/cmake/rplidar_rosConfig-version.cmake
[6.319s] -- Up-to-date: /home/dora/dora_ros2_ws/robot_ws/install/rplidar_ros/share/rplidar_ros/package.xml
[6.334s] Invoked command in '/home/dora/dora_ros2_ws/robot_ws/build/rplidar_ros' returned '0': CMAKE_PREFIX_PATH=/opt/ros/humble /usr/bin/cmake --install /home/dora/dora_ros2_ws/robot_ws/build/rplidar_ros
