[3.195s] Invoking command in '/home/dora/dora_ros2_ws/robot_ws/src/wheel_controller': PYTHONPATH=/home/dora/dora_ros2_ws/robot_ws/src/build/wheel_controller/prefix_override:/usr/lib/python3/dist-packages/colcon_core/task/python/colcon_distutils_commands:/home/dora/dora_ros2_ws/robot_ws/src/install/wheel_controller/lib/python3.10/site-packages:${PYTHONPATH} /usr/bin/python3 -W ignore:setup.py install is deprecated setup.py egg_info --egg-base ../build/wheel_controller build --build-base /home/dora/dora_ros2_ws/robot_ws/src/build/wheel_controller/build install --record /home/dora/dora_ros2_ws/robot_ws/src/build/wheel_controller/install.log --single-version-externally-managed install_data
[4.286s] running egg_info
[4.288s] creating ../build/wheel_controller/wheel_controller.egg-info
[4.289s] writing ../build/wheel_controller/wheel_controller.egg-info/PKG-INFO
[4.290s] writing dependency_links to ../build/wheel_controller/wheel_controller.egg-info/dependency_links.txt
[4.290s] writing entry points to ../build/wheel_controller/wheel_controller.egg-info/entry_points.txt
[4.291s] writing requirements to ../build/wheel_controller/wheel_controller.egg-info/requires.txt
[4.292s] writing top-level names to ../build/wheel_controller/wheel_controller.egg-info/top_level.txt
[4.293s] writing manifest file '../build/wheel_controller/wheel_controller.egg-info/SOURCES.txt'
[4.300s] reading manifest file '../build/wheel_controller/wheel_controller.egg-info/SOURCES.txt'
[4.304s] writing manifest file '../build/wheel_controller/wheel_controller.egg-info/SOURCES.txt'
[4.304s] running build
[4.305s] running build_py
[4.305s] creating /home/dora/dora_ros2_ws/robot_ws/src/build/wheel_controller/build
[4.306s] creating /home/dora/dora_ros2_ws/robot_ws/src/build/wheel_controller/build/lib
[4.306s] creating /home/dora/dora_ros2_ws/robot_ws/src/build/wheel_controller/build/lib/wheel_controller
[4.307s] copying wheel_controller/__init__.py -> /home/dora/dora_ros2_ws/robot_ws/src/build/wheel_controller/build/lib/wheel_controller
[4.307s] copying wheel_controller/wheel_controller.py -> /home/dora/dora_ros2_ws/robot_ws/src/build/wheel_controller/build/lib/wheel_controller
[4.308s] running install
[4.309s] running install_lib
[4.312s] creating /home/dora/dora_ros2_ws/robot_ws/src/install/wheel_controller/lib/python3.10/site-packages/wheel_controller
[4.312s] copying /home/dora/dora_ros2_ws/robot_ws/src/build/wheel_controller/build/lib/wheel_controller/__init__.py -> /home/dora/dora_ros2_ws/robot_ws/src/install/wheel_controller/lib/python3.10/site-packages/wheel_controller
[4.313s] copying /home/dora/dora_ros2_ws/robot_ws/src/build/wheel_controller/build/lib/wheel_controller/wheel_controller.py -> /home/dora/dora_ros2_ws/robot_ws/src/install/wheel_controller/lib/python3.10/site-packages/wheel_controller
[4.316s] byte-compiling /home/dora/dora_ros2_ws/robot_ws/src/install/wheel_controller/lib/python3.10/site-packages/wheel_controller/__init__.py to __init__.cpython-310.pyc
[4.317s] byte-compiling /home/dora/dora_ros2_ws/robot_ws/src/install/wheel_controller/lib/python3.10/site-packages/wheel_controller/wheel_controller.py to wheel_controller.cpython-310.pyc
[4.323s] running install_data
[4.324s] creating /home/dora/dora_ros2_ws/robot_ws/src/install/wheel_controller/share/ament_index
[4.324s] creating /home/dora/dora_ros2_ws/robot_ws/src/install/wheel_controller/share/ament_index/resource_index
[4.325s] creating /home/dora/dora_ros2_ws/robot_ws/src/install/wheel_controller/share/ament_index/resource_index/packages
[4.325s] copying resource/wheel_controller -> /home/dora/dora_ros2_ws/robot_ws/src/install/wheel_controller/share/ament_index/resource_index/packages
[4.325s] copying package.xml -> /home/dora/dora_ros2_ws/robot_ws/src/install/wheel_controller/share/wheel_controller
[4.326s] running install_egg_info
[4.333s] Copying ../build/wheel_controller/wheel_controller.egg-info to /home/dora/dora_ros2_ws/robot_ws/src/install/wheel_controller/lib/python3.10/site-packages/wheel_controller-0.0.0-py3.10.egg-info
[4.339s] running install_scripts
[4.415s] Installing wheel_controller script to /home/dora/dora_ros2_ws/robot_ws/src/install/wheel_controller/lib/wheel_controller
[4.417s] writing list of installed files to '/home/dora/dora_ros2_ws/robot_ws/src/build/wheel_controller/install.log'
[4.542s] Invoked command in '/home/dora/dora_ros2_ws/robot_ws/src/wheel_controller' returned '0': PYTHONPATH=/home/dora/dora_ros2_ws/robot_ws/src/build/wheel_controller/prefix_override:/usr/lib/python3/dist-packages/colcon_core/task/python/colcon_distutils_commands:/home/dora/dora_ros2_ws/robot_ws/src/install/wheel_controller/lib/python3.10/site-packages:${PYTHONPATH} /usr/bin/python3 -W ignore:setup.py install is deprecated setup.py egg_info --egg-base ../build/wheel_controller build --build-base /home/dora/dora_ros2_ws/robot_ws/src/build/wheel_controller/build install --record /home/dora/dora_ros2_ws/robot_ws/src/build/wheel_controller/install.log --single-version-externally-managed install_data
